<?xml version="1.0" encoding="UTF-8"?>
<testsuite name="com.shop.app.server.service.shoppingcontext.retail.OrderMainTestCase" tests="6" skipped="0" failures="0" errors="0" timestamp="2016-05-31T08:18:49" hostname="80b5cf2cf483" time="1.812">
  <properties/>
  <testcase name="test1Save" classname="com.shop.app.server.service.shoppingcontext.retail.OrderMainTestCase" time="0.563"/>
  <testcase name="test2Update" classname="com.shop.app.server.service.shoppingcontext.retail.OrderMainTestCase" time="0.133"/>
  <testcase name="test3FindById" classname="com.shop.app.server.service.shoppingcontext.retail.OrderMainTestCase" time="0.01"/>
  <testcase name="test3findByuserID" classname="com.shop.app.server.service.shoppingcontext.retail.OrderMainTestCase" time="0.01"/>
  <testcase name="test5NegativeTesting" classname="com.shop.app.server.service.shoppingcontext.retail.OrderMainTestCase" time="0.008"/>
  <testcase name="test6Delete" classname="com.shop.app.server.service.shoppingcontext.retail.OrderMainTestCase" time="1.087"/>
  <system-out><![CDATA[Tue May 31 08:18:49 UTC 2016|Log Manager Factory|Initialization Process started.....
Tue May 31 08:18:49 UTC 2016|Log Manager|Initialized with Path = [/home/applifire/workspace/klickakart/src/main/webapp/WEB-INF/conf]
Tue May 31 08:18:49 UTC 2016|Alarm Manager|Initialized with Path = [/home/applifire/workspace/klickakart/src/main/webapp/WEB-INF/conf]
Tue May 31 08:18:49 UTC 2016|Alarm Manager|Loading Alarms ......
Tue May 31 08:18:49 UTC 2016|Alarm XML Parser|FWA|XML Parsing Complete........ 
Tue May 31 08:18:49 UTC 2016|Alarm File Manager|FWA|Alarm File Status.. [ApplicationFrameworkAlarms.xml]|Version=15|Status=Done 
Tue May 31 08:18:49 UTC 2016|Alarm File Manager|FWA|Alarm Stats = ( BC/AL=4/564 SYS=4/10 [564/0]  TPL=0/0 [0/0]  APP= A.Map=[645]  E.Map EC/RC=[237/66] )
Tue May 31 08:18:49 UTC 2016|Alarm XML Parser|APP|XML Parsing Complete........ 
Tue May 31 08:18:49 UTC 2016|Alarm File Manager|APP|Alarm File Status.. [ApplicationAlarms.xml]|Version=1|Status=Done 
Tue May 31 08:18:49 UTC 2016|Alarm File Manager|APP|Alarm Stats = ( BC/AL=5/648 SYS=4/10 [564/0]  TPL=0/0 [0/0]  APP=1/1 [84/0]  A.Map=[729]  E.Map EC/RC=[289/78] )
Tue May 31 08:18:49 UTC 2016|ApplicationAlarmContext| <><><><><> Create App Alarms ....  <><><><><> 
Tue May 31 08:18:49 UTC 2016|ApplicationAlarmContext|Alarms are generated ONLY in Development Mode.. 
Tue May 31 08:18:49 UTC 2016|Alarm Manager|APP|Alarm Stats = ( BC/AL=5/648 SYS=4/10 [564/0]  TPL=0/0 [0/0]  APP=1/1 [84/0]  A.Map=[729]  E.Map EC/RC=[289/78] )
Tue May 31 08:18:49 UTC 2016|Alarm Manager|Initialized Exception Lookup...
Tue May 31 08:18:49 UTC 2016|Log Manager|Initialize Log Config File ......
Tue May 31 08:18:49 UTC 2016|Pluggable Connectors|Adding Connectors : StandardOutputConnector isEnabled=true isDefault=false isFallBack=true
Tue May 31 08:18:49 UTC 2016|Pluggable Connectors|Adding Connectors : StandardFileConnector isEnabled=true isDefault=false isFallBack=false
Tue May 31 08:18:49 UTC 2016|Pluggable Connectors|Adding Connectors : Sprinkler isEnabled=true isDefault=true isFallBack=false
Tue May 31 08:18:49 UTC 2016|Pluggable Connectors|Default Connector Name : com.spartan.logger.core.LogMessenger
Tue May 31 08:18:49 UTC 2016|Log Config Parser|Connector Least Log Level =[4]  FallBack Log Level =[3]
Tue May 31 08:18:49 UTC 2016|Log Manager|Loading Default Connector for Logging ......
Tue May 31 08:18:49 UTC 2016|Log Manager|Loading class .. com.spartan.logger.core.LogMessenger
Tue May 31 08:18:49 UTC 2016|Plugggable Connector|Connector class com.spartan.logger.core.LogMessenger Initialized... @ Log Level = 3
Tue May 31 08:18:49 UTC 2016|Log Manager|Starting the Default Connector [com.spartan.logger.core.LogMessenger@7f6cb865] ....
Tue May 31 08:18:49 UTC 2016|Scheduler|Starting the Scheduler ......
Tue May 31 08:18:49 UTC 2016|Scheduler|Adding [LMID=[cec1f73d-ea8d-42b0-91cc-bf294742eedc]] Delay=5 Time Unit=MINUTES
Tue May 31 08:18:49 UTC 2016|Scheduler|Adding [App Alarm Manager File=[ApplicationAlarms.xml]] Delay=30 Time Unit=MINUTES
Tue May 31 08:18:49 UTC 2016|Scheduler|Adding [FW Alarm Manager File=[ApplicationFrameworkAlarms.xml]] Delay=3 Time Unit=MINUTES
Tue May 31 08:18:49 UTC 2016|Scheduler|Startup Completed..
Tue May 31 08:18:49 UTC 2016|Log Manager|Initialization Process Complete ......
Tue May 31 08:18:49 UTC 2016|Log Manager Factory|Log Manager READY! ID = cec1f73d-ea8d-42b0-91cc-bf294742eedc
[EL Fine]: sql: 2016-05-31 08:18:49.733--ClientSession(2126227488)--Connection(2132324337)--Thread(Thread[Test worker,5,main])--INSERT INTO ast_UserAccessDomain_M (userAccessDomainId, domainDescription, domainHelp, domainIcon, domainName, userAccessDomain, versionId, createdBy, createdDate, updatedBy, updatedDate, activeStatus, txnAccessCode) VALUES (?, ?, ?, ?, ?, ?, ?, ?, ?, ?, ?, ?, ?)
	bind => [FE48C434-88E6-4E62-A1BD-3D54BACC9071, IHhtIbXFBaHJeUHXOqGpeOdiaG9PbtPZFYHDgSQyQViX3sHibk, qpyauiTrg1ZqnAxMIdbmQCW4ElDQoym0eV8oOwNAeqeOyEY6Lu, T3zDQaROlrAyKoTf8zpocgmdTQcOvvpeUXjHnoEHzOn7ZTOb0Z, KSnN8gkioeVXkhOGx8067ByHNmmWZqvbbOUiJmXE7oXfOABv87, 69081, 1, AAAAA, 2016-05-31 08:18:49.728, AAAAA, 2016-05-31 08:18:49.728, 1, 51000]
[EL Fine]: sql: 2016-05-31 08:18:49.805--ClientSession(278924287)--Connection(2132324337)--Thread(Thread[Test worker,5,main])--INSERT INTO ast_UserAccessLevel_M (userAccessLevelId, levelDescription, levelHelp, levelIcon, levelName, userAccessLevel, versionId, createdBy, createdDate, updatedBy, updatedDate, activeStatus, txnAccessCode) VALUES (?, ?, ?, ?, ?, ?, ?, ?, ?, ?, ?, ?, ?)
	bind => [2399F094-F257-491F-BDD2-E674DE89945E, uB9Y5iCTuNGjWi6v4cM0ftEdita8W77NVKVWJERv2ZHJYwli82, PjwU5DU9PYPLG9qWeLKsgcW1QaQ7WC3kxqaRFqHzuc4OeHZQwQ, LVuGGXVpJgUJbTRHgfFZPvABPf9RMFx9qGsY3lfneReChOJNH9, ttSLVvHXhM9cPIpY3Rts6kBZaAh0Oadnpszl1Yw2wGQUOXwFo8, 10678, 1, AAAAA, 2016-05-31 08:18:49.801, AAAAA, 2016-05-31 08:18:49.801, 1, 51000]
[EL Fine]: sql: 2016-05-31 08:18:49.85--ClientSession(1610123905)--Connection(2132324337)--Thread(Thread[Test worker,5,main])--INSERT INTO ast_Question_M (questionId, levelid, question, questionDetails, questionIcon, versionId, createdBy, createdDate, updatedBy, updatedDate, activeStatus, txnAccessCode) VALUES (?, ?, ?, ?, ?, ?, ?, ?, ?, ?, ?, ?)
	bind => [84AA7A9C-6E31-4025-B7F4-DB6C60BB00EB, 1, G1h6039GiYWYSU2QE4b8pCiz8cFpqhFKFTfcU8Qp6TieImvdkM, 7EMIeXyITx, 0oEZGA4oFtaIcbw2CLiYMXizvVHJboPeN4NmR64EKC3F2xxR3E, 1, AAAAA, 2016-05-31 08:18:49.846, AAAAA, 2016-05-31 08:18:49.846, 1, 51000]
[EL Fine]: sql: 2016-05-31 08:18:49.908--ClientSession(817546788)--Connection(2132324337)--Thread(Thread[Test worker,5,main])--INSERT INTO ast_User_T (userId, allowMultipleLogin, changePasswordNextLogin, genTempOneTimePassword, isDeleted, isLocked, lastPasswordChangeDate, multiFactorAuthEnabled, passwordAlgo, passwordExpiryDate, sessionTimeout, userAccessCode, userAccessDomainId, userAccessLevelId, versionId, createdBy, createdDate, updatedBy, updatedDate, activeStatus, txnAccessCode) VALUES (?, ?, ?, ?, ?, ?, ?, ?, ?, ?, ?, ?, ?, ?, ?, ?, ?, ?, ?, ?, ?)
	bind => [98009E0D-6A1D-4D43-99F1-A33EE75CED20, 1, 1, 1, 1, 1, 2016-05-30 10:10:17.727, 1, Z6eroDKGbBNmV9LkCxR04sBcspLd7eSY4reMrRIlVg9s7pyVXb, 2016-05-30 10:10:17.727, 2777, 33657, FE48C434-88E6-4E62-A1BD-3D54BACC9071, 2399F094-F257-491F-BDD2-E674DE89945E, 1, AAAAA, 2016-05-31 08:18:49.728, AAAAA, 2016-05-31 08:18:49.728, 1, 51000]
[EL Fine]: sql: 2016-05-31 08:18:49.91--ClientSession(817546788)--Connection(2132324337)--Thread(Thread[Test worker,5,main])--INSERT INTO ast_PassRecovery_TP (passRecoveryId, answer, questionId, versionId, createdBy, createdDate, updatedBy, updatedDate, activeStatus, txnAccessCode, userId) VALUES (?, ?, ?, ?, ?, ?, ?, ?, ?, ?, ?)
	bind => [9A9584B1-B128-4F7D-81F8-258335657F6F, tB6lzSQhYCKmfRm2lheUqBJoetXOyXnFF2hEIvm0lCCOy5AthP, 84AA7A9C-6E31-4025-B7F4-DB6C60BB00EB, 1, AAAAA, 2016-05-31 08:18:49.846, AAAAA, 2016-05-31 08:18:49.846, 1, 51000, 98009E0D-6A1D-4D43-99F1-A33EE75CED20]
[EL Fine]: sql: 2016-05-31 08:18:49.913--ClientSession(817546788)--Connection(2132324337)--Thread(Thread[Test worker,5,main])--INSERT INTO ast_UserData_TP (userDataId, last5Passwords, oneTimePassword, oneTimePasswordExpiry, oneTimePasswordGenDate, password, versionId, createdBy, createdDate, updatedBy, updatedDate, activeStatus, txnAccessCode, userId) VALUES (?, ?, ?, ?, ?, ?, ?, ?, ?, ?, ?, ?, ?, ?)
	bind => [55C6269F-F9C4-4AA7-8620-BFAC805F9CDB, 30bvUnJOs6Vfi86ZBRITboQTIwqSrOsIOnHR9TE4LCfnpFe5BH, PyhIOQ9b86YNtHCN90ryGbn0tmziu1ne, 6, 2016-05-30 10:10:17.921, gB4skUwOMfgbXBqOHw9R8JhK9BxW2PFMy2Iw9s1WDLsYW2dWdI, 1, AAAAA, 2016-05-31 08:18:49.891, AAAAA, 2016-05-31 08:18:49.891, 1, 51000, 98009E0D-6A1D-4D43-99F1-A33EE75CED20]
[EL Fine]: sql: 2016-05-31 08:18:49.994--ClientSession(1967324997)--Connection(2132324337)--Thread(Thread[Test worker,5,main])--INSERT INTO ast_Product_M (productId, productDesc, versionId, createdBy, createdDate, updatedBy, updatedDate, activeStatus, txnAccessCode) VALUES (?, ?, ?, ?, ?, ?, ?, ?, ?)
	bind => [93272D57-453A-4CDD-8D4E-E57B78ABC4BF, bvlzds3p8lSkuDu3hHARkTU0IUY3MGZHbRqTuL2ZenMeSAQoWG, 1, AAAAA, 2016-05-31 08:18:49.991, AAAAA, 2016-05-31 08:18:49.991, 1, 51000]
[EL Fine]: sql: 2016-05-31 08:18:50.082--ClientSession(2085478609)--Connection(2132324337)--Thread(Thread[Test worker,5,main])--INSERT INTO ast_Item_M (itemId, itemImg, itemName, itemPrice, itemStock, productId, versionId, createdBy, createdDate, updatedBy, updatedDate, activeStatus, txnAccessCode) VALUES (?, ?, ?, ?, ?, ?, ?, ?, ?, ?, ?, ?, ?)
	bind => [A15936B5-B99F-4655-9646-012BA84EA527, WqNBHWDwFvThQLBTpAiH3ZFWq17cwd92HdRWYPS5FWuWfLLeqh, FmdyNGTRfsti3alBhBVkQjZJ1SwKAnT4vk05sYOB8u027KNyKj, 1284.63, 223574147, 93272D57-453A-4CDD-8D4E-E57B78ABC4BF, 1, AAAAA, 2016-05-31 08:18:49.991, AAAAA, 2016-05-31 08:18:49.991, 1, 51000]
Setting logged in user info for ADD
Setting logged in user info for ADD
[EL Fine]: sql: 2016-05-31 08:18:50.139--ClientSession(1122396476)--Connection(2132324337)--Thread(Thread[Test worker,5,main])--INSERT INTO ast_OrderMain_T (orderId, grandTotal, orderDate, userID, versionId, createdBy, createdDate, updatedBy, updatedDate, activeStatus, txnAccessCode) VALUES (?, ?, ?, ?, ?, ?, ?, ?, ?, ?, ?)
	bind => [A26F2455-BA9E-40B3-BB36-2F94432DD560, 300.0, 2016-05-30 10:10:17.984, 98009E0D-6A1D-4D43-99F1-A33EE75CED20, 1, AAAAA, 2016-05-31 08:18:49.991, AAAAA, 2016-05-31 08:18:49.991, 1, 51000]
[EL Fine]: sql: 2016-05-31 08:18:50.14--ClientSession(1122396476)--Connection(2132324337)--Thread(Thread[Test worker,5,main])--INSERT INTO ast_OrderDetail_TP (detId, itemId, qty, subTotal, versionId, createdBy, createdDate, updatedBy, updatedDate, activeStatus, txnAccessCode, orderId) VALUES (?, ?, ?, ?, ?, ?, ?, ?, ?, ?, ?, ?)
	bind => [61C4A059-E486-44AE-BEB3-2F1E99B0EAF0, A15936B5-B99F-4655-9646-012BA84EA527, 2147483647, -830.0, 1, AAAAA, 2016-05-31 08:18:49.991, AAAAA, 2016-05-31 08:18:49.991, 1, 51000, A26F2455-BA9E-40B3-BB36-2F94432DD560]
[EL Fine]: sql: 2016-05-31 08:18:50.275--ClientSession(657228249)--Connection(2132324337)--Thread(Thread[Test worker,5,main])--SELECT orderId, grandTotal, orderDate, userID, versionId, createdBy, createdDate, updatedBy, updatedDate, activeStatus, txnAccessCode FROM ast_OrderMain_T WHERE ((activeStatus = ?) AND (orderId = ?))
	bind => [1, A26F2455-BA9E-40B3-BB36-2F94432DD560]
[EL Fine]: sql: 2016-05-31 08:18:50.277--ClientSession(657228249)--Connection(2132324337)--Thread(Thread[Test worker,5,main])--SELECT detId, itemId, qty, subTotal, versionId, createdBy, createdDate, updatedBy, updatedDate, activeStatus, txnAccessCode, orderId FROM ast_OrderDetail_TP WHERE (orderId = ?)
	bind => [A26F2455-BA9E-40B3-BB36-2F94432DD560]
Setting logged in user info for UPDATE
Setting logged in user info for UPDATE
[EL Fine]: sql: 2016-05-31 08:18:50.281--ClientSession(1907602568)--Connection(2132324337)--Thread(Thread[Test worker,5,main])--SELECT orderId, grandTotal, orderDate, userID, versionId, createdBy, createdDate, updatedBy, updatedDate, activeStatus, txnAccessCode FROM ast_OrderMain_T WHERE (orderId = ?)
	bind => [A26F2455-BA9E-40B3-BB36-2F94432DD560]
[EL Fine]: sql: 2016-05-31 08:18:50.282--ClientSession(1907602568)--Connection(2132324337)--Thread(Thread[Test worker,5,main])--SELECT detId, itemId, qty, subTotal, versionId, createdBy, createdDate, updatedBy, updatedDate, activeStatus, txnAccessCode, orderId FROM ast_OrderDetail_TP WHERE (orderId = ?)
	bind => [A26F2455-BA9E-40B3-BB36-2F94432DD560]
[EL Fine]: sql: 2016-05-31 08:18:50.285--ClientSession(1907602568)--Connection(2132324337)--Thread(Thread[Test worker,5,main])--UPDATE ast_OrderMain_T SET grandTotal = ?, orderDate = ?, versionId = ? WHERE ((orderId = ?) AND (versionId = ?))
	bind => [4100.0, 2016-05-30 10:10:18.148, 2, A26F2455-BA9E-40B3-BB36-2F94432DD560, 1]
[EL Fine]: sql: 2016-05-31 08:18:50.409--ClientSession(1441373100)--Connection(2132324337)--Thread(Thread[Test worker,5,main])--SELECT orderId, grandTotal, orderDate, userID, versionId, createdBy, createdDate, updatedBy, updatedDate, activeStatus, txnAccessCode FROM ast_OrderMain_T WHERE ((activeStatus = ?) AND (orderId = ?))
	bind => [1, A26F2455-BA9E-40B3-BB36-2F94432DD560]
[EL Fine]: sql: 2016-05-31 08:18:50.41--ClientSession(1441373100)--Connection(2132324337)--Thread(Thread[Test worker,5,main])--SELECT detId, itemId, qty, subTotal, versionId, createdBy, createdDate, updatedBy, updatedDate, activeStatus, txnAccessCode, orderId FROM ast_OrderDetail_TP WHERE (orderId = ?)
	bind => [A26F2455-BA9E-40B3-BB36-2F94432DD560]
[EL Fine]: sql: 2016-05-31 08:18:50.419--ClientSession(1250491146)--Connection(2132324337)--Thread(Thread[Test worker,5,main])--SELECT orderId, grandTotal, orderDate, userID, versionId, createdBy, createdDate, updatedBy, updatedDate, activeStatus, txnAccessCode FROM ast_OrderMain_T WHERE ((activeStatus = ?) AND (userID = ?))
	bind => [1, 98009E0D-6A1D-4D43-99F1-A33EE75CED20]
[EL Fine]: sql: 2016-05-31 08:18:50.42--ClientSession(1250491146)--Connection(2132324337)--Thread(Thread[Test worker,5,main])--SELECT detId, itemId, qty, subTotal, versionId, createdBy, createdDate, updatedBy, updatedDate, activeStatus, txnAccessCode, orderId FROM ast_OrderDetail_TP WHERE (orderId = ?)
	bind => [A26F2455-BA9E-40B3-BB36-2F94432DD560]
[EL Fine]: sql: 2016-05-31 08:18:50.44--ClientSession(1266584947)--Connection(2132324337)--Thread(Thread[Test worker,5,main])--SELECT orderId, grandTotal, orderDate, userID, versionId, createdBy, createdDate, updatedBy, updatedDate, activeStatus, txnAccessCode FROM ast_OrderMain_T WHERE (orderId = ?)
	bind => [A26F2455-BA9E-40B3-BB36-2F94432DD560]
[EL Fine]: sql: 2016-05-31 08:18:50.441--ClientSession(1266584947)--Connection(2132324337)--Thread(Thread[Test worker,5,main])--SELECT detId, itemId, qty, subTotal, versionId, createdBy, createdDate, updatedBy, updatedDate, activeStatus, txnAccessCode, orderId FROM ast_OrderDetail_TP WHERE (orderId = ?)
	bind => [A26F2455-BA9E-40B3-BB36-2F94432DD560]
[EL Fine]: sql: 2016-05-31 08:18:50.443--ClientSession(1266584947)--Connection(2132324337)--Thread(Thread[Test worker,5,main])--DELETE FROM ast_OrderDetail_TP WHERE ((detId = ?) AND (versionId = ?))
	bind => [61C4A059-E486-44AE-BEB3-2F1E99B0EAF0, 1]
[EL Fine]: sql: 2016-05-31 08:18:50.444--ClientSession(1266584947)--Connection(2132324337)--Thread(Thread[Test worker,5,main])--DELETE FROM ast_OrderMain_T WHERE ((orderId = ?) AND (versionId = ?))
	bind => [A26F2455-BA9E-40B3-BB36-2F94432DD560, 2]
[EL Fine]: sql: 2016-05-31 08:18:50.625--ClientSession(1935998448)--Connection(2132324337)--Thread(Thread[Test worker,5,main])--SELECT itemId, itemImg, itemName, itemPrice, itemStock, productId, versionId, createdBy, createdDate, updatedBy, updatedDate, activeStatus, txnAccessCode FROM ast_Item_M WHERE (itemId = ?)
	bind => [A15936B5-B99F-4655-9646-012BA84EA527]
[EL Fine]: sql: 2016-05-31 08:18:50.627--ClientSession(1935998448)--Connection(2132324337)--Thread(Thread[Test worker,5,main])--DELETE FROM ast_Item_M WHERE ((itemId = ?) AND (versionId = ?))
	bind => [A15936B5-B99F-4655-9646-012BA84EA527, 1]
[EL Fine]: sql: 2016-05-31 08:18:50.726--ClientSession(1771982498)--Connection(2132324337)--Thread(Thread[Test worker,5,main])--SELECT productId, productDesc, versionId, createdBy, createdDate, updatedBy, updatedDate, activeStatus, txnAccessCode FROM ast_Product_M WHERE (productId = ?)
	bind => [93272D57-453A-4CDD-8D4E-E57B78ABC4BF]
[EL Fine]: sql: 2016-05-31 08:18:50.727--ClientSession(1771982498)--Connection(2132324337)--Thread(Thread[Test worker,5,main])--DELETE FROM ast_Product_M WHERE ((productId = ?) AND (versionId = ?))
	bind => [93272D57-453A-4CDD-8D4E-E57B78ABC4BF, 1]
[EL Fine]: sql: 2016-05-31 08:18:50.857--ClientSession(1668861757)--Connection(2132324337)--Thread(Thread[Test worker,5,main])--SELECT userId, allowMultipleLogin, changePasswordNextLogin, genTempOneTimePassword, isDeleted, isLocked, lastPasswordChangeDate, multiFactorAuthEnabled, passwordAlgo, passwordExpiryDate, sessionTimeout, userAccessCode, userAccessDomainId, userAccessLevelId, versionId, createdBy, createdDate, updatedBy, updatedDate, activeStatus, txnAccessCode FROM ast_User_T WHERE (userId = ?)
	bind => [98009E0D-6A1D-4D43-99F1-A33EE75CED20]
[EL Fine]: sql: 2016-05-31 08:18:50.858--ClientSession(1668861757)--Connection(2132324337)--Thread(Thread[Test worker,5,main])--SELECT userDataId, last5Passwords, oneTimePassword, oneTimePasswordExpiry, oneTimePasswordGenDate, password, versionId, createdBy, createdDate, updatedBy, updatedDate, activeStatus, txnAccessCode, userId FROM ast_UserData_TP WHERE (userId = ?)
	bind => [98009E0D-6A1D-4D43-99F1-A33EE75CED20]
[EL Fine]: sql: 2016-05-31 08:18:50.86--ClientSession(1668861757)--Connection(2132324337)--Thread(Thread[Test worker,5,main])--SELECT passRecoveryId, answer, questionId, versionId, createdBy, createdDate, updatedBy, updatedDate, activeStatus, txnAccessCode, userId FROM ast_PassRecovery_TP WHERE (userId = ?)
	bind => [98009E0D-6A1D-4D43-99F1-A33EE75CED20]
[EL Fine]: sql: 2016-05-31 08:18:50.862--ClientSession(1668861757)--Connection(2132324337)--Thread(Thread[Test worker,5,main])--DELETE FROM ast_UserData_TP WHERE ((userDataId = ?) AND (versionId = ?))
	bind => [55C6269F-F9C4-4AA7-8620-BFAC805F9CDB, 1]
[EL Fine]: sql: 2016-05-31 08:18:50.863--ClientSession(1668861757)--Connection(2132324337)--Thread(Thread[Test worker,5,main])--DELETE FROM ast_PassRecovery_TP WHERE ((passRecoveryId = ?) AND (versionId = ?))
	bind => [9A9584B1-B128-4F7D-81F8-258335657F6F, 1]
[EL Fine]: sql: 2016-05-31 08:18:50.864--ClientSession(1668861757)--Connection(2132324337)--Thread(Thread[Test worker,5,main])--DELETE FROM ast_User_T WHERE ((userId = ?) AND (versionId = ?))
	bind => [98009E0D-6A1D-4D43-99F1-A33EE75CED20, 1]
[EL Fine]: sql: 2016-05-31 08:18:51.228--ClientSession(82749077)--Connection(2132324337)--Thread(Thread[Test worker,5,main])--SELECT questionId, levelid, question, questionDetails, questionIcon, versionId, createdBy, createdDate, updatedBy, updatedDate, activeStatus, txnAccessCode FROM ast_Question_M WHERE (questionId = ?)
	bind => [84AA7A9C-6E31-4025-B7F4-DB6C60BB00EB]
[EL Fine]: sql: 2016-05-31 08:18:51.23--ClientSession(82749077)--Connection(2132324337)--Thread(Thread[Test worker,5,main])--DELETE FROM ast_Question_M WHERE ((questionId = ?) AND (versionId = ?))
	bind => [84AA7A9C-6E31-4025-B7F4-DB6C60BB00EB, 1]
[EL Fine]: sql: 2016-05-31 08:18:51.352--ClientSession(1218259104)--Connection(2132324337)--Thread(Thread[Test worker,5,main])--SELECT userAccessLevelId, levelDescription, levelHelp, levelIcon, levelName, userAccessLevel, versionId, createdBy, createdDate, updatedBy, updatedDate, activeStatus, txnAccessCode FROM ast_UserAccessLevel_M WHERE (userAccessLevelId = ?)
	bind => [2399F094-F257-491F-BDD2-E674DE89945E]
[EL Fine]: sql: 2016-05-31 08:18:51.355--ClientSession(1218259104)--Connection(2132324337)--Thread(Thread[Test worker,5,main])--DELETE FROM ast_UserAccessLevel_M WHERE ((userAccessLevelId = ?) AND (versionId = ?))
	bind => [2399F094-F257-491F-BDD2-E674DE89945E, 1]
[EL Fine]: sql: 2016-05-31 08:18:51.441--ClientSession(1927957004)--Connection(2132324337)--Thread(Thread[Test worker,5,main])--SELECT userAccessDomainId, domainDescription, domainHelp, domainIcon, domainName, userAccessDomain, versionId, createdBy, createdDate, updatedBy, updatedDate, activeStatus, txnAccessCode FROM ast_UserAccessDomain_M WHERE (userAccessDomainId = ?)
	bind => [FE48C434-88E6-4E62-A1BD-3D54BACC9071]
[EL Fine]: sql: 2016-05-31 08:18:51.443--ClientSession(1927957004)--Connection(2132324337)--Thread(Thread[Test worker,5,main])--DELETE FROM ast_UserAccessDomain_M WHERE ((userAccessDomainId = ?) AND (versionId = ?))
	bind => [FE48C434-88E6-4E62-A1BD-3D54BACC9071, 1]
]]></system-out>
  <system-err><![CDATA[OrderMain.grandTotal must be less than or equal to 9223372000000000000
java.lang.SecurityException: OrderMain.grandTotal must be less than or equal to 9223372000000000000
	at com.athena.server.pluggable.utils.helper.EntityValidatorHelper.validateEntity(EntityValidatorHelper.java:37)
	at com.shop.app.shared.shoppingcontext.retail.OrderMain.isValid(OrderMain.java:238)
	at com.shop.app.server.service.shoppingcontext.retail.OrderMainTestCase.validateOrderMain(OrderMainTestCase.java:332)
	at com.shop.app.server.service.shoppingcontext.retail.OrderMainTestCase.test5NegativeTesting(OrderMainTestCase.java:363)
	at sun.reflect.NativeMethodAccessorImpl.invoke0(Native Method)
	at sun.reflect.NativeMethodAccessorImpl.invoke(NativeMethodAccessorImpl.java:57)
	at sun.reflect.DelegatingMethodAccessorImpl.invoke(DelegatingMethodAccessorImpl.java:43)
	at java.lang.reflect.Method.invoke(Method.java:606)
	at org.junit.runners.model.FrameworkMethod$1.runReflectiveCall(FrameworkMethod.java:47)
	at org.junit.internal.runners.model.ReflectiveCallable.run(ReflectiveCallable.java:12)
	at org.junit.runners.model.FrameworkMethod.invokeExplosively(FrameworkMethod.java:44)
	at org.junit.internal.runners.statements.InvokeMethod.evaluate(InvokeMethod.java:17)
	at org.junit.internal.runners.statements.RunBefores.evaluate(RunBefores.java:26)
	at org.springframework.test.context.junit4.statements.RunBeforeTestMethodCallbacks.evaluate(RunBeforeTestMethodCallbacks.java:74)
	at org.junit.internal.runners.statements.RunAfters.evaluate(RunAfters.java:27)
	at org.springframework.test.context.junit4.statements.RunAfterTestMethodCallbacks.evaluate(RunAfterTestMethodCallbacks.java:83)
	at org.springframework.test.context.junit4.statements.SpringRepeat.evaluate(SpringRepeat.java:72)
	at org.springframework.test.context.junit4.SpringJUnit4ClassRunner.runChild(SpringJUnit4ClassRunner.java:233)
	at org.springframework.test.context.junit4.SpringJUnit4ClassRunner.runChild(SpringJUnit4ClassRunner.java:87)
	at org.junit.runners.ParentRunner$3.run(ParentRunner.java:238)
	at org.junit.runners.ParentRunner$1.schedule(ParentRunner.java:63)
	at org.junit.runners.ParentRunner.runChildren(ParentRunner.java:236)
	at org.junit.runners.ParentRunner.access$000(ParentRunner.java:53)
	at org.junit.runners.ParentRunner$2.evaluate(ParentRunner.java:229)
	at org.junit.internal.runners.statements.RunBefores.evaluate(RunBefores.java:26)
	at org.springframework.test.context.junit4.statements.RunBeforeTestClassCallbacks.evaluate(RunBeforeTestClassCallbacks.java:61)
	at org.springframework.test.context.junit4.statements.RunAfterTestClassCallbacks.evaluate(RunAfterTestClassCallbacks.java:71)
	at org.junit.runners.ParentRunner.run(ParentRunner.java:309)
	at org.springframework.test.context.junit4.SpringJUnit4ClassRunner.run(SpringJUnit4ClassRunner.java:176)
	at org.gradle.api.internal.tasks.testing.junit.JUnitTestClassExecuter.runTestClass(JUnitTestClassExecuter.java:86)
	at org.gradle.api.internal.tasks.testing.junit.JUnitTestClassExecuter.execute(JUnitTestClassExecuter.java:49)
	at org.gradle.api.internal.tasks.testing.junit.JUnitTestClassProcessor.processTestClass(JUnitTestClassProcessor.java:64)
	at org.gradle.api.internal.tasks.testing.SuiteTestClassProcessor.processTestClass(SuiteTestClassProcessor.java:50)
	at sun.reflect.NativeMethodAccessorImpl.invoke0(Native Method)
	at sun.reflect.NativeMethodAccessorImpl.invoke(NativeMethodAccessorImpl.java:57)
	at sun.reflect.DelegatingMethodAccessorImpl.invoke(DelegatingMethodAccessorImpl.java:43)
	at java.lang.reflect.Method.invoke(Method.java:606)
	at org.gradle.messaging.dispatch.ReflectionDispatch.dispatch(ReflectionDispatch.java:35)
	at org.gradle.messaging.dispatch.ReflectionDispatch.dispatch(ReflectionDispatch.java:24)
	at org.gradle.messaging.dispatch.ContextClassLoaderDispatch.dispatch(ContextClassLoaderDispatch.java:32)
	at org.gradle.messaging.dispatch.ProxyDispatchAdapter$DispatchingInvocationHandler.invoke(ProxyDispatchAdapter.java:93)
	at com.sun.proxy.$Proxy2.processTestClass(Unknown Source)
	at org.gradle.api.internal.tasks.testing.worker.TestWorker.processTestClass(TestWorker.java:106)
	at sun.reflect.NativeMethodAccessorImpl.invoke0(Native Method)
	at sun.reflect.NativeMethodAccessorImpl.invoke(NativeMethodAccessorImpl.java:57)
	at sun.reflect.DelegatingMethodAccessorImpl.invoke(DelegatingMethodAccessorImpl.java:43)
	at java.lang.reflect.Method.invoke(Method.java:606)
	at org.gradle.messaging.dispatch.ReflectionDispatch.dispatch(ReflectionDispatch.java:35)
	at org.gradle.messaging.dispatch.ReflectionDispatch.dispatch(ReflectionDispatch.java:24)
	at org.gradle.messaging.remote.internal.hub.MessageHub$Handler.run(MessageHub.java:360)
	at org.gradle.internal.concurrent.DefaultExecutorFactory$StoppableExecutorImpl$1.run(DefaultExecutorFactory.java:64)
	at java.util.concurrent.ThreadPoolExecutor.runWorker(ThreadPoolExecutor.java:1145)
	at java.util.concurrent.ThreadPoolExecutor$Worker.run(ThreadPoolExecutor.java:615)
	at java.lang.Thread.run(Thread.java:745)
]]></system-err>
</testsuite>
