<?xml version="1.0" encoding="UTF-8"?>
<testsuite name="com.shop.app.server.service.organization.contactmanagement.TitleTestCase" tests="5" skipped="0" failures="0" errors="0" timestamp="2016-05-30T07:59:33" hostname="ca7bfcc7a5ae" time="32.606">
  <properties/>
  <testcase name="test1Save" classname="com.shop.app.server.service.organization.contactmanagement.TitleTestCase" time="32.345"/>
  <testcase name="test2Update" classname="com.shop.app.server.service.organization.contactmanagement.TitleTestCase" time="0.071"/>
  <testcase name="test3FindById" classname="com.shop.app.server.service.organization.contactmanagement.TitleTestCase" time="0.01"/>
  <testcase name="test5NegativeTesting" classname="com.shop.app.server.service.organization.contactmanagement.TitleTestCase" time="0.021"/>
  <testcase name="test6Delete" classname="com.shop.app.server.service.organization.contactmanagement.TitleTestCase" time="0.158"/>
  <system-out><![CDATA[Mon May 30 07:59:33 UTC 2016|Log Manager Factory|Initialization Process started.....
Mon May 30 07:59:33 UTC 2016|Log Manager|Initialized with Path = [/home/applifire/workspace/klickakart/src/main/webapp/WEB-INF/conf]
Mon May 30 07:59:33 UTC 2016|Alarm Manager|Initialized with Path = [/home/applifire/workspace/klickakart/src/main/webapp/WEB-INF/conf]
Mon May 30 07:59:33 UTC 2016|Alarm Manager|Loading Alarms ......
Mon May 30 07:59:33 UTC 2016|Alarm XML Parser|FWA|XML Parsing Complete........ 
Mon May 30 07:59:33 UTC 2016|Alarm File Manager|FWA|Alarm File Status.. [ApplicationFrameworkAlarms.xml]|Version=15|Status=Done 
Mon May 30 07:59:33 UTC 2016|Alarm File Manager|FWA|Alarm Stats = ( BC/AL=4/564 SYS=4/10 [564/0]  TPL=0/0 [0/0]  APP= A.Map=[645]  E.Map EC/RC=[237/66] )
Mon May 30 07:59:33 UTC 2016|Alarm XML Parser|APP|XML Parsing Complete........ 
Mon May 30 07:59:33 UTC 2016|Alarm File Manager|APP|Alarm File Status.. [ApplicationAlarms.xml]|Version=1|Status=Done 
Mon May 30 07:59:33 UTC 2016|Alarm File Manager|APP|Alarm Stats = ( BC/AL=5/648 SYS=4/10 [564/0]  TPL=0/0 [0/0]  APP=1/1 [84/0]  A.Map=[729]  E.Map EC/RC=[289/78] )
Mon May 30 07:59:33 UTC 2016|ApplicationAlarmContext| <><><><><> Create App Alarms ....  <><><><><> 
Mon May 30 07:59:33 UTC 2016|ApplicationAlarmContext|Alarms are generated ONLY in Development Mode.. 
Mon May 30 07:59:33 UTC 2016|Alarm Manager|APP|Alarm Stats = ( BC/AL=5/648 SYS=4/10 [564/0]  TPL=0/0 [0/0]  APP=1/1 [84/0]  A.Map=[729]  E.Map EC/RC=[289/78] )
Mon May 30 07:59:33 UTC 2016|Alarm Manager|Initialized Exception Lookup...
Mon May 30 07:59:33 UTC 2016|Log Manager|Initialize Log Config File ......
Mon May 30 07:59:33 UTC 2016|Pluggable Connectors|Adding Connectors : StandardOutputConnector isEnabled=true isDefault=false isFallBack=true
Mon May 30 07:59:33 UTC 2016|Pluggable Connectors|Adding Connectors : StandardFileConnector isEnabled=true isDefault=false isFallBack=false
Mon May 30 07:59:33 UTC 2016|Pluggable Connectors|Adding Connectors : Sprinkler isEnabled=true isDefault=true isFallBack=false
Mon May 30 07:59:33 UTC 2016|Pluggable Connectors|Default Connector Name : com.spartan.logger.core.LogMessenger
Mon May 30 07:59:33 UTC 2016|Log Config Parser|Connector Least Log Level =[4]  FallBack Log Level =[3]
Mon May 30 07:59:33 UTC 2016|Log Manager|Loading Default Connector for Logging ......
Mon May 30 07:59:33 UTC 2016|Log Manager|Loading class .. com.spartan.logger.core.LogMessenger
Mon May 30 07:59:33 UTC 2016|Plugggable Connector|Connector class com.spartan.logger.core.LogMessenger Initialized... @ Log Level = 3
Mon May 30 07:59:33 UTC 2016|Log Manager|Starting the Default Connector [com.spartan.logger.core.LogMessenger@1b67a39b] ....
Mon May 30 07:59:33 UTC 2016|Scheduler|Starting the Scheduler ......
Mon May 30 07:59:33 UTC 2016|Scheduler|Adding [LMID=[38997cfc-9414-4290-8f90-256e7ae169e6]] Delay=5 Time Unit=MINUTES
Mon May 30 07:59:33 UTC 2016|Scheduler|Adding [App Alarm Manager File=[ApplicationAlarms.xml]] Delay=30 Time Unit=MINUTES
Mon May 30 07:59:33 UTC 2016|Scheduler|Adding [FW Alarm Manager File=[ApplicationFrameworkAlarms.xml]] Delay=3 Time Unit=MINUTES
Mon May 30 07:59:33 UTC 2016|Scheduler|Startup Completed..
Mon May 30 07:59:33 UTC 2016|Log Manager|Initialization Process Complete ......
Mon May 30 07:59:33 UTC 2016|Log Manager Factory|Log Manager READY! ID = 38997cfc-9414-4290-8f90-256e7ae169e6
[EL Config]: metadata: 2016-05-30 07:59:41.557--ServerSession(885932648)--Thread(Thread[Test worker,5,main])--The access type for the persistent class [class com.shop.app.shared.appinsight.alarms.ArtLogArchitectureLayer] is set to [FIELD].
[EL Config]: metadata: 2016-05-30 07:59:41.592--ServerSession(885932648)--Thread(Thread[Test worker,5,main])--The access type for the persistent class [class com.shop.app.shared.appbasicsetup.usermanagement.UserAccessLevel] is set to [FIELD].
[EL Config]: metadata: 2016-05-30 07:59:41.596--ServerSession(885932648)--Thread(Thread[Test worker,5,main])--The access type for the persistent class [class com.shop.app.shared.shoppingcontext.retail.Item] is set to [FIELD].
[EL Config]: metadata: 2016-05-30 07:59:41.598--ServerSession(885932648)--Thread(Thread[Test worker,5,main])--The access type for the persistent class [class com.athena.shared.pluggable.entity.AuditPropertiesEntity] is set to [FIELD].
[EL Config]: metadata: 2016-05-30 07:59:41.602--ServerSession(885932648)--Thread(Thread[Test worker,5,main])--The access type for the persistent class [class com.athena.cloud.shared.entity.CloudDriveTags] is set to [FIELD].
[EL Config]: metadata: 2016-05-30 07:59:41.613--ServerSession(885932648)--Thread(Thread[Test worker,5,main])--The target entity (reference) class for the one to many mapping element [field awsCloudDriveTagFiles] is being defaulted to: class com.athena.cloud.shared.entity.CloudDriveTagFiles.
[EL Config]: metadata: 2016-05-30 07:59:41.615--ServerSession(885932648)--Thread(Thread[Test worker,5,main])--The access type for the persistent class [class com.shop.app.shared.appbasicsetup.usermanagement.PasswordPolicy] is set to [FIELD].
[EL Config]: metadata: 2016-05-30 07:59:41.616--ServerSession(885932648)--Thread(Thread[Test worker,5,main])--The access type for the persistent class [class com.shop.app.shared.appbasicsetup.usermanagement.Login] is set to [FIELD].
[EL Config]: metadata: 2016-05-30 07:59:41.62--ServerSession(885932648)--Thread(Thread[Test worker,5,main])--The target entity (reference) class for the one to one mapping element [field coreContacts] is being defaulted to: class com.shop.app.shared.organization.contactmanagement.CoreContacts.
[EL Config]: metadata: 2016-05-30 07:59:41.621--ServerSession(885932648)--Thread(Thread[Test worker,5,main])--The target entity (reference) class for the one to one mapping element [field user] is being defaulted to: class com.shop.app.shared.appbasicsetup.usermanagement.User.
[EL Config]: metadata: 2016-05-30 07:59:41.621--ServerSession(885932648)--Thread(Thread[Test worker,5,main])--The access type for the persistent class [class com.spartan.healthmeter.entity.ArtHealthStatusConfiguration] is set to [FIELD].
[EL Config]: metadata: 2016-05-30 07:59:41.622--ServerSession(885932648)--Thread(Thread[Test worker,5,main])--The access type for the persistent class [class com.shop.app.shared.appbasicsetup.usermanagement.PasswordAlgo] is set to [FIELD].
[EL Config]: metadata: 2016-05-30 07:59:41.623--ServerSession(885932648)--Thread(Thread[Test worker,5,main])--The access type for the persistent class [class com.athena.cloud.shared.entity.CloudDriveFiles] is set to [FIELD].
[EL Config]: metadata: 2016-05-30 07:59:41.624--ServerSession(885932648)--Thread(Thread[Test worker,5,main])--The target entity (reference) class for the many to many mapping element [field tags] is being defaulted to: class com.athena.cloud.shared.entity.CloudDriveTags.
[EL Config]: metadata: 2016-05-30 07:59:41.625--ServerSession(885932648)--Thread(Thread[Test worker,5,main])--The target entity (reference) class for the one to one mapping element [field contentType] is being defaulted to: class com.athena.cloud.shared.entity.CloudDriveContentType.
[EL Config]: metadata: 2016-05-30 07:59:41.626--ServerSession(885932648)--Thread(Thread[Test worker,5,main])--The access type for the persistent class [class com.shop.app.shared.appinsight.alarms.ArtLogAlarm] is set to [FIELD].
[EL Config]: metadata: 2016-05-30 07:59:41.627--ServerSession(885932648)--Thread(Thread[Test worker,5,main])--The access type for the persistent class [class com.athena.shared.pluggable.entity.ArtEntity] is set to [FIELD].
[EL Config]: metadata: 2016-05-30 07:59:41.627--ServerSession(885932648)--Thread(Thread[Test worker,5,main])--The access type for the persistent class [class com.athena.deo.model.ArtExternalIntegration] is set to [FIELD].
[EL Config]: metadata: 2016-05-30 07:59:41.629--ServerSession(885932648)--Thread(Thread[Test worker,5,main])--The access type for the persistent class [class com.shop.app.shared.appbasicsetup.usermanagement.UserAccessDomain] is set to [FIELD].
[EL Config]: metadata: 2016-05-30 07:59:41.629--ServerSession(885932648)--Thread(Thread[Test worker,5,main])--The access type for the persistent class [class com.shop.app.shared.organization.locationmanagement.Address] is set to [FIELD].
[EL Config]: metadata: 2016-05-30 07:59:41.631--ServerSession(885932648)--Thread(Thread[Test worker,5,main])--The access type for the persistent class [class com.shop.app.shared.organization.locationmanagement.Country] is set to [FIELD].
[EL Config]: metadata: 2016-05-30 07:59:41.632--ServerSession(885932648)--Thread(Thread[Test worker,5,main])--The access type for the persistent class [class com.shop.app.shared.organization.contactmanagement.CommunicationType] is set to [FIELD].
[EL Config]: metadata: 2016-05-30 07:59:41.632--ServerSession(885932648)--Thread(Thread[Test worker,5,main])--The access type for the persistent class [class com.shop.app.shared.appbasicsetup.usermanagement.ArtPasswordAlgorithm] is set to [FIELD].
[EL Config]: metadata: 2016-05-30 07:59:41.633--ServerSession(885932648)--Thread(Thread[Test worker,5,main])--The access type for the persistent class [class com.spartan.healthmeter.entity.ZenHealthGauge] is set to [FIELD].
[EL Config]: metadata: 2016-05-30 07:59:41.634--ServerSession(885932648)--Thread(Thread[Test worker,5,main])--The access type for the persistent class [class com.shop.app.shared.organization.locationmanagement.Language] is set to [FIELD].
[EL Config]: metadata: 2016-05-30 07:59:41.635--ServerSession(885932648)--Thread(Thread[Test worker,5,main])--The access type for the persistent class [class com.athena.cloud.shared.entity.CloudDriveContentType] is set to [FIELD].
[EL Config]: metadata: 2016-05-30 07:59:41.635--ServerSession(885932648)--Thread(Thread[Test worker,5,main])--The access type for the persistent class [class com.shop.app.shared.appinsight.alarms.ArtLogConfig] is set to [FIELD].
[EL Config]: metadata: 2016-05-30 07:59:41.636--ServerSession(885932648)--Thread(Thread[Test worker,5,main])--The access type for the persistent class [class com.athena.cloud.shared.entity.CloudDriveTagShared] is set to [FIELD].
[EL Config]: metadata: 2016-05-30 07:59:41.636--ServerSession(885932648)--Thread(Thread[Test worker,5,main])--The target entity (reference) class for the one to one mapping element [field tags] is being defaulted to: class com.athena.cloud.shared.entity.CloudDriveTags.
[EL Config]: metadata: 2016-05-30 07:59:41.637--ServerSession(885932648)--Thread(Thread[Test worker,5,main])--The access type for the persistent class [class com.shop.app.shared.organization.contactmanagement.ContactType] is set to [FIELD].
[EL Config]: metadata: 2016-05-30 07:59:41.637--ServerSession(885932648)--Thread(Thread[Test worker,5,main])--The access type for the persistent class [class com.shop.app.shared.appbasicsetup.usermanagement.UserData] is set to [FIELD].
[EL Config]: metadata: 2016-05-30 07:59:41.638--ServerSession(885932648)--Thread(Thread[Test worker,5,main])--The target entity (reference) class for the one to one mapping element [field user] is being defaulted to: class com.shop.app.shared.appbasicsetup.usermanagement.User.
[EL Config]: metadata: 2016-05-30 07:59:41.638--ServerSession(885932648)--Thread(Thread[Test worker,5,main])--The access type for the persistent class [class com.shop.app.shared.organization.locationmanagement.State] is set to [FIELD].
[EL Config]: metadata: 2016-05-30 07:59:41.64--ServerSession(885932648)--Thread(Thread[Test worker,5,main])--The access type for the persistent class [class com.shop.app.shared.appbasicsetup.usermanagement.ArtPasswordPolicy] is set to [FIELD].
[EL Config]: metadata: 2016-05-30 07:59:41.641--ServerSession(885932648)--Thread(Thread[Test worker,5,main])--The access type for the persistent class [class com.shop.app.shared.appbasicsetup.userrolemanagement.UserRoleBridge] is set to [FIELD].
[EL Config]: metadata: 2016-05-30 07:59:41.641--ServerSession(885932648)--Thread(Thread[Test worker,5,main])--The access type for the persistent class [class com.spartan.healthmeter.entity.HealthSchedulerConfiguration] is set to [FIELD].
[EL Config]: metadata: 2016-05-30 07:59:41.642--ServerSession(885932648)--Thread(Thread[Test worker,5,main])--The access type for the persistent class [class com.athena.cloud.shared.entity.CloudDriveFileVersion] is set to [FIELD].
[EL Config]: metadata: 2016-05-30 07:59:41.643--ServerSession(885932648)--Thread(Thread[Test worker,5,main])--The target entity (reference) class for the one to one mapping element [field file] is being defaulted to: class com.athena.cloud.shared.entity.CloudDriveFiles.
[EL Config]: metadata: 2016-05-30 07:59:41.643--ServerSession(885932648)--Thread(Thread[Test worker,5,main])--The access type for the persistent class [class com.spartan.healthmeter.entity.ZenSchedulerHealth] is set to [FIELD].
[EL Config]: metadata: 2016-05-30 07:59:41.646--ServerSession(885932648)--Thread(Thread[Test worker,5,main])--The access type for the persistent class [class com.shop.app.shared.appbasicsetup.usermanagement.SessionData] is set to [FIELD].
[EL Config]: metadata: 2016-05-30 07:59:41.647--ServerSession(885932648)--Thread(Thread[Test worker,5,main])--The access type for the persistent class [class com.shop.app.shared.appinsight.alarms.ArtLogEventAction] is set to [FIELD].
[EL Config]: metadata: 2016-05-30 07:59:41.648--ServerSession(885932648)--Thread(Thread[Test worker,5,main])--The access type for the persistent class [class com.shop.app.shared.appbasicsetup.usermanagement.ArtAppNotificationTemplate] is set to [FIELD].
[EL Config]: metadata: 2016-05-30 07:59:41.649--ServerSession(885932648)--Thread(Thread[Test worker,5,main])--The access type for the persistent class [class com.shop.app.shared.organization.contactmanagement.CommunicationData] is set to [FIELD].
[EL Config]: metadata: 2016-05-30 07:59:41.649--ServerSession(885932648)--Thread(Thread[Test worker,5,main])--The access type for the persistent class [class com.shop.app.shared.appbasicsetup.usermanagement.LoginSession] is set to [FIELD].
[EL Config]: metadata: 2016-05-30 07:59:41.65--ServerSession(885932648)--Thread(Thread[Test worker,5,main])--The access type for the persistent class [class com.shop.app.shared.shoppingcontext.retail.OrderDetail] is set to [FIELD].
[EL Config]: metadata: 2016-05-30 07:59:41.651--ServerSession(885932648)--Thread(Thread[Test worker,5,main])--The target entity (reference) class for the one to one mapping element [field orderMain] is being defaulted to: class com.shop.app.shared.shoppingcontext.retail.OrderMain.
[EL Config]: metadata: 2016-05-30 07:59:41.652--ServerSession(885932648)--Thread(Thread[Test worker,5,main])--The access type for the persistent class [class com.shop.app.shared.appbasicsetup.usermanagement.User] is set to [FIELD].
[EL Config]: metadata: 2016-05-30 07:59:41.652--ServerSession(885932648)--Thread(Thread[Test worker,5,main])--The target entity (reference) class for the one to one mapping element [field userData] is being defaulted to: class com.shop.app.shared.appbasicsetup.usermanagement.UserData.
[EL Config]: metadata: 2016-05-30 07:59:41.653--ServerSession(885932648)--Thread(Thread[Test worker,5,main])--The target entity (reference) class for the one to many mapping element [field passRecovery] is being defaulted to: class com.shop.app.shared.appbasicsetup.usermanagement.PassRecovery.
[EL Config]: metadata: 2016-05-30 07:59:41.653--ServerSession(885932648)--Thread(Thread[Test worker,5,main])--The access type for the persistent class [class com.shop.app.shared.appbasicsetup.usermanagement.Question] is set to [FIELD].
[EL Config]: metadata: 2016-05-30 07:59:41.654--ServerSession(885932648)--Thread(Thread[Test worker,5,main])--The access type for the persistent class [class com.shop.app.shared.shoppingcontext.retail.Cart] is set to [FIELD].
[EL Config]: metadata: 2016-05-30 07:59:41.655--ServerSession(885932648)--Thread(Thread[Test worker,5,main])--The access type for the persistent class [class com.athena.cloud.shared.entity.CloudDriveFileShared] is set to [FIELD].
[EL Config]: metadata: 2016-05-30 07:59:41.655--ServerSession(885932648)--Thread(Thread[Test worker,5,main])--The target entity (reference) class for the one to one mapping element [field file] is being defaulted to: class com.athena.cloud.shared.entity.CloudDriveFiles.
[EL Config]: metadata: 2016-05-30 07:59:41.656--ServerSession(885932648)--Thread(Thread[Test worker,5,main])--The access type for the persistent class [class com.spartan.healthmeter.entity.ZenHealthStatus] is set to [FIELD].
[EL Config]: metadata: 2016-05-30 07:59:41.656--ServerSession(885932648)--Thread(Thread[Test worker,5,main])--The access type for the persistent class [class com.shop.app.shared.organization.contactmanagement.CoreContacts] is set to [FIELD].
[EL Config]: metadata: 2016-05-30 07:59:41.657--ServerSession(885932648)--Thread(Thread[Test worker,5,main])--The target entity (reference) class for the one to one mapping element [field timezone] is being defaulted to: class com.shop.app.shared.organization.locationmanagement.Timezone.
[EL Config]: metadata: 2016-05-30 07:59:41.658--ServerSession(885932648)--Thread(Thread[Test worker,5,main])--The target entity (reference) class for the one to many mapping element [field address] is being defaulted to: class com.shop.app.shared.organization.locationmanagement.Address.
[EL Config]: metadata: 2016-05-30 07:59:41.658--ServerSession(885932648)--Thread(Thread[Test worker,5,main])--The target entity (reference) class for the one to many mapping element [field communicationData] is being defaulted to: class com.shop.app.shared.organization.contactmanagement.CommunicationData.
[EL Config]: metadata: 2016-05-30 07:59:41.659--ServerSession(885932648)--Thread(Thread[Test worker,5,main])--The access type for the persistent class [class com.shop.app.shared.appinsight.alarms.ArtLogEvents] is set to [FIELD].
[EL Config]: metadata: 2016-05-30 07:59:41.66--ServerSession(885932648)--Thread(Thread[Test worker,5,main])--The access type for the persistent class [class com.shop.app.shared.shoppingcontext.retail.OrderMain] is set to [FIELD].
[EL Config]: metadata: 2016-05-30 07:59:41.661--ServerSession(885932648)--Thread(Thread[Test worker,5,main])--The target entity (reference) class for the one to many mapping element [field orderDetail] is being defaulted to: class com.shop.app.shared.shoppingcontext.retail.OrderDetail.
[EL Config]: metadata: 2016-05-30 07:59:41.661--ServerSession(885932648)--Thread(Thread[Test worker,5,main])--The access type for the persistent class [class com.athena.cloud.shared.entity.CloudDriveDefaultTags] is set to [FIELD].
[EL Config]: metadata: 2016-05-30 07:59:41.662--ServerSession(885932648)--Thread(Thread[Test worker,5,main])--The access type for the persistent class [class com.shop.app.shared.organization.locationmanagement.Timezone] is set to [FIELD].
[EL Config]: metadata: 2016-05-30 07:59:41.662--ServerSession(885932648)--Thread(Thread[Test worker,5,main])--The access type for the persistent class [class com.shop.app.shared.organization.locationmanagement.City] is set to [FIELD].
[EL Config]: metadata: 2016-05-30 07:59:41.663--ServerSession(885932648)--Thread(Thread[Test worker,5,main])--The access type for the persistent class [class com.shop.app.shared.organization.locationmanagement.AddressType] is set to [FIELD].
[EL Config]: metadata: 2016-05-30 07:59:41.664--ServerSession(885932648)--Thread(Thread[Test worker,5,main])--The access type for the persistent class [class com.shop.app.shared.appbasicsetup.userrolemanagement.RoleMenuBridge] is set to [FIELD].
[EL Config]: metadata: 2016-05-30 07:59:41.664--ServerSession(885932648)--Thread(Thread[Test worker,5,main])--The target entity (reference) class for the one to one mapping element [field roles] is being defaulted to: class com.shop.app.shared.appbasicsetup.userrolemanagement.Roles.
[EL Config]: metadata: 2016-05-30 07:59:41.665--ServerSession(885932648)--Thread(Thread[Test worker,5,main])--The access type for the persistent class [class com.spartan.healthmeter.entity.ZenRequestDetails] is set to [FIELD].
[EL Config]: metadata: 2016-05-30 07:59:41.666--ServerSession(885932648)--Thread(Thread[Test worker,5,main])--The access type for the persistent class [class com.spartan.healthmeter.entity.ArtHealthSchedulerConfiguration] is set to [FIELD].
[EL Config]: metadata: 2016-05-30 07:59:41.667--ServerSession(885932648)--Thread(Thread[Test worker,5,main])--The access type for the persistent class [class com.shop.app.shared.organization.contactmanagement.Gender] is set to [FIELD].
[EL Config]: metadata: 2016-05-30 07:59:41.667--ServerSession(885932648)--Thread(Thread[Test worker,5,main])--The access type for the persistent class [class com.athena.shared.dataengine.report.ArtReportUI] is set to [FIELD].
[EL Config]: metadata: 2016-05-30 07:59:41.669--ServerSession(885932648)--Thread(Thread[Test worker,5,main])--The access type for the persistent class [class com.athena.cloud.shared.entity.CloudDriveTagFiles] is set to [FIELD].
[EL Config]: metadata: 2016-05-30 07:59:41.669--ServerSession(885932648)--Thread(Thread[Test worker,5,main])--The target entity (reference) class for the one to one mapping element [field tags] is being defaulted to: class com.athena.cloud.shared.entity.CloudDriveTags.
[EL Config]: metadata: 2016-05-30 07:59:41.669--ServerSession(885932648)--Thread(Thread[Test worker,5,main])--The target entity (reference) class for the one to one mapping element [field file] is being defaulted to: class com.athena.cloud.shared.entity.CloudDriveFiles.
[EL Config]: metadata: 2016-05-30 07:59:41.67--ServerSession(885932648)--Thread(Thread[Test worker,5,main])--The access type for the persistent class [class com.spartan.healthmeter.entity.ZenHealthCounter] is set to [FIELD].
[EL Config]: metadata: 2016-05-30 07:59:41.67--ServerSession(885932648)--Thread(Thread[Test worker,5,main])--The access type for the persistent class [class com.spartan.healthmeter.entity.ZenHealth] is set to [FIELD].
[EL Config]: metadata: 2016-05-30 07:59:41.672--ServerSession(885932648)--Thread(Thread[Test worker,5,main])--The access type for the persistent class [class com.spartan.server.session.entity.AppSessionConfig] is set to [FIELD].
[EL Config]: metadata: 2016-05-30 07:59:41.673--ServerSession(885932648)--Thread(Thread[Test worker,5,main])--The access type for the persistent class [class com.shop.app.shared.shoppingcontext.retail.Product] is set to [FIELD].
[EL Config]: metadata: 2016-05-30 07:59:41.674--ServerSession(885932648)--Thread(Thread[Test worker,5,main])--The access type for the persistent class [class com.shop.app.shared.appinsight.alarms.ArtLogStatus] is set to [FIELD].
[EL Config]: metadata: 2016-05-30 07:59:41.675--ServerSession(885932648)--Thread(Thread[Test worker,5,main])--The access type for the persistent class [class com.shop.app.shared.appbasicsetup.userrolemanagement.Roles] is set to [FIELD].
[EL Config]: metadata: 2016-05-30 07:59:41.676--ServerSession(885932648)--Thread(Thread[Test worker,5,main])--The target entity (reference) class for the one to many mapping element [field roleMenuBridge] is being defaulted to: class com.shop.app.shared.appbasicsetup.userrolemanagement.RoleMenuBridge.
[EL Config]: metadata: 2016-05-30 07:59:41.677--ServerSession(885932648)--Thread(Thread[Test worker,5,main])--The access type for the persistent class [class com.shop.app.shared.appbasicsetup.usermanagement.PassRecovery] is set to [FIELD].
[EL Config]: metadata: 2016-05-30 07:59:41.677--ServerSession(885932648)--Thread(Thread[Test worker,5,main])--The target entity (reference) class for the one to one mapping element [field user] is being defaulted to: class com.shop.app.shared.appbasicsetup.usermanagement.User.
[EL Config]: metadata: 2016-05-30 07:59:41.678--ServerSession(885932648)--Thread(Thread[Test worker,5,main])--The access type for the persistent class [class com.shop.app.shared.appbasicsetup.userrolemanagement.AppMenus] is set to [FIELD].
[EL Config]: metadata: 2016-05-30 07:59:41.679--ServerSession(885932648)--Thread(Thread[Test worker,5,main])--The access type for the persistent class [class com.shop.app.shared.appbasicsetup.aaa.ArtUserLastStatus] is set to [FIELD].
[EL Config]: metadata: 2016-05-30 07:59:41.68--ServerSession(885932648)--Thread(Thread[Test worker,5,main])--The access type for the persistent class [class com.shop.app.shared.organization.contactmanagement.CommunicationGroup] is set to [FIELD].
[EL Config]: metadata: 2016-05-30 07:59:41.68--ServerSession(885932648)--Thread(Thread[Test worker,5,main])--The access type for the persistent class [class com.athena.shared.dataengine.query.ArtQuery] is set to [FIELD].
[EL Config]: metadata: 2016-05-30 07:59:41.681--ServerSession(885932648)--Thread(Thread[Test worker,5,main])--The access type for the persistent class [class com.shop.app.shared.organization.contactmanagement.Title] is set to [FIELD].
[EL Config]: metadata: 2016-05-30 07:59:41.682--ServerSession(885932648)--Thread(Thread[Test worker,5,main])--The access type for the persistent class [class com.shop.app.shared.appinsight.alarms.ArtLogSeverity] is set to [FIELD].
[EL Config]: metadata: 2016-05-30 07:59:41.682--ServerSession(885932648)--Thread(Thread[Test worker,5,main])--The access type for the persistent class [class com.spartan.healthmeter.shared.EntityAudit] is set to [FIELD].
[EL Config]: metadata: 2016-05-30 07:59:41.683--ServerSession(885932648)--Thread(Thread[Test worker,5,main])--The access type for the persistent class [class com.shop.app.shared.SystemInfo] is set to [FIELD].
[EL Config]: metadata: 2016-05-30 07:59:41.684--ServerSession(885932648)--Thread(Thread[Test worker,5,main])--The access type for the persistent class [class com.spartan.healthmeter.shared.SystemInfo] is set to [FIELD].
[EL Config]: metadata: 2016-05-30 07:59:41.684--ServerSession(885932648)--Thread(Thread[Test worker,5,main])--The access type for the persistent class [class com.shop.app.shared.EntityAudit] is set to [FIELD].
[EL Config]: metadata: 2016-05-30 07:59:41.694--ServerSession(885932648)--Thread(Thread[Test worker,5,main])--The alias name for the entity class [class com.shop.app.shared.appinsight.alarms.ArtLogArchitectureLayer] is being defaulted to: ArtLogArchitectureLayer.
[EL Config]: metadata: 2016-05-30 07:59:41.709--ServerSession(885932648)--Thread(Thread[Test worker,5,main])--The alias name for the entity class [class com.shop.app.shared.appbasicsetup.usermanagement.UserAccessLevel] is being defaulted to: UserAccessLevel.
[EL Config]: metadata: 2016-05-30 07:59:41.713--ServerSession(885932648)--Thread(Thread[Test worker,5,main])--The alias name for the entity class [class com.shop.app.shared.shoppingcontext.retail.Item] is being defaulted to: Item.
[EL Config]: metadata: 2016-05-30 07:59:41.713--ServerSession(885932648)--Thread(Thread[Test worker,5,main])--The alias name for the entity class [class com.athena.cloud.shared.entity.CloudDriveTags] is being defaulted to: CloudDriveTags.
[EL Config]: metadata: 2016-05-30 07:59:41.714--ServerSession(885932648)--Thread(Thread[Test worker,5,main])--The alias name for the entity class [class com.shop.app.shared.appbasicsetup.usermanagement.PasswordPolicy] is being defaulted to: PasswordPolicy.
[EL Config]: metadata: 2016-05-30 07:59:41.715--ServerSession(885932648)--Thread(Thread[Test worker,5,main])--The alias name for the entity class [class com.shop.app.shared.appbasicsetup.usermanagement.Login] is being defaulted to: Login.
[EL Config]: metadata: 2016-05-30 07:59:41.715--ServerSession(885932648)--Thread(Thread[Test worker,5,main])--The alias name for the entity class [class com.spartan.healthmeter.entity.ArtHealthStatusConfiguration] is being defaulted to: ArtHealthStatusConfiguration.
[EL Config]: metadata: 2016-05-30 07:59:41.716--ServerSession(885932648)--Thread(Thread[Test worker,5,main])--The alias name for the entity class [class com.shop.app.shared.appbasicsetup.usermanagement.PasswordAlgo] is being defaulted to: PasswordAlgo.
[EL Config]: metadata: 2016-05-30 07:59:41.717--ServerSession(885932648)--Thread(Thread[Test worker,5,main])--The alias name for the entity class [class com.athena.cloud.shared.entity.CloudDriveFiles] is being defaulted to: CloudDriveFiles.
[EL Config]: metadata: 2016-05-30 07:59:41.717--ServerSession(885932648)--Thread(Thread[Test worker,5,main])--The alias name for the entity class [class com.shop.app.shared.appinsight.alarms.ArtLogAlarm] is being defaulted to: ArtLogAlarm.
[EL Config]: metadata: 2016-05-30 07:59:41.718--ServerSession(885932648)--Thread(Thread[Test worker,5,main])--The alias name for the entity class [class com.athena.deo.model.ArtExternalIntegration] is being defaulted to: ArtExternalIntegration.
[EL Config]: metadata: 2016-05-30 07:59:41.719--ServerSession(885932648)--Thread(Thread[Test worker,5,main])--The alias name for the entity class [class com.shop.app.shared.appbasicsetup.usermanagement.UserAccessDomain] is being defaulted to: UserAccessDomain.
[EL Config]: metadata: 2016-05-30 07:59:41.719--ServerSession(885932648)--Thread(Thread[Test worker,5,main])--The alias name for the entity class [class com.shop.app.shared.organization.locationmanagement.Address] is being defaulted to: Address.
[EL Config]: metadata: 2016-05-30 07:59:41.72--ServerSession(885932648)--Thread(Thread[Test worker,5,main])--The alias name for the entity class [class com.shop.app.shared.organization.locationmanagement.Country] is being defaulted to: Country.
[EL Config]: metadata: 2016-05-30 07:59:41.721--ServerSession(885932648)--Thread(Thread[Test worker,5,main])--The alias name for the entity class [class com.shop.app.shared.organization.contactmanagement.CommunicationType] is being defaulted to: CommunicationType.
[EL Config]: metadata: 2016-05-30 07:59:41.721--ServerSession(885932648)--Thread(Thread[Test worker,5,main])--The alias name for the entity class [class com.shop.app.shared.appbasicsetup.usermanagement.ArtPasswordAlgorithm] is being defaulted to: ArtPasswordAlgorithm.
[EL Config]: metadata: 2016-05-30 07:59:41.722--ServerSession(885932648)--Thread(Thread[Test worker,5,main])--The alias name for the entity class [class com.spartan.healthmeter.entity.ZenHealthGauge] is being defaulted to: ZenHealthGauge.
[EL Config]: metadata: 2016-05-30 07:59:41.722--ServerSession(885932648)--Thread(Thread[Test worker,5,main])--The alias name for the entity class [class com.shop.app.shared.organization.locationmanagement.Language] is being defaulted to: Language.
[EL Config]: metadata: 2016-05-30 07:59:41.723--ServerSession(885932648)--Thread(Thread[Test worker,5,main])--The alias name for the entity class [class com.athena.cloud.shared.entity.CloudDriveContentType] is being defaulted to: CloudDriveContentType.
[EL Config]: metadata: 2016-05-30 07:59:41.723--ServerSession(885932648)--Thread(Thread[Test worker,5,main])--The alias name for the entity class [class com.shop.app.shared.appinsight.alarms.ArtLogConfig] is being defaulted to: ArtLogConfig.
[EL Config]: metadata: 2016-05-30 07:59:41.724--ServerSession(885932648)--Thread(Thread[Test worker,5,main])--The alias name for the entity class [class com.athena.cloud.shared.entity.CloudDriveTagShared] is being defaulted to: CloudDriveTagShared.
[EL Config]: metadata: 2016-05-30 07:59:41.724--ServerSession(885932648)--Thread(Thread[Test worker,5,main])--The column name for element [id] is being defaulted to: ID.
[EL Config]: metadata: 2016-05-30 07:59:41.724--ServerSession(885932648)--Thread(Thread[Test worker,5,main])--The alias name for the entity class [class com.shop.app.shared.organization.contactmanagement.ContactType] is being defaulted to: ContactType.
[EL Config]: metadata: 2016-05-30 07:59:41.725--ServerSession(885932648)--Thread(Thread[Test worker,5,main])--The alias name for the entity class [class com.shop.app.shared.appbasicsetup.usermanagement.UserData] is being defaulted to: UserData.
[EL Config]: metadata: 2016-05-30 07:59:41.725--ServerSession(885932648)--Thread(Thread[Test worker,5,main])--The alias name for the entity class [class com.shop.app.shared.organization.locationmanagement.State] is being defaulted to: State.
[EL Config]: metadata: 2016-05-30 07:59:41.726--ServerSession(885932648)--Thread(Thread[Test worker,5,main])--The alias name for the entity class [class com.shop.app.shared.appbasicsetup.usermanagement.ArtPasswordPolicy] is being defaulted to: ArtPasswordPolicy.
[EL Config]: metadata: 2016-05-30 07:59:41.726--ServerSession(885932648)--Thread(Thread[Test worker,5,main])--The alias name for the entity class [class com.shop.app.shared.appbasicsetup.userrolemanagement.UserRoleBridge] is being defaulted to: UserRoleBridge.
[EL Config]: metadata: 2016-05-30 07:59:41.727--ServerSession(885932648)--Thread(Thread[Test worker,5,main])--The alias name for the entity class [class com.spartan.healthmeter.entity.HealthSchedulerConfiguration] is being defaulted to: HealthSchedulerConfiguration.
[EL Config]: metadata: 2016-05-30 07:59:41.727--ServerSession(885932648)--Thread(Thread[Test worker,5,main])--The alias name for the entity class [class com.athena.cloud.shared.entity.CloudDriveFileVersion] is being defaulted to: CloudDriveFileVersion.
[EL Config]: metadata: 2016-05-30 07:59:41.728--ServerSession(885932648)--Thread(Thread[Test worker,5,main])--The alias name for the entity class [class com.spartan.healthmeter.entity.ZenSchedulerHealth] is being defaulted to: ZenSchedulerHealth.
[EL Config]: metadata: 2016-05-30 07:59:41.729--ServerSession(885932648)--Thread(Thread[Test worker,5,main])--The alias name for the entity class [class com.shop.app.shared.appbasicsetup.usermanagement.SessionData] is being defaulted to: SessionData.
[EL Config]: metadata: 2016-05-30 07:59:41.73--ServerSession(885932648)--Thread(Thread[Test worker,5,main])--The alias name for the entity class [class com.shop.app.shared.appinsight.alarms.ArtLogEventAction] is being defaulted to: ArtLogEventAction.
[EL Config]: metadata: 2016-05-30 07:59:41.73--ServerSession(885932648)--Thread(Thread[Test worker,5,main])--The alias name for the entity class [class com.shop.app.shared.appbasicsetup.usermanagement.ArtAppNotificationTemplate] is being defaulted to: ArtAppNotificationTemplate.
[EL Config]: metadata: 2016-05-30 07:59:41.731--ServerSession(885932648)--Thread(Thread[Test worker,5,main])--The alias name for the entity class [class com.shop.app.shared.organization.contactmanagement.CommunicationData] is being defaulted to: CommunicationData.
[EL Config]: metadata: 2016-05-30 07:59:41.731--ServerSession(885932648)--Thread(Thread[Test worker,5,main])--The alias name for the entity class [class com.shop.app.shared.appbasicsetup.usermanagement.LoginSession] is being defaulted to: LoginSession.
[EL Config]: metadata: 2016-05-30 07:59:41.732--ServerSession(885932648)--Thread(Thread[Test worker,5,main])--The alias name for the entity class [class com.shop.app.shared.shoppingcontext.retail.OrderDetail] is being defaulted to: OrderDetail.
[EL Config]: metadata: 2016-05-30 07:59:41.732--ServerSession(885932648)--Thread(Thread[Test worker,5,main])--The alias name for the entity class [class com.shop.app.shared.appbasicsetup.usermanagement.User] is being defaulted to: User.
[EL Config]: metadata: 2016-05-30 07:59:41.733--ServerSession(885932648)--Thread(Thread[Test worker,5,main])--The alias name for the entity class [class com.shop.app.shared.appbasicsetup.usermanagement.Question] is being defaulted to: Question.
[EL Config]: metadata: 2016-05-30 07:59:41.734--ServerSession(885932648)--Thread(Thread[Test worker,5,main])--The alias name for the entity class [class com.shop.app.shared.shoppingcontext.retail.Cart] is being defaulted to: Cart.
[EL Config]: metadata: 2016-05-30 07:59:41.734--ServerSession(885932648)--Thread(Thread[Test worker,5,main])--The alias name for the entity class [class com.athena.cloud.shared.entity.CloudDriveFileShared] is being defaulted to: CloudDriveFileShared.
[EL Config]: metadata: 2016-05-30 07:59:41.734--ServerSession(885932648)--Thread(Thread[Test worker,5,main])--The column name for element [id] is being defaulted to: ID.
[EL Config]: metadata: 2016-05-30 07:59:41.735--ServerSession(885932648)--Thread(Thread[Test worker,5,main])--The alias name for the entity class [class com.spartan.healthmeter.entity.ZenHealthStatus] is being defaulted to: ZenHealthStatus.
[EL Config]: metadata: 2016-05-30 07:59:41.735--ServerSession(885932648)--Thread(Thread[Test worker,5,main])--The alias name for the entity class [class com.shop.app.shared.organization.contactmanagement.CoreContacts] is being defaulted to: CoreContacts.
[EL Config]: metadata: 2016-05-30 07:59:41.736--ServerSession(885932648)--Thread(Thread[Test worker,5,main])--The alias name for the entity class [class com.shop.app.shared.appinsight.alarms.ArtLogEvents] is being defaulted to: ArtLogEvents.
[EL Config]: metadata: 2016-05-30 07:59:41.737--ServerSession(885932648)--Thread(Thread[Test worker,5,main])--The alias name for the entity class [class com.shop.app.shared.shoppingcontext.retail.OrderMain] is being defaulted to: OrderMain.
[EL Config]: metadata: 2016-05-30 07:59:41.737--ServerSession(885932648)--Thread(Thread[Test worker,5,main])--The alias name for the entity class [class com.athena.cloud.shared.entity.CloudDriveDefaultTags] is being defaulted to: CloudDriveDefaultTags.
[EL Config]: metadata: 2016-05-30 07:59:41.738--ServerSession(885932648)--Thread(Thread[Test worker,5,main])--The alias name for the entity class [class com.shop.app.shared.organization.locationmanagement.Timezone] is being defaulted to: Timezone.
[EL Config]: metadata: 2016-05-30 07:59:41.738--ServerSession(885932648)--Thread(Thread[Test worker,5,main])--The alias name for the entity class [class com.shop.app.shared.organization.locationmanagement.City] is being defaulted to: City.
[EL Config]: metadata: 2016-05-30 07:59:41.739--ServerSession(885932648)--Thread(Thread[Test worker,5,main])--The alias name for the entity class [class com.shop.app.shared.organization.locationmanagement.AddressType] is being defaulted to: AddressType.
[EL Config]: metadata: 2016-05-30 07:59:41.739--ServerSession(885932648)--Thread(Thread[Test worker,5,main])--The alias name for the entity class [class com.shop.app.shared.appbasicsetup.userrolemanagement.RoleMenuBridge] is being defaulted to: RoleMenuBridge.
[EL Config]: metadata: 2016-05-30 07:59:41.74--ServerSession(885932648)--Thread(Thread[Test worker,5,main])--The alias name for the entity class [class com.spartan.healthmeter.entity.ZenRequestDetails] is being defaulted to: ZenRequestDetails.
[EL Config]: metadata: 2016-05-30 07:59:41.74--ServerSession(885932648)--Thread(Thread[Test worker,5,main])--The alias name for the entity class [class com.spartan.healthmeter.entity.ArtHealthSchedulerConfiguration] is being defaulted to: ArtHealthSchedulerConfiguration.
[EL Config]: metadata: 2016-05-30 07:59:41.741--ServerSession(885932648)--Thread(Thread[Test worker,5,main])--The alias name for the entity class [class com.shop.app.shared.organization.contactmanagement.Gender] is being defaulted to: Gender.
[EL Config]: metadata: 2016-05-30 07:59:41.741--ServerSession(885932648)--Thread(Thread[Test worker,5,main])--The alias name for the entity class [class com.athena.shared.dataengine.report.ArtReportUI] is being defaulted to: ArtReportUI.
[EL Config]: metadata: 2016-05-30 07:59:41.742--ServerSession(885932648)--Thread(Thread[Test worker,5,main])--The alias name for the entity class [class com.athena.cloud.shared.entity.CloudDriveTagFiles] is being defaulted to: CloudDriveTagFiles.
[EL Config]: metadata: 2016-05-30 07:59:41.742--ServerSession(885932648)--Thread(Thread[Test worker,5,main])--The column name for element [id] is being defaulted to: ID.
[EL Config]: metadata: 2016-05-30 07:59:41.742--ServerSession(885932648)--Thread(Thread[Test worker,5,main])--The alias name for the entity class [class com.spartan.healthmeter.entity.ZenHealthCounter] is being defaulted to: ZenHealthCounter.
[EL Config]: metadata: 2016-05-30 07:59:41.743--ServerSession(885932648)--Thread(Thread[Test worker,5,main])--The alias name for the entity class [class com.spartan.healthmeter.entity.ZenHealth] is being defaulted to: ZenHealth.
[EL Config]: metadata: 2016-05-30 07:59:41.744--ServerSession(885932648)--Thread(Thread[Test worker,5,main])--The alias name for the entity class [class com.spartan.server.session.entity.AppSessionConfig] is being defaulted to: AppSessionConfig.
[EL Config]: metadata: 2016-05-30 07:59:41.745--ServerSession(885932648)--Thread(Thread[Test worker,5,main])--The alias name for the entity class [class com.shop.app.shared.shoppingcontext.retail.Product] is being defaulted to: Product.
[EL Config]: metadata: 2016-05-30 07:59:41.745--ServerSession(885932648)--Thread(Thread[Test worker,5,main])--The alias name for the entity class [class com.shop.app.shared.appinsight.alarms.ArtLogStatus] is being defaulted to: ArtLogStatus.
[EL Config]: metadata: 2016-05-30 07:59:41.745--ServerSession(885932648)--Thread(Thread[Test worker,5,main])--The alias name for the entity class [class com.shop.app.shared.appbasicsetup.userrolemanagement.Roles] is being defaulted to: Roles.
[EL Config]: metadata: 2016-05-30 07:59:41.746--ServerSession(885932648)--Thread(Thread[Test worker,5,main])--The alias name for the entity class [class com.shop.app.shared.appbasicsetup.usermanagement.PassRecovery] is being defaulted to: PassRecovery.
[EL Config]: metadata: 2016-05-30 07:59:41.746--ServerSession(885932648)--Thread(Thread[Test worker,5,main])--The alias name for the entity class [class com.shop.app.shared.appbasicsetup.userrolemanagement.AppMenus] is being defaulted to: AppMenus.
[EL Config]: metadata: 2016-05-30 07:59:41.747--ServerSession(885932648)--Thread(Thread[Test worker,5,main])--The alias name for the entity class [class com.shop.app.shared.appbasicsetup.aaa.ArtUserLastStatus] is being defaulted to: ArtUserLastStatus.
[EL Config]: metadata: 2016-05-30 07:59:41.748--ServerSession(885932648)--Thread(Thread[Test worker,5,main])--The alias name for the entity class [class com.shop.app.shared.organization.contactmanagement.CommunicationGroup] is being defaulted to: CommunicationGroup.
[EL Config]: metadata: 2016-05-30 07:59:41.748--ServerSession(885932648)--Thread(Thread[Test worker,5,main])--The alias name for the entity class [class com.athena.shared.dataengine.query.ArtQuery] is being defaulted to: ArtQuery.
[EL Config]: metadata: 2016-05-30 07:59:41.749--ServerSession(885932648)--Thread(Thread[Test worker,5,main])--The alias name for the entity class [class com.shop.app.shared.organization.contactmanagement.Title] is being defaulted to: Title.
[EL Config]: metadata: 2016-05-30 07:59:41.749--ServerSession(885932648)--Thread(Thread[Test worker,5,main])--The alias name for the entity class [class com.shop.app.shared.appinsight.alarms.ArtLogSeverity] is being defaulted to: ArtLogSeverity.
[EL Config]: metadata: 2016-05-30 07:59:41.778--ServerSession(885932648)--Thread(Thread[Test worker,5,main])--The primary key column name for the mapping element [field contentType] is being defaulted to: file_mime_type.
[EL Config]: metadata: 2016-05-30 07:59:41.778--ServerSession(885932648)--Thread(Thread[Test worker,5,main])--The primary key column name for the mapping element [field file] is being defaulted to: file_id.
[EL Config]: metadata: 2016-05-30 07:59:41.779--ServerSession(885932648)--Thread(Thread[Test worker,5,main])--The primary key column name for the mapping element [field file] is being defaulted to: file_id.
[EL Config]: metadata: 2016-05-30 07:59:41.781--ServerSession(885932648)--Thread(Thread[Test worker,5,main])--The primary key column name for the mapping element [field file] is being defaulted to: file_id.
[EL Info]: 2016-05-30 07:59:42.596--ServerSession(885932648)--Thread(Thread[Test worker,5,main])--EclipseLink, version: Eclipse Persistence Services - 2.5.1.v20130918-f2b9fc5
[EL Fine]: connection: 2016-05-30 07:59:42.805--Thread(Thread[Test worker,5,main])--Detected database platform: org.eclipse.persistence.platform.database.MySQLPlatform
[EL Config]: connection: 2016-05-30 07:59:42.818--ServerSession(885932648)--Connection(1865977416)--Thread(Thread[Test worker,5,main])--connecting(DatabaseLogin(
	platform=>MySQLPlatform
	user name=> "shopdb"
	datasource URL=> "jdbc:mysql://localhost-MYSQL:3306/klickkart"
))
[EL Config]: connection: 2016-05-30 07:59:42.824--ServerSession(885932648)--Connection(2138502976)--Thread(Thread[Test worker,5,main])--Connected: jdbc:mysql://localhost-MYSQL:3306/klickkart
	User: shopdb@172.17.0.5
	Database: MySQL  Version: 5.7.7-rc
	Driver: MySQL Connector Java  Version: mysql-connector-java-5.1.31 ( Revision: alexander.soklakov@oracle.com-20140520065950-groqzzbvxprqdmnz )
[EL Config]: connection: 2016-05-30 07:59:42.824--ServerSession(885932648)--Connection(1533201440)--Thread(Thread[Test worker,5,main])--connecting(DatabaseLogin(
	platform=>MySQLPlatform
	user name=> "shopdb"
	datasource URL=> "jdbc:mysql://localhost-MYSQL:3306/klickkart"
))
[EL Config]: connection: 2016-05-30 07:59:42.829--ServerSession(885932648)--Connection(1256620935)--Thread(Thread[Test worker,5,main])--Connected: jdbc:mysql://localhost-MYSQL:3306/klickkart
	User: shopdb@172.17.0.5
	Database: MySQL  Version: 5.7.7-rc
	Driver: MySQL Connector Java  Version: mysql-connector-java-5.1.31 ( Revision: alexander.soklakov@oracle.com-20140520065950-groqzzbvxprqdmnz )
[EL Config]: connection: 2016-05-30 07:59:42.829--ServerSession(885932648)--Connection(1673869947)--Thread(Thread[Test worker,5,main])--connecting(DatabaseLogin(
	platform=>MySQLPlatform
	user name=> "shopdb"
	datasource URL=> "jdbc:mysql://localhost-MYSQL:3306/klickkart"
))
[EL Config]: connection: 2016-05-30 07:59:42.834--ServerSession(885932648)--Connection(967321361)--Thread(Thread[Test worker,5,main])--Connected: jdbc:mysql://localhost-MYSQL:3306/klickkart
	User: shopdb@172.17.0.5
	Database: MySQL  Version: 5.7.7-rc
	Driver: MySQL Connector Java  Version: mysql-connector-java-5.1.31 ( Revision: alexander.soklakov@oracle.com-20140520065950-groqzzbvxprqdmnz )
[EL Config]: connection: 2016-05-30 07:59:42.834--ServerSession(885932648)--Connection(1318906537)--Thread(Thread[Test worker,5,main])--connecting(DatabaseLogin(
	platform=>MySQLPlatform
	user name=> "shopdb"
	datasource URL=> "jdbc:mysql://localhost-MYSQL:3306/klickkart"
))
[EL Config]: connection: 2016-05-30 07:59:42.839--ServerSession(885932648)--Connection(1838121331)--Thread(Thread[Test worker,5,main])--Connected: jdbc:mysql://localhost-MYSQL:3306/klickkart
	User: shopdb@172.17.0.5
	Database: MySQL  Version: 5.7.7-rc
	Driver: MySQL Connector Java  Version: mysql-connector-java-5.1.31 ( Revision: alexander.soklakov@oracle.com-20140520065950-groqzzbvxprqdmnz )
[EL Config]: connection: 2016-05-30 07:59:42.84--ServerSession(885932648)--Connection(1752948022)--Thread(Thread[Test worker,5,main])--connecting(DatabaseLogin(
	platform=>MySQLPlatform
	user name=> "shopdb"
	datasource URL=> "jdbc:mysql://localhost-MYSQL:3306/klickkart"
))
[EL Config]: connection: 2016-05-30 07:59:42.846--ServerSession(885932648)--Connection(2016342366)--Thread(Thread[Test worker,5,main])--Connected: jdbc:mysql://localhost-MYSQL:3306/klickkart
	User: shopdb@172.17.0.5
	Database: MySQL  Version: 5.7.7-rc
	Driver: MySQL Connector Java  Version: mysql-connector-java-5.1.31 ( Revision: alexander.soklakov@oracle.com-20140520065950-groqzzbvxprqdmnz )
[EL Config]: connection: 2016-05-30 07:59:42.846--ServerSession(885932648)--Connection(1374195702)--Thread(Thread[Test worker,5,main])--connecting(DatabaseLogin(
	platform=>MySQLPlatform
	user name=> "shopdb"
	datasource URL=> "jdbc:mysql://localhost-MYSQL:3306/klickkart"
))
[EL Config]: connection: 2016-05-30 07:59:42.851--ServerSession(885932648)--Connection(867983565)--Thread(Thread[Test worker,5,main])--Connected: jdbc:mysql://localhost-MYSQL:3306/klickkart
	User: shopdb@172.17.0.5
	Database: MySQL  Version: 5.7.7-rc
	Driver: MySQL Connector Java  Version: mysql-connector-java-5.1.31 ( Revision: alexander.soklakov@oracle.com-20140520065950-groqzzbvxprqdmnz )
[EL Config]: connection: 2016-05-30 07:59:42.852--ServerSession(885932648)--Connection(343362884)--Thread(Thread[Test worker,5,main])--connecting(DatabaseLogin(
	platform=>MySQLPlatform
	user name=> "shopdb"
	datasource URL=> "jdbc:mysql://localhost-MYSQL:3306/klickkart"
))
[EL Config]: connection: 2016-05-30 07:59:42.857--ServerSession(885932648)--Connection(214918271)--Thread(Thread[Test worker,5,main])--Connected: jdbc:mysql://localhost-MYSQL:3306/klickkart
	User: shopdb@172.17.0.5
	Database: MySQL  Version: 5.7.7-rc
	Driver: MySQL Connector Java  Version: mysql-connector-java-5.1.31 ( Revision: alexander.soklakov@oracle.com-20140520065950-groqzzbvxprqdmnz )
[EL Config]: connection: 2016-05-30 07:59:42.858--ServerSession(885932648)--Connection(63886443)--Thread(Thread[Test worker,5,main])--connecting(DatabaseLogin(
	platform=>MySQLPlatform
	user name=> "shopdb"
	datasource URL=> "jdbc:mysql://localhost-MYSQL:3306/klickkart"
))
[EL Config]: connection: 2016-05-30 07:59:42.863--ServerSession(885932648)--Connection(1600304849)--Thread(Thread[Test worker,5,main])--Connected: jdbc:mysql://localhost-MYSQL:3306/klickkart
	User: shopdb@172.17.0.5
	Database: MySQL  Version: 5.7.7-rc
	Driver: MySQL Connector Java  Version: mysql-connector-java-5.1.31 ( Revision: alexander.soklakov@oracle.com-20140520065950-groqzzbvxprqdmnz )
[EL Config]: connection: 2016-05-30 07:59:42.864--ServerSession(885932648)--Connection(1238402115)--Thread(Thread[Test worker,5,main])--connecting(DatabaseLogin(
	platform=>MySQLPlatform
	user name=> "shopdb"
	datasource URL=> "jdbc:mysql://localhost-MYSQL:3306/klickkart"
))
[EL Config]: connection: 2016-05-30 07:59:42.869--ServerSession(885932648)--Connection(1318420719)--Thread(Thread[Test worker,5,main])--Connected: jdbc:mysql://localhost-MYSQL:3306/klickkart
	User: shopdb@172.17.0.5
	Database: MySQL  Version: 5.7.7-rc
	Driver: MySQL Connector Java  Version: mysql-connector-java-5.1.31 ( Revision: alexander.soklakov@oracle.com-20140520065950-groqzzbvxprqdmnz )
[EL Config]: connection: 2016-05-30 07:59:42.87--ServerSession(885932648)--Connection(960754487)--Thread(Thread[Test worker,5,main])--connecting(DatabaseLogin(
	platform=>MySQLPlatform
	user name=> "shopdb"
	datasource URL=> "jdbc:mysql://localhost-MYSQL:3306/klickkart"
))
[EL Config]: connection: 2016-05-30 07:59:42.877--ServerSession(885932648)--Connection(1869031999)--Thread(Thread[Test worker,5,main])--Connected: jdbc:mysql://localhost-MYSQL:3306/klickkart
	User: shopdb@172.17.0.5
	Database: MySQL  Version: 5.7.7-rc
	Driver: MySQL Connector Java  Version: mysql-connector-java-5.1.31 ( Revision: alexander.soklakov@oracle.com-20140520065950-groqzzbvxprqdmnz )
[EL Config]: connection: 2016-05-30 07:59:42.877--ServerSession(885932648)--Connection(1577502524)--Thread(Thread[Test worker,5,main])--connecting(DatabaseLogin(
	platform=>MySQLPlatform
	user name=> "shopdb"
	datasource URL=> "jdbc:mysql://localhost-MYSQL:3306/klickkart"
))
[EL Config]: connection: 2016-05-30 07:59:42.882--ServerSession(885932648)--Connection(1550921653)--Thread(Thread[Test worker,5,main])--Connected: jdbc:mysql://localhost-MYSQL:3306/klickkart
	User: shopdb@172.17.0.5
	Database: MySQL  Version: 5.7.7-rc
	Driver: MySQL Connector Java  Version: mysql-connector-java-5.1.31 ( Revision: alexander.soklakov@oracle.com-20140520065950-groqzzbvxprqdmnz )
[EL Config]: connection: 2016-05-30 07:59:42.883--ServerSession(885932648)--Connection(183714685)--Thread(Thread[Test worker,5,main])--connecting(DatabaseLogin(
	platform=>MySQLPlatform
	user name=> "shopdb"
	datasource URL=> "jdbc:mysql://localhost-MYSQL:3306/klickkart"
))
[EL Config]: connection: 2016-05-30 07:59:42.888--ServerSession(885932648)--Connection(428416295)--Thread(Thread[Test worker,5,main])--Connected: jdbc:mysql://localhost-MYSQL:3306/klickkart
	User: shopdb@172.17.0.5
	Database: MySQL  Version: 5.7.7-rc
	Driver: MySQL Connector Java  Version: mysql-connector-java-5.1.31 ( Revision: alexander.soklakov@oracle.com-20140520065950-groqzzbvxprqdmnz )
[EL Config]: connection: 2016-05-30 07:59:42.888--ServerSession(885932648)--Connection(2027485321)--Thread(Thread[Test worker,5,main])--connecting(DatabaseLogin(
	platform=>MySQLPlatform
	user name=> "shopdb"
	datasource URL=> "jdbc:mysql://localhost-MYSQL:3306/klickkart"
))
[EL Config]: connection: 2016-05-30 07:59:42.893--ServerSession(885932648)--Connection(779311339)--Thread(Thread[Test worker,5,main])--Connected: jdbc:mysql://localhost-MYSQL:3306/klickkart
	User: shopdb@172.17.0.5
	Database: MySQL  Version: 5.7.7-rc
	Driver: MySQL Connector Java  Version: mysql-connector-java-5.1.31 ( Revision: alexander.soklakov@oracle.com-20140520065950-groqzzbvxprqdmnz )
[EL Config]: connection: 2016-05-30 07:59:42.893--ServerSession(885932648)--Connection(382911520)--Thread(Thread[Test worker,5,main])--connecting(DatabaseLogin(
	platform=>MySQLPlatform
	user name=> "shopdb"
	datasource URL=> "jdbc:mysql://localhost-MYSQL:3306/klickkart"
))
[EL Config]: connection: 2016-05-30 07:59:42.898--ServerSession(885932648)--Connection(1468222936)--Thread(Thread[Test worker,5,main])--Connected: jdbc:mysql://localhost-MYSQL:3306/klickkart
	User: shopdb@172.17.0.5
	Database: MySQL  Version: 5.7.7-rc
	Driver: MySQL Connector Java  Version: mysql-connector-java-5.1.31 ( Revision: alexander.soklakov@oracle.com-20140520065950-groqzzbvxprqdmnz )
[EL Config]: connection: 2016-05-30 07:59:42.898--ServerSession(885932648)--Connection(1835781322)--Thread(Thread[Test worker,5,main])--connecting(DatabaseLogin(
	platform=>MySQLPlatform
	user name=> "shopdb"
	datasource URL=> "jdbc:mysql://localhost-MYSQL:3306/klickkart"
))
[EL Config]: connection: 2016-05-30 07:59:42.904--ServerSession(885932648)--Connection(2011299715)--Thread(Thread[Test worker,5,main])--Connected: jdbc:mysql://localhost-MYSQL:3306/klickkart
	User: shopdb@172.17.0.5
	Database: MySQL  Version: 5.7.7-rc
	Driver: MySQL Connector Java  Version: mysql-connector-java-5.1.31 ( Revision: alexander.soklakov@oracle.com-20140520065950-groqzzbvxprqdmnz )
[EL Config]: connection: 2016-05-30 07:59:42.904--ServerSession(885932648)--Connection(2011299715)--Thread(Thread[Test worker,5,main])--disconnect
[EL Warning]: metadata: 2016-05-30 07:59:42.916--ServerSession(885932648)--Thread(Thread[Test worker,5,main])--Reverting the lazy setting on the OneToOne or ManyToOne attribute [timezone] for the entity class [class com.shop.app.shared.organization.contactmanagement.CoreContacts] since weaving was not enabled or did not occur.
[EL Warning]: metadata: 2016-05-30 07:59:42.917--ServerSession(885932648)--Thread(Thread[Test worker,5,main])--Reverting the lazy setting on the OneToOne or ManyToOne attribute [coreContacts] for the entity class [class com.shop.app.shared.appbasicsetup.usermanagement.Login] since weaving was not enabled or did not occur.
[EL Warning]: metadata: 2016-05-30 07:59:42.917--ServerSession(885932648)--Thread(Thread[Test worker,5,main])--Reverting the lazy setting on the OneToOne or ManyToOne attribute [user] for the entity class [class com.shop.app.shared.appbasicsetup.usermanagement.Login] since weaving was not enabled or did not occur.
[EL Warning]: metadata: 2016-05-30 07:59:42.919--ServerSession(885932648)--Thread(Thread[Test worker,5,main])--Reverting the lazy setting on the OneToOne or ManyToOne attribute [user] for the entity class [class com.shop.app.shared.appbasicsetup.usermanagement.PassRecovery] since weaving was not enabled or did not occur.
[EL Warning]: metadata: 2016-05-30 07:59:42.92--ServerSession(885932648)--Thread(Thread[Test worker,5,main])--Reverting the lazy setting on the OneToOne or ManyToOne attribute [userData] for the entity class [class com.shop.app.shared.appbasicsetup.usermanagement.User] since weaving was not enabled or did not occur.
[EL Warning]: metadata: 2016-05-30 07:59:42.923--ServerSession(885932648)--Thread(Thread[Test worker,5,main])--Reverting the lazy setting on the OneToOne or ManyToOne attribute [user] for the entity class [class com.shop.app.shared.appbasicsetup.usermanagement.UserData] since weaving was not enabled or did not occur.
[EL Info]: connection: 2016-05-30 07:59:43.111--ServerSession(885932648)--Thread(Thread[Test worker,5,main])--file:/home/applifire/workspace/klickakart/build/resources/main_klickakart login successful
[EL Fine]: sql: 2016-05-30 07:59:53.017--ClientSession(420427368)--Connection(1468222936)--Thread(Thread[Test worker,5,main])--SELECT query_id, active_status, app_creator_id, created_by, created_date, hidden_name, jpql_query, name, project_id, project_version_id, query_json, query_type, sql_query, updated_by, updated_date, user_access, version_id FROM art_query WHERE ((active_status = ?) AND (sql_query IS NULL))
	bind => [true]
Repository handle
[EL Config]: connection: 2016-05-30 07:59:53.027--ServerSession(885932648)--Connection(1468222936)--Thread(Thread[Test worker,5,main])--disconnect
[EL Fine]: sql: 2016-05-30 07:59:53.034--ClientSession(1616956839)--Connection(779311339)--Thread(Thread[Test worker,5,main])--SELECT query_id, active_status, app_creator_id, created_by, created_date, hidden_name, jpql_query, name, project_id, project_version_id, query_json, query_type, sql_query, updated_by, updated_date, user_access, version_id FROM art_query WHERE (query_id = ?)
	bind => [06D5C9B5-059C-43F0-A313-4982DB0A1430]
[EL Fine]: sql: 2016-05-30 07:59:53.037--ClientSession(1616956839)--Connection(779311339)--Thread(Thread[Test worker,5,main])--UPDATE art_query SET sql_query = ? WHERE (query_id = ?)
	bind => [SELECT SUM(subTotal) FROM ast_Cart_T WHERE (userId = ?), 06D5C9B5-059C-43F0-A313-4982DB0A1430]
[EL Config]: connection: 2016-05-30 07:59:53.135--ServerSession(885932648)--Connection(779311339)--Thread(Thread[Test worker,5,main])--disconnect
[EL Fine]: sql: 2016-05-30 07:59:53.142--ClientSession(174299977)--Connection(428416295)--Thread(Thread[Test worker,5,main])--SELECT query_id, active_status, app_creator_id, created_by, created_date, hidden_name, jpql_query, name, project_id, project_version_id, query_json, query_type, sql_query, updated_by, updated_date, user_access, version_id FROM art_query WHERE (query_id = ?)
	bind => [5EFBC2C9-7D28-41DC-A6CB-BF1593804C54]
[EL Fine]: sql: 2016-05-30 07:59:53.144--ClientSession(174299977)--Connection(428416295)--Thread(Thread[Test worker,5,main])--UPDATE art_query SET sql_query = ? WHERE (query_id = ?)
	bind => [SELECT t0.qty, t0.subTotal, t1.itemName, t1.itemId, t1.itemImg, t1.itemStock, t1.itemPrice, t2.productDesc FROM ast_Cart_T t0, ast_Product_M t2, ast_Item_M t1 WHERE (((t0.itemID = t1.itemId) AND (t1.productId = t2.productId)) AND (t0.userId = ?)), 5EFBC2C9-7D28-41DC-A6CB-BF1593804C54]
[EL Config]: connection: 2016-05-30 07:59:53.193--ServerSession(885932648)--Connection(428416295)--Thread(Thread[Test worker,5,main])--disconnect
[EL Fine]: sql: 2016-05-30 07:59:53.196--ClientSession(1189288877)--Connection(1550921653)--Thread(Thread[Test worker,5,main])--SELECT query_id, active_status, app_creator_id, created_by, created_date, hidden_name, jpql_query, name, project_id, project_version_id, query_json, query_type, sql_query, updated_by, updated_date, user_access, version_id FROM art_query WHERE (query_id = ?)
	bind => [71EBFAA3-A620-45EE-9DBB-C692B7C9C4EB]
[EL Fine]: sql: 2016-05-30 07:59:53.198--ClientSession(1189288877)--Connection(1550921653)--Thread(Thread[Test worker,5,main])--UPDATE art_query SET sql_query = ? WHERE (query_id = ?)
	bind => [SELECT t0.itemName, t0.itemImg, t0.itemStock, t0.itemPrice, t0.itemId, t1.productDesc FROM ast_Item_M t0, ast_Product_M t1 WHERE ((t0.productId = t1.productId) AND (t0.itemStock > ?)), 71EBFAA3-A620-45EE-9DBB-C692B7C9C4EB]
[EL Config]: connection: 2016-05-30 07:59:53.237--ServerSession(885932648)--Connection(1550921653)--Thread(Thread[Test worker,5,main])--disconnect
Setting logged in user info for ADD
[EL Fine]: sql: 2016-05-30 08:00:05.994--ClientSession(27261878)--Connection(1869031999)--Thread(Thread[Test worker,5,main])--INSERT INTO ast_Title_M (titleId, titles, versionId, createdBy, createdDate, updatedBy, updatedDate, activeStatus, txnAccessCode) VALUES (?, ?, ?, ?, ?, ?, ?, ?, ?)
	bind => [94B44E01-37F3-45D5-9E1B-067DB573DFC5, l2VZGLx255RfGdkuftdkv6ELbNfRxGl12lFHe08zkOBxlDBonp, 1, AAAAA, 2016-05-30 08:00:04.909, AAAAA, 2016-05-30 08:00:04.91, 1, 51000]
[EL Config]: connection: 2016-05-30 08:00:06.082--ServerSession(885932648)--Connection(1869031999)--Thread(Thread[Test worker,5,main])--disconnect
[EL Fine]: sql: 2016-05-30 08:00:06.097--ClientSession(1932016337)--Connection(1318420719)--Thread(Thread[Test worker,5,main])--SELECT titleId, titles, versionId, createdBy, createdDate, updatedBy, updatedDate, activeStatus, txnAccessCode FROM ast_Title_M WHERE ((activeStatus = ?) AND (titleId = ?))
	bind => [1, 94B44E01-37F3-45D5-9E1B-067DB573DFC5]
[EL Config]: connection: 2016-05-30 08:00:06.102--ServerSession(885932648)--Connection(1318420719)--Thread(Thread[Test worker,5,main])--disconnect
Setting logged in user info for UPDATE
[EL Fine]: sql: 2016-05-30 08:00:06.106--ClientSession(1756039994)--Connection(1600304849)--Thread(Thread[Test worker,5,main])--SELECT titleId, titles, versionId, createdBy, createdDate, updatedBy, updatedDate, activeStatus, txnAccessCode FROM ast_Title_M WHERE (titleId = ?)
	bind => [94B44E01-37F3-45D5-9E1B-067DB573DFC5]
[EL Fine]: sql: 2016-05-30 08:00:06.109--ClientSession(1756039994)--Connection(1600304849)--Thread(Thread[Test worker,5,main])--UPDATE ast_Title_M SET titles = ?, versionId = ? WHERE ((titleId = ?) AND (versionId = ?))
	bind => [UQtoScUWxZUqiuAOVX4skVrMNvKusVdcPGBH2oFuJMmrPnvd8N, 2, 94B44E01-37F3-45D5-9E1B-067DB573DFC5, 1]
[EL Config]: connection: 2016-05-30 08:00:06.16--ServerSession(885932648)--Connection(1600304849)--Thread(Thread[Test worker,5,main])--disconnect
[EL Fine]: sql: 2016-05-30 08:00:06.168--ClientSession(1864089292)--Connection(214918271)--Thread(Thread[Test worker,5,main])--SELECT titleId, titles, versionId, createdBy, createdDate, updatedBy, updatedDate, activeStatus, txnAccessCode FROM ast_Title_M WHERE ((activeStatus = ?) AND (titleId = ?))
	bind => [1, 94B44E01-37F3-45D5-9E1B-067DB573DFC5]
[EL Config]: connection: 2016-05-30 08:00:06.17--ServerSession(885932648)--Connection(214918271)--Thread(Thread[Test worker,5,main])--disconnect
[EL Fine]: sql: 2016-05-30 08:00:06.201--ClientSession(948594520)--Connection(867983565)--Thread(Thread[Test worker,5,main])--SELECT titleId, titles, versionId, createdBy, createdDate, updatedBy, updatedDate, activeStatus, txnAccessCode FROM ast_Title_M WHERE (titleId = ?)
	bind => [94B44E01-37F3-45D5-9E1B-067DB573DFC5]
[EL Fine]: sql: 2016-05-30 08:00:06.206--ClientSession(948594520)--Connection(867983565)--Thread(Thread[Test worker,5,main])--DELETE FROM ast_Title_M WHERE ((titleId = ?) AND (versionId = ?))
	bind => [94B44E01-37F3-45D5-9E1B-067DB573DFC5, 2]
]]></system-out>
  <system-err><![CDATA[log4j:WARN No appenders could be found for logger (org.springframework.test.context.junit4.SpringJUnit4ClassRunner).
log4j:WARN Please initialize the log4j system properly.
log4j:WARN See http://logging.apache.org/log4j/1.2/faq.html#noconfig for more info.
SLF4J: Failed to load class "org.slf4j.impl.StaticLoggerBinder".
SLF4J: Defaulting to no-operation (NOP) logger implementation
SLF4J: See http://www.slf4j.org/codes.html#StaticLoggerBinder for further details.
Title.titles may not be null
java.lang.SecurityException: Title.titles may not be null
	at com.athena.server.pluggable.utils.helper.EntityValidatorHelper.validateEntity(EntityValidatorHelper.java:37)
	at com.shop.app.shared.organization.contactmanagement.Title.isValid(Title.java:137)
	at com.shop.app.server.service.organization.contactmanagement.TitleTestCase.validateTitle(TitleTestCase.java:178)
	at com.shop.app.server.service.organization.contactmanagement.TitleTestCase.test5NegativeTesting(TitleTestCase.java:209)
	at sun.reflect.NativeMethodAccessorImpl.invoke0(Native Method)
	at sun.reflect.NativeMethodAccessorImpl.invoke(NativeMethodAccessorImpl.java:57)
	at sun.reflect.DelegatingMethodAccessorImpl.invoke(DelegatingMethodAccessorImpl.java:43)
	at java.lang.reflect.Method.invoke(Method.java:606)
	at org.junit.runners.model.FrameworkMethod$1.runReflectiveCall(FrameworkMethod.java:47)
	at org.junit.internal.runners.model.ReflectiveCallable.run(ReflectiveCallable.java:12)
	at org.junit.runners.model.FrameworkMethod.invokeExplosively(FrameworkMethod.java:44)
	at org.junit.internal.runners.statements.InvokeMethod.evaluate(InvokeMethod.java:17)
	at org.junit.internal.runners.statements.RunBefores.evaluate(RunBefores.java:26)
	at org.springframework.test.context.junit4.statements.RunBeforeTestMethodCallbacks.evaluate(RunBeforeTestMethodCallbacks.java:74)
	at org.junit.internal.runners.statements.RunAfters.evaluate(RunAfters.java:27)
	at org.springframework.test.context.junit4.statements.RunAfterTestMethodCallbacks.evaluate(RunAfterTestMethodCallbacks.java:83)
	at org.springframework.test.context.junit4.statements.SpringRepeat.evaluate(SpringRepeat.java:72)
	at org.springframework.test.context.junit4.SpringJUnit4ClassRunner.runChild(SpringJUnit4ClassRunner.java:233)
	at org.springframework.test.context.junit4.SpringJUnit4ClassRunner.runChild(SpringJUnit4ClassRunner.java:87)
	at org.junit.runners.ParentRunner$3.run(ParentRunner.java:238)
	at org.junit.runners.ParentRunner$1.schedule(ParentRunner.java:63)
	at org.junit.runners.ParentRunner.runChildren(ParentRunner.java:236)
	at org.junit.runners.ParentRunner.access$000(ParentRunner.java:53)
	at org.junit.runners.ParentRunner$2.evaluate(ParentRunner.java:229)
	at org.junit.internal.runners.statements.RunBefores.evaluate(RunBefores.java:26)
	at org.springframework.test.context.junit4.statements.RunBeforeTestClassCallbacks.evaluate(RunBeforeTestClassCallbacks.java:61)
	at org.springframework.test.context.junit4.statements.RunAfterTestClassCallbacks.evaluate(RunAfterTestClassCallbacks.java:71)
	at org.junit.runners.ParentRunner.run(ParentRunner.java:309)
	at org.springframework.test.context.junit4.SpringJUnit4ClassRunner.run(SpringJUnit4ClassRunner.java:176)
	at org.gradle.api.internal.tasks.testing.junit.JUnitTestClassExecuter.runTestClass(JUnitTestClassExecuter.java:86)
	at org.gradle.api.internal.tasks.testing.junit.JUnitTestClassExecuter.execute(JUnitTestClassExecuter.java:49)
	at org.gradle.api.internal.tasks.testing.junit.JUnitTestClassProcessor.processTestClass(JUnitTestClassProcessor.java:64)
	at org.gradle.api.internal.tasks.testing.SuiteTestClassProcessor.processTestClass(SuiteTestClassProcessor.java:50)
	at sun.reflect.NativeMethodAccessorImpl.invoke0(Native Method)
	at sun.reflect.NativeMethodAccessorImpl.invoke(NativeMethodAccessorImpl.java:57)
	at sun.reflect.DelegatingMethodAccessorImpl.invoke(DelegatingMethodAccessorImpl.java:43)
	at java.lang.reflect.Method.invoke(Method.java:606)
	at org.gradle.messaging.dispatch.ReflectionDispatch.dispatch(ReflectionDispatch.java:35)
	at org.gradle.messaging.dispatch.ReflectionDispatch.dispatch(ReflectionDispatch.java:24)
	at org.gradle.messaging.dispatch.ContextClassLoaderDispatch.dispatch(ContextClassLoaderDispatch.java:32)
	at org.gradle.messaging.dispatch.ProxyDispatchAdapter$DispatchingInvocationHandler.invoke(ProxyDispatchAdapter.java:93)
	at com.sun.proxy.$Proxy2.processTestClass(Unknown Source)
	at org.gradle.api.internal.tasks.testing.worker.TestWorker.processTestClass(TestWorker.java:106)
	at sun.reflect.NativeMethodAccessorImpl.invoke0(Native Method)
	at sun.reflect.NativeMethodAccessorImpl.invoke(NativeMethodAccessorImpl.java:57)
	at sun.reflect.DelegatingMethodAccessorImpl.invoke(DelegatingMethodAccessorImpl.java:43)
	at java.lang.reflect.Method.invoke(Method.java:606)
	at org.gradle.messaging.dispatch.ReflectionDispatch.dispatch(ReflectionDispatch.java:35)
	at org.gradle.messaging.dispatch.ReflectionDispatch.dispatch(ReflectionDispatch.java:24)
	at org.gradle.messaging.remote.internal.hub.MessageHub$Handler.run(MessageHub.java:360)
	at org.gradle.internal.concurrent.DefaultExecutorFactory$StoppableExecutorImpl$1.run(DefaultExecutorFactory.java:64)
	at java.util.concurrent.ThreadPoolExecutor.runWorker(ThreadPoolExecutor.java:1145)
	at java.util.concurrent.ThreadPoolExecutor$Worker.run(ThreadPoolExecutor.java:615)
	at java.lang.Thread.run(Thread.java:745)
Title.titles size must be between 0 and 256
java.lang.SecurityException: Title.titles size must be between 0 and 256
	at com.athena.server.pluggable.utils.helper.EntityValidatorHelper.validateEntity(EntityValidatorHelper.java:37)
	at com.shop.app.shared.organization.contactmanagement.Title.isValid(Title.java:137)
	at com.shop.app.server.service.organization.contactmanagement.TitleTestCase.validateTitle(TitleTestCase.java:176)
	at com.shop.app.server.service.organization.contactmanagement.TitleTestCase.test5NegativeTesting(TitleTestCase.java:214)
	at sun.reflect.NativeMethodAccessorImpl.invoke0(Native Method)
	at sun.reflect.NativeMethodAccessorImpl.invoke(NativeMethodAccessorImpl.java:57)
	at sun.reflect.DelegatingMethodAccessorImpl.invoke(DelegatingMethodAccessorImpl.java:43)
	at java.lang.reflect.Method.invoke(Method.java:606)
	at org.junit.runners.model.FrameworkMethod$1.runReflectiveCall(FrameworkMethod.java:47)
	at org.junit.internal.runners.model.ReflectiveCallable.run(ReflectiveCallable.java:12)
	at org.junit.runners.model.FrameworkMethod.invokeExplosively(FrameworkMethod.java:44)
	at org.junit.internal.runners.statements.InvokeMethod.evaluate(InvokeMethod.java:17)
	at org.junit.internal.runners.statements.RunBefores.evaluate(RunBefores.java:26)
	at org.springframework.test.context.junit4.statements.RunBeforeTestMethodCallbacks.evaluate(RunBeforeTestMethodCallbacks.java:74)
	at org.junit.internal.runners.statements.RunAfters.evaluate(RunAfters.java:27)
	at org.springframework.test.context.junit4.statements.RunAfterTestMethodCallbacks.evaluate(RunAfterTestMethodCallbacks.java:83)
	at org.springframework.test.context.junit4.statements.SpringRepeat.evaluate(SpringRepeat.java:72)
	at org.springframework.test.context.junit4.SpringJUnit4ClassRunner.runChild(SpringJUnit4ClassRunner.java:233)
	at org.springframework.test.context.junit4.SpringJUnit4ClassRunner.runChild(SpringJUnit4ClassRunner.java:87)
	at org.junit.runners.ParentRunner$3.run(ParentRunner.java:238)
	at org.junit.runners.ParentRunner$1.schedule(ParentRunner.java:63)
	at org.junit.runners.ParentRunner.runChildren(ParentRunner.java:236)
	at org.junit.runners.ParentRunner.access$000(ParentRunner.java:53)
	at org.junit.runners.ParentRunner$2.evaluate(ParentRunner.java:229)
	at org.junit.internal.runners.statements.RunBefores.evaluate(RunBefores.java:26)
	at org.springframework.test.context.junit4.statements.RunBeforeTestClassCallbacks.evaluate(RunBeforeTestClassCallbacks.java:61)
	at org.springframework.test.context.junit4.statements.RunAfterTestClassCallbacks.evaluate(RunAfterTestClassCallbacks.java:71)
	at org.junit.runners.ParentRunner.run(ParentRunner.java:309)
	at org.springframework.test.context.junit4.SpringJUnit4ClassRunner.run(SpringJUnit4ClassRunner.java:176)
	at org.gradle.api.internal.tasks.testing.junit.JUnitTestClassExecuter.runTestClass(JUnitTestClassExecuter.java:86)
	at org.gradle.api.internal.tasks.testing.junit.JUnitTestClassExecuter.execute(JUnitTestClassExecuter.java:49)
	at org.gradle.api.internal.tasks.testing.junit.JUnitTestClassProcessor.processTestClass(JUnitTestClassProcessor.java:64)
	at org.gradle.api.internal.tasks.testing.SuiteTestClassProcessor.processTestClass(SuiteTestClassProcessor.java:50)
	at sun.reflect.NativeMethodAccessorImpl.invoke0(Native Method)
	at sun.reflect.NativeMethodAccessorImpl.invoke(NativeMethodAccessorImpl.java:57)
	at sun.reflect.DelegatingMethodAccessorImpl.invoke(DelegatingMethodAccessorImpl.java:43)
	at java.lang.reflect.Method.invoke(Method.java:606)
	at org.gradle.messaging.dispatch.ReflectionDispatch.dispatch(ReflectionDispatch.java:35)
	at org.gradle.messaging.dispatch.ReflectionDispatch.dispatch(ReflectionDispatch.java:24)
	at org.gradle.messaging.dispatch.ContextClassLoaderDispatch.dispatch(ContextClassLoaderDispatch.java:32)
	at org.gradle.messaging.dispatch.ProxyDispatchAdapter$DispatchingInvocationHandler.invoke(ProxyDispatchAdapter.java:93)
	at com.sun.proxy.$Proxy2.processTestClass(Unknown Source)
	at org.gradle.api.internal.tasks.testing.worker.TestWorker.processTestClass(TestWorker.java:106)
	at sun.reflect.NativeMethodAccessorImpl.invoke0(Native Method)
	at sun.reflect.NativeMethodAccessorImpl.invoke(NativeMethodAccessorImpl.java:57)
	at sun.reflect.DelegatingMethodAccessorImpl.invoke(DelegatingMethodAccessorImpl.java:43)
	at java.lang.reflect.Method.invoke(Method.java:606)
	at org.gradle.messaging.dispatch.ReflectionDispatch.dispatch(ReflectionDispatch.java:35)
	at org.gradle.messaging.dispatch.ReflectionDispatch.dispatch(ReflectionDispatch.java:24)
	at org.gradle.messaging.remote.internal.hub.MessageHub$Handler.run(MessageHub.java:360)
	at org.gradle.internal.concurrent.DefaultExecutorFactory$StoppableExecutorImpl$1.run(DefaultExecutorFactory.java:64)
	at java.util.concurrent.ThreadPoolExecutor.runWorker(ThreadPoolExecutor.java:1145)
	at java.util.concurrent.ThreadPoolExecutor$Worker.run(ThreadPoolExecutor.java:615)
	at java.lang.Thread.run(Thread.java:745)
]]></system-err>
</testsuite>
