<?xml version="1.0" encoding="UTF-8"?>
<testsuite name="com.shop.app.server.service.organization.contactmanagement.TitleTestCase" tests="5" skipped="0" failures="0" errors="0" timestamp="2016-05-31T08:18:05" hostname="80b5cf2cf483" time="34.893">
  <properties/>
  <testcase name="test1Save" classname="com.shop.app.server.service.organization.contactmanagement.TitleTestCase" time="34.65"/>
  <testcase name="test2Update" classname="com.shop.app.server.service.organization.contactmanagement.TitleTestCase" time="0.087"/>
  <testcase name="test3FindById" classname="com.shop.app.server.service.organization.contactmanagement.TitleTestCase" time="0.008"/>
  <testcase name="test5NegativeTesting" classname="com.shop.app.server.service.organization.contactmanagement.TitleTestCase" time="0.019"/>
  <testcase name="test6Delete" classname="com.shop.app.server.service.organization.contactmanagement.TitleTestCase" time="0.127"/>
  <system-out><![CDATA[Tue May 31 08:18:05 UTC 2016|Log Manager Factory|Initialization Process started.....
Tue May 31 08:18:05 UTC 2016|Log Manager|Initialized with Path = [/home/applifire/workspace/klickakart/src/main/webapp/WEB-INF/conf]
Tue May 31 08:18:05 UTC 2016|Alarm Manager|Initialized with Path = [/home/applifire/workspace/klickakart/src/main/webapp/WEB-INF/conf]
Tue May 31 08:18:05 UTC 2016|Alarm Manager|Loading Alarms ......
Tue May 31 08:18:05 UTC 2016|Alarm XML Parser|FWA|XML Parsing Complete........ 
Tue May 31 08:18:05 UTC 2016|Alarm File Manager|FWA|Alarm File Status.. [ApplicationFrameworkAlarms.xml]|Version=15|Status=Done 
Tue May 31 08:18:05 UTC 2016|Alarm File Manager|FWA|Alarm Stats = ( BC/AL=4/564 SYS=4/10 [564/0]  TPL=0/0 [0/0]  APP= A.Map=[645]  E.Map EC/RC=[237/66] )
Tue May 31 08:18:05 UTC 2016|Alarm XML Parser|APP|XML Parsing Complete........ 
Tue May 31 08:18:05 UTC 2016|Alarm File Manager|APP|Alarm File Status.. [ApplicationAlarms.xml]|Version=1|Status=Done 
Tue May 31 08:18:05 UTC 2016|Alarm File Manager|APP|Alarm Stats = ( BC/AL=5/648 SYS=4/10 [564/0]  TPL=0/0 [0/0]  APP=1/1 [84/0]  A.Map=[729]  E.Map EC/RC=[289/78] )
Tue May 31 08:18:05 UTC 2016|ApplicationAlarmContext| <><><><><> Create App Alarms ....  <><><><><> 
Tue May 31 08:18:05 UTC 2016|ApplicationAlarmContext|Alarms are generated ONLY in Development Mode.. 
Tue May 31 08:18:05 UTC 2016|Alarm Manager|APP|Alarm Stats = ( BC/AL=5/648 SYS=4/10 [564/0]  TPL=0/0 [0/0]  APP=1/1 [84/0]  A.Map=[729]  E.Map EC/RC=[289/78] )
Tue May 31 08:18:05 UTC 2016|Alarm Manager|Initialized Exception Lookup...
Tue May 31 08:18:05 UTC 2016|Log Manager|Initialize Log Config File ......
Tue May 31 08:18:05 UTC 2016|Pluggable Connectors|Adding Connectors : StandardOutputConnector isEnabled=true isDefault=false isFallBack=true
Tue May 31 08:18:05 UTC 2016|Pluggable Connectors|Adding Connectors : StandardFileConnector isEnabled=true isDefault=false isFallBack=false
Tue May 31 08:18:05 UTC 2016|Pluggable Connectors|Adding Connectors : Sprinkler isEnabled=true isDefault=true isFallBack=false
Tue May 31 08:18:05 UTC 2016|Pluggable Connectors|Default Connector Name : com.spartan.logger.core.LogMessenger
Tue May 31 08:18:05 UTC 2016|Log Config Parser|Connector Least Log Level =[4]  FallBack Log Level =[3]
Tue May 31 08:18:05 UTC 2016|Log Manager|Loading Default Connector for Logging ......
Tue May 31 08:18:05 UTC 2016|Log Manager|Loading class .. com.spartan.logger.core.LogMessenger
Tue May 31 08:18:05 UTC 2016|Plugggable Connector|Connector class com.spartan.logger.core.LogMessenger Initialized... @ Log Level = 3
Tue May 31 08:18:05 UTC 2016|Log Manager|Starting the Default Connector [com.spartan.logger.core.LogMessenger@4fd4cb2f] ....
Tue May 31 08:18:05 UTC 2016|Scheduler|Starting the Scheduler ......
Tue May 31 08:18:05 UTC 2016|Scheduler|Adding [LMID=[cec1f73d-ea8d-42b0-91cc-bf294742eedc]] Delay=5 Time Unit=MINUTES
Tue May 31 08:18:05 UTC 2016|Scheduler|Adding [App Alarm Manager File=[ApplicationAlarms.xml]] Delay=30 Time Unit=MINUTES
Tue May 31 08:18:05 UTC 2016|Scheduler|Adding [FW Alarm Manager File=[ApplicationFrameworkAlarms.xml]] Delay=3 Time Unit=MINUTES
Tue May 31 08:18:05 UTC 2016|Scheduler|Startup Completed..
Tue May 31 08:18:05 UTC 2016|Log Manager|Initialization Process Complete ......
Tue May 31 08:18:05 UTC 2016|Log Manager Factory|Log Manager READY! ID = cec1f73d-ea8d-42b0-91cc-bf294742eedc
[EL Config]: metadata: 2016-05-31 08:18:15.056--ServerSession(384108644)--Thread(Thread[Test worker,5,main])--The access type for the persistent class [class com.shop.app.shared.appinsight.alarms.ArtLogArchitectureLayer] is set to [FIELD].
[EL Config]: metadata: 2016-05-31 08:18:15.097--ServerSession(384108644)--Thread(Thread[Test worker,5,main])--The access type for the persistent class [class com.shop.app.shared.appbasicsetup.usermanagement.UserAccessLevel] is set to [FIELD].
[EL Config]: metadata: 2016-05-31 08:18:15.104--ServerSession(384108644)--Thread(Thread[Test worker,5,main])--The access type for the persistent class [class com.shop.app.shared.shoppingcontext.retail.Item] is set to [FIELD].
[EL Config]: metadata: 2016-05-31 08:18:15.106--ServerSession(384108644)--Thread(Thread[Test worker,5,main])--The access type for the persistent class [class com.athena.shared.pluggable.entity.AuditPropertiesEntity] is set to [FIELD].
[EL Config]: metadata: 2016-05-31 08:18:15.113--ServerSession(384108644)--Thread(Thread[Test worker,5,main])--The access type for the persistent class [class com.athena.cloud.shared.entity.CloudDriveTags] is set to [FIELD].
[EL Config]: metadata: 2016-05-31 08:18:15.128--ServerSession(384108644)--Thread(Thread[Test worker,5,main])--The target entity (reference) class for the one to many mapping element [field awsCloudDriveTagFiles] is being defaulted to: class com.athena.cloud.shared.entity.CloudDriveTagFiles.
[EL Config]: metadata: 2016-05-31 08:18:15.13--ServerSession(384108644)--Thread(Thread[Test worker,5,main])--The access type for the persistent class [class com.shop.app.shared.appbasicsetup.usermanagement.PasswordPolicy] is set to [FIELD].
[EL Config]: metadata: 2016-05-31 08:18:15.132--ServerSession(384108644)--Thread(Thread[Test worker,5,main])--The access type for the persistent class [class com.shop.app.shared.appbasicsetup.usermanagement.Login] is set to [FIELD].
[EL Config]: metadata: 2016-05-31 08:18:15.137--ServerSession(384108644)--Thread(Thread[Test worker,5,main])--The target entity (reference) class for the one to one mapping element [field coreContacts] is being defaulted to: class com.shop.app.shared.organization.contactmanagement.CoreContacts.
[EL Config]: metadata: 2016-05-31 08:18:15.139--ServerSession(384108644)--Thread(Thread[Test worker,5,main])--The target entity (reference) class for the one to one mapping element [field user] is being defaulted to: class com.shop.app.shared.appbasicsetup.usermanagement.User.
[EL Config]: metadata: 2016-05-31 08:18:15.14--ServerSession(384108644)--Thread(Thread[Test worker,5,main])--The access type for the persistent class [class com.spartan.healthmeter.entity.ArtHealthStatusConfiguration] is set to [FIELD].
[EL Config]: metadata: 2016-05-31 08:18:15.141--ServerSession(384108644)--Thread(Thread[Test worker,5,main])--The access type for the persistent class [class com.shop.app.shared.appbasicsetup.usermanagement.PasswordAlgo] is set to [FIELD].
[EL Config]: metadata: 2016-05-31 08:18:15.144--ServerSession(384108644)--Thread(Thread[Test worker,5,main])--The access type for the persistent class [class com.athena.cloud.shared.entity.CloudDriveFiles] is set to [FIELD].
[EL Config]: metadata: 2016-05-31 08:18:15.145--ServerSession(384108644)--Thread(Thread[Test worker,5,main])--The target entity (reference) class for the many to many mapping element [field tags] is being defaulted to: class com.athena.cloud.shared.entity.CloudDriveTags.
[EL Config]: metadata: 2016-05-31 08:18:15.147--ServerSession(384108644)--Thread(Thread[Test worker,5,main])--The target entity (reference) class for the one to one mapping element [field contentType] is being defaulted to: class com.athena.cloud.shared.entity.CloudDriveContentType.
[EL Config]: metadata: 2016-05-31 08:18:15.152--ServerSession(384108644)--Thread(Thread[Test worker,5,main])--The access type for the persistent class [class com.shop.app.shared.appinsight.alarms.ArtLogAlarm] is set to [FIELD].
[EL Config]: metadata: 2016-05-31 08:18:15.154--ServerSession(384108644)--Thread(Thread[Test worker,5,main])--The access type for the persistent class [class com.athena.shared.pluggable.entity.ArtEntity] is set to [FIELD].
[EL Config]: metadata: 2016-05-31 08:18:15.158--ServerSession(384108644)--Thread(Thread[Test worker,5,main])--The access type for the persistent class [class com.athena.deo.model.ArtExternalIntegration] is set to [FIELD].
[EL Config]: metadata: 2016-05-31 08:18:15.16--ServerSession(384108644)--Thread(Thread[Test worker,5,main])--The access type for the persistent class [class com.shop.app.shared.appbasicsetup.usermanagement.UserAccessDomain] is set to [FIELD].
[EL Config]: metadata: 2016-05-31 08:18:15.163--ServerSession(384108644)--Thread(Thread[Test worker,5,main])--The access type for the persistent class [class com.shop.app.shared.organization.locationmanagement.Address] is set to [FIELD].
[EL Config]: metadata: 2016-05-31 08:18:15.165--ServerSession(384108644)--Thread(Thread[Test worker,5,main])--The access type for the persistent class [class com.shop.app.shared.organization.locationmanagement.Country] is set to [FIELD].
[EL Config]: metadata: 2016-05-31 08:18:15.167--ServerSession(384108644)--Thread(Thread[Test worker,5,main])--The access type for the persistent class [class com.shop.app.shared.organization.contactmanagement.CommunicationType] is set to [FIELD].
[EL Config]: metadata: 2016-05-31 08:18:15.169--ServerSession(384108644)--Thread(Thread[Test worker,5,main])--The access type for the persistent class [class com.shop.app.shared.appbasicsetup.usermanagement.ArtPasswordAlgorithm] is set to [FIELD].
[EL Config]: metadata: 2016-05-31 08:18:15.171--ServerSession(384108644)--Thread(Thread[Test worker,5,main])--The access type for the persistent class [class com.spartan.healthmeter.entity.ZenHealthGauge] is set to [FIELD].
[EL Config]: metadata: 2016-05-31 08:18:15.173--ServerSession(384108644)--Thread(Thread[Test worker,5,main])--The access type for the persistent class [class com.shop.app.shared.organization.locationmanagement.Language] is set to [FIELD].
[EL Config]: metadata: 2016-05-31 08:18:15.175--ServerSession(384108644)--Thread(Thread[Test worker,5,main])--The access type for the persistent class [class com.athena.cloud.shared.entity.CloudDriveContentType] is set to [FIELD].
[EL Config]: metadata: 2016-05-31 08:18:15.176--ServerSession(384108644)--Thread(Thread[Test worker,5,main])--The access type for the persistent class [class com.shop.app.shared.appinsight.alarms.ArtLogConfig] is set to [FIELD].
[EL Config]: metadata: 2016-05-31 08:18:15.178--ServerSession(384108644)--Thread(Thread[Test worker,5,main])--The access type for the persistent class [class com.athena.cloud.shared.entity.CloudDriveTagShared] is set to [FIELD].
[EL Config]: metadata: 2016-05-31 08:18:15.179--ServerSession(384108644)--Thread(Thread[Test worker,5,main])--The target entity (reference) class for the one to one mapping element [field tags] is being defaulted to: class com.athena.cloud.shared.entity.CloudDriveTags.
[EL Config]: metadata: 2016-05-31 08:18:15.181--ServerSession(384108644)--Thread(Thread[Test worker,5,main])--The access type for the persistent class [class com.shop.app.shared.organization.contactmanagement.ContactType] is set to [FIELD].
[EL Config]: metadata: 2016-05-31 08:18:15.182--ServerSession(384108644)--Thread(Thread[Test worker,5,main])--The access type for the persistent class [class com.shop.app.shared.appbasicsetup.usermanagement.UserData] is set to [FIELD].
[EL Config]: metadata: 2016-05-31 08:18:15.184--ServerSession(384108644)--Thread(Thread[Test worker,5,main])--The target entity (reference) class for the one to one mapping element [field user] is being defaulted to: class com.shop.app.shared.appbasicsetup.usermanagement.User.
[EL Config]: metadata: 2016-05-31 08:18:15.185--ServerSession(384108644)--Thread(Thread[Test worker,5,main])--The access type for the persistent class [class com.shop.app.shared.organization.locationmanagement.State] is set to [FIELD].
[EL Config]: metadata: 2016-05-31 08:18:15.187--ServerSession(384108644)--Thread(Thread[Test worker,5,main])--The access type for the persistent class [class com.shop.app.shared.appbasicsetup.usermanagement.ArtPasswordPolicy] is set to [FIELD].
[EL Config]: metadata: 2016-05-31 08:18:15.189--ServerSession(384108644)--Thread(Thread[Test worker,5,main])--The access type for the persistent class [class com.shop.app.shared.appbasicsetup.userrolemanagement.UserRoleBridge] is set to [FIELD].
[EL Config]: metadata: 2016-05-31 08:18:15.19--ServerSession(384108644)--Thread(Thread[Test worker,5,main])--The access type for the persistent class [class com.spartan.healthmeter.entity.HealthSchedulerConfiguration] is set to [FIELD].
[EL Config]: metadata: 2016-05-31 08:18:15.192--ServerSession(384108644)--Thread(Thread[Test worker,5,main])--The access type for the persistent class [class com.athena.cloud.shared.entity.CloudDriveFileVersion] is set to [FIELD].
[EL Config]: metadata: 2016-05-31 08:18:15.193--ServerSession(384108644)--Thread(Thread[Test worker,5,main])--The target entity (reference) class for the one to one mapping element [field file] is being defaulted to: class com.athena.cloud.shared.entity.CloudDriveFiles.
[EL Config]: metadata: 2016-05-31 08:18:15.195--ServerSession(384108644)--Thread(Thread[Test worker,5,main])--The access type for the persistent class [class com.spartan.healthmeter.entity.ZenSchedulerHealth] is set to [FIELD].
[EL Config]: metadata: 2016-05-31 08:18:15.199--ServerSession(384108644)--Thread(Thread[Test worker,5,main])--The access type for the persistent class [class com.shop.app.shared.appbasicsetup.usermanagement.SessionData] is set to [FIELD].
[EL Config]: metadata: 2016-05-31 08:18:15.201--ServerSession(384108644)--Thread(Thread[Test worker,5,main])--The access type for the persistent class [class com.shop.app.shared.appinsight.alarms.ArtLogEventAction] is set to [FIELD].
[EL Config]: metadata: 2016-05-31 08:18:15.202--ServerSession(384108644)--Thread(Thread[Test worker,5,main])--The access type for the persistent class [class com.shop.app.shared.appbasicsetup.usermanagement.ArtAppNotificationTemplate] is set to [FIELD].
[EL Config]: metadata: 2016-05-31 08:18:15.204--ServerSession(384108644)--Thread(Thread[Test worker,5,main])--The access type for the persistent class [class com.shop.app.shared.organization.contactmanagement.CommunicationData] is set to [FIELD].
[EL Config]: metadata: 2016-05-31 08:18:15.206--ServerSession(384108644)--Thread(Thread[Test worker,5,main])--The access type for the persistent class [class com.shop.app.shared.appbasicsetup.usermanagement.LoginSession] is set to [FIELD].
[EL Config]: metadata: 2016-05-31 08:18:15.208--ServerSession(384108644)--Thread(Thread[Test worker,5,main])--The access type for the persistent class [class com.shop.app.shared.shoppingcontext.retail.OrderDetail] is set to [FIELD].
[EL Config]: metadata: 2016-05-31 08:18:15.209--ServerSession(384108644)--Thread(Thread[Test worker,5,main])--The target entity (reference) class for the one to one mapping element [field orderMain] is being defaulted to: class com.shop.app.shared.shoppingcontext.retail.OrderMain.
[EL Config]: metadata: 2016-05-31 08:18:15.211--ServerSession(384108644)--Thread(Thread[Test worker,5,main])--The access type for the persistent class [class com.shop.app.shared.appbasicsetup.usermanagement.User] is set to [FIELD].
[EL Config]: metadata: 2016-05-31 08:18:15.213--ServerSession(384108644)--Thread(Thread[Test worker,5,main])--The target entity (reference) class for the one to one mapping element [field userData] is being defaulted to: class com.shop.app.shared.appbasicsetup.usermanagement.UserData.
[EL Config]: metadata: 2016-05-31 08:18:15.215--ServerSession(384108644)--Thread(Thread[Test worker,5,main])--The target entity (reference) class for the one to many mapping element [field passRecovery] is being defaulted to: class com.shop.app.shared.appbasicsetup.usermanagement.PassRecovery.
[EL Config]: metadata: 2016-05-31 08:18:15.216--ServerSession(384108644)--Thread(Thread[Test worker,5,main])--The access type for the persistent class [class com.shop.app.shared.appbasicsetup.usermanagement.Question] is set to [FIELD].
[EL Config]: metadata: 2016-05-31 08:18:15.218--ServerSession(384108644)--Thread(Thread[Test worker,5,main])--The access type for the persistent class [class com.shop.app.shared.shoppingcontext.retail.Cart] is set to [FIELD].
[EL Config]: metadata: 2016-05-31 08:18:15.22--ServerSession(384108644)--Thread(Thread[Test worker,5,main])--The access type for the persistent class [class com.athena.cloud.shared.entity.CloudDriveFileShared] is set to [FIELD].
[EL Config]: metadata: 2016-05-31 08:18:15.221--ServerSession(384108644)--Thread(Thread[Test worker,5,main])--The target entity (reference) class for the one to one mapping element [field file] is being defaulted to: class com.athena.cloud.shared.entity.CloudDriveFiles.
[EL Config]: metadata: 2016-05-31 08:18:15.224--ServerSession(384108644)--Thread(Thread[Test worker,5,main])--The access type for the persistent class [class com.spartan.healthmeter.entity.ZenHealthStatus] is set to [FIELD].
[EL Config]: metadata: 2016-05-31 08:18:15.225--ServerSession(384108644)--Thread(Thread[Test worker,5,main])--The access type for the persistent class [class com.shop.app.shared.organization.contactmanagement.CoreContacts] is set to [FIELD].
[EL Config]: metadata: 2016-05-31 08:18:15.227--ServerSession(384108644)--Thread(Thread[Test worker,5,main])--The target entity (reference) class for the one to one mapping element [field timezone] is being defaulted to: class com.shop.app.shared.organization.locationmanagement.Timezone.
[EL Config]: metadata: 2016-05-31 08:18:15.229--ServerSession(384108644)--Thread(Thread[Test worker,5,main])--The target entity (reference) class for the one to many mapping element [field address] is being defaulted to: class com.shop.app.shared.organization.locationmanagement.Address.
[EL Config]: metadata: 2016-05-31 08:18:15.229--ServerSession(384108644)--Thread(Thread[Test worker,5,main])--The target entity (reference) class for the one to many mapping element [field communicationData] is being defaulted to: class com.shop.app.shared.organization.contactmanagement.CommunicationData.
[EL Config]: metadata: 2016-05-31 08:18:15.23--ServerSession(384108644)--Thread(Thread[Test worker,5,main])--The access type for the persistent class [class com.shop.app.shared.appinsight.alarms.ArtLogEvents] is set to [FIELD].
[EL Config]: metadata: 2016-05-31 08:18:15.232--ServerSession(384108644)--Thread(Thread[Test worker,5,main])--The access type for the persistent class [class com.shop.app.shared.shoppingcontext.retail.OrderMain] is set to [FIELD].
[EL Config]: metadata: 2016-05-31 08:18:15.232--ServerSession(384108644)--Thread(Thread[Test worker,5,main])--The target entity (reference) class for the one to many mapping element [field orderDetail] is being defaulted to: class com.shop.app.shared.shoppingcontext.retail.OrderDetail.
[EL Config]: metadata: 2016-05-31 08:18:15.233--ServerSession(384108644)--Thread(Thread[Test worker,5,main])--The access type for the persistent class [class com.athena.cloud.shared.entity.CloudDriveDefaultTags] is set to [FIELD].
[EL Config]: metadata: 2016-05-31 08:18:15.234--ServerSession(384108644)--Thread(Thread[Test worker,5,main])--The access type for the persistent class [class com.shop.app.shared.organization.locationmanagement.Timezone] is set to [FIELD].
[EL Config]: metadata: 2016-05-31 08:18:15.234--ServerSession(384108644)--Thread(Thread[Test worker,5,main])--The access type for the persistent class [class com.shop.app.shared.organization.locationmanagement.City] is set to [FIELD].
[EL Config]: metadata: 2016-05-31 08:18:15.235--ServerSession(384108644)--Thread(Thread[Test worker,5,main])--The access type for the persistent class [class com.shop.app.shared.organization.locationmanagement.AddressType] is set to [FIELD].
[EL Config]: metadata: 2016-05-31 08:18:15.237--ServerSession(384108644)--Thread(Thread[Test worker,5,main])--The access type for the persistent class [class com.shop.app.shared.appbasicsetup.userrolemanagement.RoleMenuBridge] is set to [FIELD].
[EL Config]: metadata: 2016-05-31 08:18:15.239--ServerSession(384108644)--Thread(Thread[Test worker,5,main])--The target entity (reference) class for the one to one mapping element [field roles] is being defaulted to: class com.shop.app.shared.appbasicsetup.userrolemanagement.Roles.
[EL Config]: metadata: 2016-05-31 08:18:15.24--ServerSession(384108644)--Thread(Thread[Test worker,5,main])--The access type for the persistent class [class com.spartan.healthmeter.entity.ZenRequestDetails] is set to [FIELD].
[EL Config]: metadata: 2016-05-31 08:18:15.241--ServerSession(384108644)--Thread(Thread[Test worker,5,main])--The access type for the persistent class [class com.spartan.healthmeter.entity.ArtHealthSchedulerConfiguration] is set to [FIELD].
[EL Config]: metadata: 2016-05-31 08:18:15.242--ServerSession(384108644)--Thread(Thread[Test worker,5,main])--The access type for the persistent class [class com.shop.app.shared.organization.contactmanagement.Gender] is set to [FIELD].
[EL Config]: metadata: 2016-05-31 08:18:15.243--ServerSession(384108644)--Thread(Thread[Test worker,5,main])--The access type for the persistent class [class com.athena.shared.dataengine.report.ArtReportUI] is set to [FIELD].
[EL Config]: metadata: 2016-05-31 08:18:15.244--ServerSession(384108644)--Thread(Thread[Test worker,5,main])--The access type for the persistent class [class com.athena.cloud.shared.entity.CloudDriveTagFiles] is set to [FIELD].
[EL Config]: metadata: 2016-05-31 08:18:15.245--ServerSession(384108644)--Thread(Thread[Test worker,5,main])--The target entity (reference) class for the one to one mapping element [field tags] is being defaulted to: class com.athena.cloud.shared.entity.CloudDriveTags.
[EL Config]: metadata: 2016-05-31 08:18:15.245--ServerSession(384108644)--Thread(Thread[Test worker,5,main])--The target entity (reference) class for the one to one mapping element [field file] is being defaulted to: class com.athena.cloud.shared.entity.CloudDriveFiles.
[EL Config]: metadata: 2016-05-31 08:18:15.245--ServerSession(384108644)--Thread(Thread[Test worker,5,main])--The access type for the persistent class [class com.spartan.healthmeter.entity.ZenHealthCounter] is set to [FIELD].
[EL Config]: metadata: 2016-05-31 08:18:15.246--ServerSession(384108644)--Thread(Thread[Test worker,5,main])--The access type for the persistent class [class com.spartan.healthmeter.entity.ZenHealth] is set to [FIELD].
[EL Config]: metadata: 2016-05-31 08:18:15.249--ServerSession(384108644)--Thread(Thread[Test worker,5,main])--The access type for the persistent class [class com.spartan.server.session.entity.AppSessionConfig] is set to [FIELD].
[EL Config]: metadata: 2016-05-31 08:18:15.249--ServerSession(384108644)--Thread(Thread[Test worker,5,main])--The access type for the persistent class [class com.shop.app.shared.shoppingcontext.retail.Product] is set to [FIELD].
[EL Config]: metadata: 2016-05-31 08:18:15.25--ServerSession(384108644)--Thread(Thread[Test worker,5,main])--The access type for the persistent class [class com.shop.app.shared.appinsight.alarms.ArtLogStatus] is set to [FIELD].
[EL Config]: metadata: 2016-05-31 08:18:15.251--ServerSession(384108644)--Thread(Thread[Test worker,5,main])--The access type for the persistent class [class com.shop.app.shared.appbasicsetup.userrolemanagement.Roles] is set to [FIELD].
[EL Config]: metadata: 2016-05-31 08:18:15.251--ServerSession(384108644)--Thread(Thread[Test worker,5,main])--The target entity (reference) class for the one to many mapping element [field roleMenuBridge] is being defaulted to: class com.shop.app.shared.appbasicsetup.userrolemanagement.RoleMenuBridge.
[EL Config]: metadata: 2016-05-31 08:18:15.252--ServerSession(384108644)--Thread(Thread[Test worker,5,main])--The access type for the persistent class [class com.shop.app.shared.appbasicsetup.usermanagement.PassRecovery] is set to [FIELD].
[EL Config]: metadata: 2016-05-31 08:18:15.253--ServerSession(384108644)--Thread(Thread[Test worker,5,main])--The target entity (reference) class for the one to one mapping element [field user] is being defaulted to: class com.shop.app.shared.appbasicsetup.usermanagement.User.
[EL Config]: metadata: 2016-05-31 08:18:15.253--ServerSession(384108644)--Thread(Thread[Test worker,5,main])--The access type for the persistent class [class com.shop.app.shared.appbasicsetup.userrolemanagement.AppMenus] is set to [FIELD].
[EL Config]: metadata: 2016-05-31 08:18:15.254--ServerSession(384108644)--Thread(Thread[Test worker,5,main])--The access type for the persistent class [class com.shop.app.shared.appbasicsetup.aaa.ArtUserLastStatus] is set to [FIELD].
[EL Config]: metadata: 2016-05-31 08:18:15.256--ServerSession(384108644)--Thread(Thread[Test worker,5,main])--The access type for the persistent class [class com.shop.app.shared.organization.contactmanagement.CommunicationGroup] is set to [FIELD].
[EL Config]: metadata: 2016-05-31 08:18:15.257--ServerSession(384108644)--Thread(Thread[Test worker,5,main])--The access type for the persistent class [class com.athena.shared.dataengine.query.ArtQuery] is set to [FIELD].
[EL Config]: metadata: 2016-05-31 08:18:15.258--ServerSession(384108644)--Thread(Thread[Test worker,5,main])--The access type for the persistent class [class com.shop.app.shared.organization.contactmanagement.Title] is set to [FIELD].
[EL Config]: metadata: 2016-05-31 08:18:15.258--ServerSession(384108644)--Thread(Thread[Test worker,5,main])--The access type for the persistent class [class com.shop.app.shared.appinsight.alarms.ArtLogSeverity] is set to [FIELD].
[EL Config]: metadata: 2016-05-31 08:18:15.258--ServerSession(384108644)--Thread(Thread[Test worker,5,main])--The access type for the persistent class [class com.spartan.healthmeter.shared.EntityAudit] is set to [FIELD].
[EL Config]: metadata: 2016-05-31 08:18:15.26--ServerSession(384108644)--Thread(Thread[Test worker,5,main])--The access type for the persistent class [class com.shop.app.shared.SystemInfo] is set to [FIELD].
[EL Config]: metadata: 2016-05-31 08:18:15.26--ServerSession(384108644)--Thread(Thread[Test worker,5,main])--The access type for the persistent class [class com.spartan.healthmeter.shared.SystemInfo] is set to [FIELD].
[EL Config]: metadata: 2016-05-31 08:18:15.26--ServerSession(384108644)--Thread(Thread[Test worker,5,main])--The access type for the persistent class [class com.shop.app.shared.EntityAudit] is set to [FIELD].
[EL Config]: metadata: 2016-05-31 08:18:15.267--ServerSession(384108644)--Thread(Thread[Test worker,5,main])--The alias name for the entity class [class com.shop.app.shared.appinsight.alarms.ArtLogArchitectureLayer] is being defaulted to: ArtLogArchitectureLayer.
[EL Config]: metadata: 2016-05-31 08:18:15.279--ServerSession(384108644)--Thread(Thread[Test worker,5,main])--The alias name for the entity class [class com.shop.app.shared.appbasicsetup.usermanagement.UserAccessLevel] is being defaulted to: UserAccessLevel.
[EL Config]: metadata: 2016-05-31 08:18:15.282--ServerSession(384108644)--Thread(Thread[Test worker,5,main])--The alias name for the entity class [class com.shop.app.shared.shoppingcontext.retail.Item] is being defaulted to: Item.
[EL Config]: metadata: 2016-05-31 08:18:15.282--ServerSession(384108644)--Thread(Thread[Test worker,5,main])--The alias name for the entity class [class com.athena.cloud.shared.entity.CloudDriveTags] is being defaulted to: CloudDriveTags.
[EL Config]: metadata: 2016-05-31 08:18:15.283--ServerSession(384108644)--Thread(Thread[Test worker,5,main])--The alias name for the entity class [class com.shop.app.shared.appbasicsetup.usermanagement.PasswordPolicy] is being defaulted to: PasswordPolicy.
[EL Config]: metadata: 2016-05-31 08:18:15.284--ServerSession(384108644)--Thread(Thread[Test worker,5,main])--The alias name for the entity class [class com.shop.app.shared.appbasicsetup.usermanagement.Login] is being defaulted to: Login.
[EL Config]: metadata: 2016-05-31 08:18:15.284--ServerSession(384108644)--Thread(Thread[Test worker,5,main])--The alias name for the entity class [class com.spartan.healthmeter.entity.ArtHealthStatusConfiguration] is being defaulted to: ArtHealthStatusConfiguration.
[EL Config]: metadata: 2016-05-31 08:18:15.285--ServerSession(384108644)--Thread(Thread[Test worker,5,main])--The alias name for the entity class [class com.shop.app.shared.appbasicsetup.usermanagement.PasswordAlgo] is being defaulted to: PasswordAlgo.
[EL Config]: metadata: 2016-05-31 08:18:15.285--ServerSession(384108644)--Thread(Thread[Test worker,5,main])--The alias name for the entity class [class com.athena.cloud.shared.entity.CloudDriveFiles] is being defaulted to: CloudDriveFiles.
[EL Config]: metadata: 2016-05-31 08:18:15.286--ServerSession(384108644)--Thread(Thread[Test worker,5,main])--The alias name for the entity class [class com.shop.app.shared.appinsight.alarms.ArtLogAlarm] is being defaulted to: ArtLogAlarm.
[EL Config]: metadata: 2016-05-31 08:18:15.287--ServerSession(384108644)--Thread(Thread[Test worker,5,main])--The alias name for the entity class [class com.athena.deo.model.ArtExternalIntegration] is being defaulted to: ArtExternalIntegration.
[EL Config]: metadata: 2016-05-31 08:18:15.288--ServerSession(384108644)--Thread(Thread[Test worker,5,main])--The alias name for the entity class [class com.shop.app.shared.appbasicsetup.usermanagement.UserAccessDomain] is being defaulted to: UserAccessDomain.
[EL Config]: metadata: 2016-05-31 08:18:15.288--ServerSession(384108644)--Thread(Thread[Test worker,5,main])--The alias name for the entity class [class com.shop.app.shared.organization.locationmanagement.Address] is being defaulted to: Address.
[EL Config]: metadata: 2016-05-31 08:18:15.289--ServerSession(384108644)--Thread(Thread[Test worker,5,main])--The alias name for the entity class [class com.shop.app.shared.organization.locationmanagement.Country] is being defaulted to: Country.
[EL Config]: metadata: 2016-05-31 08:18:15.289--ServerSession(384108644)--Thread(Thread[Test worker,5,main])--The alias name for the entity class [class com.shop.app.shared.organization.contactmanagement.CommunicationType] is being defaulted to: CommunicationType.
[EL Config]: metadata: 2016-05-31 08:18:15.29--ServerSession(384108644)--Thread(Thread[Test worker,5,main])--The alias name for the entity class [class com.shop.app.shared.appbasicsetup.usermanagement.ArtPasswordAlgorithm] is being defaulted to: ArtPasswordAlgorithm.
[EL Config]: metadata: 2016-05-31 08:18:15.29--ServerSession(384108644)--Thread(Thread[Test worker,5,main])--The alias name for the entity class [class com.spartan.healthmeter.entity.ZenHealthGauge] is being defaulted to: ZenHealthGauge.
[EL Config]: metadata: 2016-05-31 08:18:15.291--ServerSession(384108644)--Thread(Thread[Test worker,5,main])--The alias name for the entity class [class com.shop.app.shared.organization.locationmanagement.Language] is being defaulted to: Language.
[EL Config]: metadata: 2016-05-31 08:18:15.291--ServerSession(384108644)--Thread(Thread[Test worker,5,main])--The alias name for the entity class [class com.athena.cloud.shared.entity.CloudDriveContentType] is being defaulted to: CloudDriveContentType.
[EL Config]: metadata: 2016-05-31 08:18:15.292--ServerSession(384108644)--Thread(Thread[Test worker,5,main])--The alias name for the entity class [class com.shop.app.shared.appinsight.alarms.ArtLogConfig] is being defaulted to: ArtLogConfig.
[EL Config]: metadata: 2016-05-31 08:18:15.292--ServerSession(384108644)--Thread(Thread[Test worker,5,main])--The alias name for the entity class [class com.athena.cloud.shared.entity.CloudDriveTagShared] is being defaulted to: CloudDriveTagShared.
[EL Config]: metadata: 2016-05-31 08:18:15.292--ServerSession(384108644)--Thread(Thread[Test worker,5,main])--The column name for element [id] is being defaulted to: ID.
[EL Config]: metadata: 2016-05-31 08:18:15.293--ServerSession(384108644)--Thread(Thread[Test worker,5,main])--The alias name for the entity class [class com.shop.app.shared.organization.contactmanagement.ContactType] is being defaulted to: ContactType.
[EL Config]: metadata: 2016-05-31 08:18:15.293--ServerSession(384108644)--Thread(Thread[Test worker,5,main])--The alias name for the entity class [class com.shop.app.shared.appbasicsetup.usermanagement.UserData] is being defaulted to: UserData.
[EL Config]: metadata: 2016-05-31 08:18:15.294--ServerSession(384108644)--Thread(Thread[Test worker,5,main])--The alias name for the entity class [class com.shop.app.shared.organization.locationmanagement.State] is being defaulted to: State.
[EL Config]: metadata: 2016-05-31 08:18:15.295--ServerSession(384108644)--Thread(Thread[Test worker,5,main])--The alias name for the entity class [class com.shop.app.shared.appbasicsetup.usermanagement.ArtPasswordPolicy] is being defaulted to: ArtPasswordPolicy.
[EL Config]: metadata: 2016-05-31 08:18:15.295--ServerSession(384108644)--Thread(Thread[Test worker,5,main])--The alias name for the entity class [class com.shop.app.shared.appbasicsetup.userrolemanagement.UserRoleBridge] is being defaulted to: UserRoleBridge.
[EL Config]: metadata: 2016-05-31 08:18:15.296--ServerSession(384108644)--Thread(Thread[Test worker,5,main])--The alias name for the entity class [class com.spartan.healthmeter.entity.HealthSchedulerConfiguration] is being defaulted to: HealthSchedulerConfiguration.
[EL Config]: metadata: 2016-05-31 08:18:15.296--ServerSession(384108644)--Thread(Thread[Test worker,5,main])--The alias name for the entity class [class com.athena.cloud.shared.entity.CloudDriveFileVersion] is being defaulted to: CloudDriveFileVersion.
[EL Config]: metadata: 2016-05-31 08:18:15.297--ServerSession(384108644)--Thread(Thread[Test worker,5,main])--The alias name for the entity class [class com.spartan.healthmeter.entity.ZenSchedulerHealth] is being defaulted to: ZenSchedulerHealth.
[EL Config]: metadata: 2016-05-31 08:18:15.298--ServerSession(384108644)--Thread(Thread[Test worker,5,main])--The alias name for the entity class [class com.shop.app.shared.appbasicsetup.usermanagement.SessionData] is being defaulted to: SessionData.
[EL Config]: metadata: 2016-05-31 08:18:15.299--ServerSession(384108644)--Thread(Thread[Test worker,5,main])--The alias name for the entity class [class com.shop.app.shared.appinsight.alarms.ArtLogEventAction] is being defaulted to: ArtLogEventAction.
[EL Config]: metadata: 2016-05-31 08:18:15.299--ServerSession(384108644)--Thread(Thread[Test worker,5,main])--The alias name for the entity class [class com.shop.app.shared.appbasicsetup.usermanagement.ArtAppNotificationTemplate] is being defaulted to: ArtAppNotificationTemplate.
[EL Config]: metadata: 2016-05-31 08:18:15.299--ServerSession(384108644)--Thread(Thread[Test worker,5,main])--The alias name for the entity class [class com.shop.app.shared.organization.contactmanagement.CommunicationData] is being defaulted to: CommunicationData.
[EL Config]: metadata: 2016-05-31 08:18:15.3--ServerSession(384108644)--Thread(Thread[Test worker,5,main])--The alias name for the entity class [class com.shop.app.shared.appbasicsetup.usermanagement.LoginSession] is being defaulted to: LoginSession.
[EL Config]: metadata: 2016-05-31 08:18:15.301--ServerSession(384108644)--Thread(Thread[Test worker,5,main])--The alias name for the entity class [class com.shop.app.shared.shoppingcontext.retail.OrderDetail] is being defaulted to: OrderDetail.
[EL Config]: metadata: 2016-05-31 08:18:15.301--ServerSession(384108644)--Thread(Thread[Test worker,5,main])--The alias name for the entity class [class com.shop.app.shared.appbasicsetup.usermanagement.User] is being defaulted to: User.
[EL Config]: metadata: 2016-05-31 08:18:15.302--ServerSession(384108644)--Thread(Thread[Test worker,5,main])--The alias name for the entity class [class com.shop.app.shared.appbasicsetup.usermanagement.Question] is being defaulted to: Question.
[EL Config]: metadata: 2016-05-31 08:18:15.302--ServerSession(384108644)--Thread(Thread[Test worker,5,main])--The alias name for the entity class [class com.shop.app.shared.shoppingcontext.retail.Cart] is being defaulted to: Cart.
[EL Config]: metadata: 2016-05-31 08:18:15.303--ServerSession(384108644)--Thread(Thread[Test worker,5,main])--The alias name for the entity class [class com.athena.cloud.shared.entity.CloudDriveFileShared] is being defaulted to: CloudDriveFileShared.
[EL Config]: metadata: 2016-05-31 08:18:15.303--ServerSession(384108644)--Thread(Thread[Test worker,5,main])--The column name for element [id] is being defaulted to: ID.
[EL Config]: metadata: 2016-05-31 08:18:15.303--ServerSession(384108644)--Thread(Thread[Test worker,5,main])--The alias name for the entity class [class com.spartan.healthmeter.entity.ZenHealthStatus] is being defaulted to: ZenHealthStatus.
[EL Config]: metadata: 2016-05-31 08:18:15.304--ServerSession(384108644)--Thread(Thread[Test worker,5,main])--The alias name for the entity class [class com.shop.app.shared.organization.contactmanagement.CoreContacts] is being defaulted to: CoreContacts.
[EL Config]: metadata: 2016-05-31 08:18:15.305--ServerSession(384108644)--Thread(Thread[Test worker,5,main])--The alias name for the entity class [class com.shop.app.shared.appinsight.alarms.ArtLogEvents] is being defaulted to: ArtLogEvents.
[EL Config]: metadata: 2016-05-31 08:18:15.306--ServerSession(384108644)--Thread(Thread[Test worker,5,main])--The alias name for the entity class [class com.shop.app.shared.shoppingcontext.retail.OrderMain] is being defaulted to: OrderMain.
[EL Config]: metadata: 2016-05-31 08:18:15.306--ServerSession(384108644)--Thread(Thread[Test worker,5,main])--The alias name for the entity class [class com.athena.cloud.shared.entity.CloudDriveDefaultTags] is being defaulted to: CloudDriveDefaultTags.
[EL Config]: metadata: 2016-05-31 08:18:15.306--ServerSession(384108644)--Thread(Thread[Test worker,5,main])--The alias name for the entity class [class com.shop.app.shared.organization.locationmanagement.Timezone] is being defaulted to: Timezone.
[EL Config]: metadata: 2016-05-31 08:18:15.307--ServerSession(384108644)--Thread(Thread[Test worker,5,main])--The alias name for the entity class [class com.shop.app.shared.organization.locationmanagement.City] is being defaulted to: City.
[EL Config]: metadata: 2016-05-31 08:18:15.307--ServerSession(384108644)--Thread(Thread[Test worker,5,main])--The alias name for the entity class [class com.shop.app.shared.organization.locationmanagement.AddressType] is being defaulted to: AddressType.
[EL Config]: metadata: 2016-05-31 08:18:15.308--ServerSession(384108644)--Thread(Thread[Test worker,5,main])--The alias name for the entity class [class com.shop.app.shared.appbasicsetup.userrolemanagement.RoleMenuBridge] is being defaulted to: RoleMenuBridge.
[EL Config]: metadata: 2016-05-31 08:18:15.308--ServerSession(384108644)--Thread(Thread[Test worker,5,main])--The alias name for the entity class [class com.spartan.healthmeter.entity.ZenRequestDetails] is being defaulted to: ZenRequestDetails.
[EL Config]: metadata: 2016-05-31 08:18:15.309--ServerSession(384108644)--Thread(Thread[Test worker,5,main])--The alias name for the entity class [class com.spartan.healthmeter.entity.ArtHealthSchedulerConfiguration] is being defaulted to: ArtHealthSchedulerConfiguration.
[EL Config]: metadata: 2016-05-31 08:18:15.31--ServerSession(384108644)--Thread(Thread[Test worker,5,main])--The alias name for the entity class [class com.shop.app.shared.organization.contactmanagement.Gender] is being defaulted to: Gender.
[EL Config]: metadata: 2016-05-31 08:18:15.31--ServerSession(384108644)--Thread(Thread[Test worker,5,main])--The alias name for the entity class [class com.athena.shared.dataengine.report.ArtReportUI] is being defaulted to: ArtReportUI.
[EL Config]: metadata: 2016-05-31 08:18:15.311--ServerSession(384108644)--Thread(Thread[Test worker,5,main])--The alias name for the entity class [class com.athena.cloud.shared.entity.CloudDriveTagFiles] is being defaulted to: CloudDriveTagFiles.
[EL Config]: metadata: 2016-05-31 08:18:15.311--ServerSession(384108644)--Thread(Thread[Test worker,5,main])--The column name for element [id] is being defaulted to: ID.
[EL Config]: metadata: 2016-05-31 08:18:15.311--ServerSession(384108644)--Thread(Thread[Test worker,5,main])--The alias name for the entity class [class com.spartan.healthmeter.entity.ZenHealthCounter] is being defaulted to: ZenHealthCounter.
[EL Config]: metadata: 2016-05-31 08:18:15.312--ServerSession(384108644)--Thread(Thread[Test worker,5,main])--The alias name for the entity class [class com.spartan.healthmeter.entity.ZenHealth] is being defaulted to: ZenHealth.
[EL Config]: metadata: 2016-05-31 08:18:15.313--ServerSession(384108644)--Thread(Thread[Test worker,5,main])--The alias name for the entity class [class com.spartan.server.session.entity.AppSessionConfig] is being defaulted to: AppSessionConfig.
[EL Config]: metadata: 2016-05-31 08:18:15.314--ServerSession(384108644)--Thread(Thread[Test worker,5,main])--The alias name for the entity class [class com.shop.app.shared.shoppingcontext.retail.Product] is being defaulted to: Product.
[EL Config]: metadata: 2016-05-31 08:18:15.314--ServerSession(384108644)--Thread(Thread[Test worker,5,main])--The alias name for the entity class [class com.shop.app.shared.appinsight.alarms.ArtLogStatus] is being defaulted to: ArtLogStatus.
[EL Config]: metadata: 2016-05-31 08:18:15.315--ServerSession(384108644)--Thread(Thread[Test worker,5,main])--The alias name for the entity class [class com.shop.app.shared.appbasicsetup.userrolemanagement.Roles] is being defaulted to: Roles.
[EL Config]: metadata: 2016-05-31 08:18:15.315--ServerSession(384108644)--Thread(Thread[Test worker,5,main])--The alias name for the entity class [class com.shop.app.shared.appbasicsetup.usermanagement.PassRecovery] is being defaulted to: PassRecovery.
[EL Config]: metadata: 2016-05-31 08:18:15.315--ServerSession(384108644)--Thread(Thread[Test worker,5,main])--The alias name for the entity class [class com.shop.app.shared.appbasicsetup.userrolemanagement.AppMenus] is being defaulted to: AppMenus.
[EL Config]: metadata: 2016-05-31 08:18:15.316--ServerSession(384108644)--Thread(Thread[Test worker,5,main])--The alias name for the entity class [class com.shop.app.shared.appbasicsetup.aaa.ArtUserLastStatus] is being defaulted to: ArtUserLastStatus.
[EL Config]: metadata: 2016-05-31 08:18:15.317--ServerSession(384108644)--Thread(Thread[Test worker,5,main])--The alias name for the entity class [class com.shop.app.shared.organization.contactmanagement.CommunicationGroup] is being defaulted to: CommunicationGroup.
[EL Config]: metadata: 2016-05-31 08:18:15.317--ServerSession(384108644)--Thread(Thread[Test worker,5,main])--The alias name for the entity class [class com.athena.shared.dataengine.query.ArtQuery] is being defaulted to: ArtQuery.
[EL Config]: metadata: 2016-05-31 08:18:15.318--ServerSession(384108644)--Thread(Thread[Test worker,5,main])--The alias name for the entity class [class com.shop.app.shared.organization.contactmanagement.Title] is being defaulted to: Title.
[EL Config]: metadata: 2016-05-31 08:18:15.318--ServerSession(384108644)--Thread(Thread[Test worker,5,main])--The alias name for the entity class [class com.shop.app.shared.appinsight.alarms.ArtLogSeverity] is being defaulted to: ArtLogSeverity.
[EL Config]: metadata: 2016-05-31 08:18:15.344--ServerSession(384108644)--Thread(Thread[Test worker,5,main])--The primary key column name for the mapping element [field contentType] is being defaulted to: file_mime_type.
[EL Config]: metadata: 2016-05-31 08:18:15.345--ServerSession(384108644)--Thread(Thread[Test worker,5,main])--The primary key column name for the mapping element [field file] is being defaulted to: file_id.
[EL Config]: metadata: 2016-05-31 08:18:15.345--ServerSession(384108644)--Thread(Thread[Test worker,5,main])--The primary key column name for the mapping element [field file] is being defaulted to: file_id.
[EL Config]: metadata: 2016-05-31 08:18:15.347--ServerSession(384108644)--Thread(Thread[Test worker,5,main])--The primary key column name for the mapping element [field file] is being defaulted to: file_id.
[EL Info]: 2016-05-31 08:18:16.073--ServerSession(384108644)--Thread(Thread[Test worker,5,main])--EclipseLink, version: Eclipse Persistence Services - 2.5.1.v20130918-f2b9fc5
[EL Fine]: connection: 2016-05-31 08:18:16.471--Thread(Thread[Test worker,5,main])--Detected database platform: org.eclipse.persistence.platform.database.MySQLPlatform
[EL Config]: connection: 2016-05-31 08:18:16.486--ServerSession(384108644)--Connection(1835781322)--Thread(Thread[Test worker,5,main])--connecting(DatabaseLogin(
	platform=>MySQLPlatform
	user name=> "shopdb"
	datasource URL=> "jdbc:mysql://localhost-MYSQL:3306/klickkart"
))
[EL Config]: connection: 2016-05-31 08:18:16.494--ServerSession(384108644)--Connection(890775939)--Thread(Thread[Test worker,5,main])--Connected: jdbc:mysql://localhost-MYSQL:3306/klickkart
	User: shopdb@172.17.0.5
	Database: MySQL  Version: 5.7.7-rc
	Driver: MySQL Connector Java  Version: mysql-connector-java-5.1.31 ( Revision: alexander.soklakov@oracle.com-20140520065950-groqzzbvxprqdmnz )
[EL Config]: connection: 2016-05-31 08:18:16.495--ServerSession(384108644)--Connection(1162703536)--Thread(Thread[Test worker,5,main])--connecting(DatabaseLogin(
	platform=>MySQLPlatform
	user name=> "shopdb"
	datasource URL=> "jdbc:mysql://localhost-MYSQL:3306/klickkart"
))
[EL Config]: connection: 2016-05-31 08:18:16.501--ServerSession(384108644)--Connection(1726750030)--Thread(Thread[Test worker,5,main])--Connected: jdbc:mysql://localhost-MYSQL:3306/klickkart
	User: shopdb@172.17.0.5
	Database: MySQL  Version: 5.7.7-rc
	Driver: MySQL Connector Java  Version: mysql-connector-java-5.1.31 ( Revision: alexander.soklakov@oracle.com-20140520065950-groqzzbvxprqdmnz )
[EL Config]: connection: 2016-05-31 08:18:16.501--ServerSession(384108644)--Connection(393748652)--Thread(Thread[Test worker,5,main])--connecting(DatabaseLogin(
	platform=>MySQLPlatform
	user name=> "shopdb"
	datasource URL=> "jdbc:mysql://localhost-MYSQL:3306/klickkart"
))
[EL Config]: connection: 2016-05-31 08:18:16.506--ServerSession(384108644)--Connection(1204320853)--Thread(Thread[Test worker,5,main])--Connected: jdbc:mysql://localhost-MYSQL:3306/klickkart
	User: shopdb@172.17.0.5
	Database: MySQL  Version: 5.7.7-rc
	Driver: MySQL Connector Java  Version: mysql-connector-java-5.1.31 ( Revision: alexander.soklakov@oracle.com-20140520065950-groqzzbvxprqdmnz )
[EL Config]: connection: 2016-05-31 08:18:16.506--ServerSession(384108644)--Connection(987203396)--Thread(Thread[Test worker,5,main])--connecting(DatabaseLogin(
	platform=>MySQLPlatform
	user name=> "shopdb"
	datasource URL=> "jdbc:mysql://localhost-MYSQL:3306/klickkart"
))
[EL Config]: connection: 2016-05-31 08:18:16.512--ServerSession(384108644)--Connection(1912242636)--Thread(Thread[Test worker,5,main])--Connected: jdbc:mysql://localhost-MYSQL:3306/klickkart
	User: shopdb@172.17.0.5
	Database: MySQL  Version: 5.7.7-rc
	Driver: MySQL Connector Java  Version: mysql-connector-java-5.1.31 ( Revision: alexander.soklakov@oracle.com-20140520065950-groqzzbvxprqdmnz )
[EL Config]: connection: 2016-05-31 08:18:16.512--ServerSession(384108644)--Connection(1969205897)--Thread(Thread[Test worker,5,main])--connecting(DatabaseLogin(
	platform=>MySQLPlatform
	user name=> "shopdb"
	datasource URL=> "jdbc:mysql://localhost-MYSQL:3306/klickkart"
))
[EL Config]: connection: 2016-05-31 08:18:16.518--ServerSession(384108644)--Connection(1442395823)--Thread(Thread[Test worker,5,main])--Connected: jdbc:mysql://localhost-MYSQL:3306/klickkart
	User: shopdb@172.17.0.5
	Database: MySQL  Version: 5.7.7-rc
	Driver: MySQL Connector Java  Version: mysql-connector-java-5.1.31 ( Revision: alexander.soklakov@oracle.com-20140520065950-groqzzbvxprqdmnz )
[EL Config]: connection: 2016-05-31 08:18:16.519--ServerSession(384108644)--Connection(1551189825)--Thread(Thread[Test worker,5,main])--connecting(DatabaseLogin(
	platform=>MySQLPlatform
	user name=> "shopdb"
	datasource URL=> "jdbc:mysql://localhost-MYSQL:3306/klickkart"
))
[EL Config]: connection: 2016-05-31 08:18:16.524--ServerSession(384108644)--Connection(2132324337)--Thread(Thread[Test worker,5,main])--Connected: jdbc:mysql://localhost-MYSQL:3306/klickkart
	User: shopdb@172.17.0.5
	Database: MySQL  Version: 5.7.7-rc
	Driver: MySQL Connector Java  Version: mysql-connector-java-5.1.31 ( Revision: alexander.soklakov@oracle.com-20140520065950-groqzzbvxprqdmnz )
[EL Config]: connection: 2016-05-31 08:18:16.525--ServerSession(384108644)--Connection(768030823)--Thread(Thread[Test worker,5,main])--connecting(DatabaseLogin(
	platform=>MySQLPlatform
	user name=> "shopdb"
	datasource URL=> "jdbc:mysql://localhost-MYSQL:3306/klickkart"
))
[EL Config]: connection: 2016-05-31 08:18:16.53--ServerSession(384108644)--Connection(663424107)--Thread(Thread[Test worker,5,main])--Connected: jdbc:mysql://localhost-MYSQL:3306/klickkart
	User: shopdb@172.17.0.5
	Database: MySQL  Version: 5.7.7-rc
	Driver: MySQL Connector Java  Version: mysql-connector-java-5.1.31 ( Revision: alexander.soklakov@oracle.com-20140520065950-groqzzbvxprqdmnz )
[EL Config]: connection: 2016-05-31 08:18:16.531--ServerSession(384108644)--Connection(433871125)--Thread(Thread[Test worker,5,main])--connecting(DatabaseLogin(
	platform=>MySQLPlatform
	user name=> "shopdb"
	datasource URL=> "jdbc:mysql://localhost-MYSQL:3306/klickkart"
))
[EL Config]: connection: 2016-05-31 08:18:16.536--ServerSession(384108644)--Connection(1415535210)--Thread(Thread[Test worker,5,main])--Connected: jdbc:mysql://localhost-MYSQL:3306/klickkart
	User: shopdb@172.17.0.5
	Database: MySQL  Version: 5.7.7-rc
	Driver: MySQL Connector Java  Version: mysql-connector-java-5.1.31 ( Revision: alexander.soklakov@oracle.com-20140520065950-groqzzbvxprqdmnz )
[EL Config]: connection: 2016-05-31 08:18:16.536--ServerSession(384108644)--Connection(1076433004)--Thread(Thread[Test worker,5,main])--connecting(DatabaseLogin(
	platform=>MySQLPlatform
	user name=> "shopdb"
	datasource URL=> "jdbc:mysql://localhost-MYSQL:3306/klickkart"
))
[EL Config]: connection: 2016-05-31 08:18:16.542--ServerSession(384108644)--Connection(1718765381)--Thread(Thread[Test worker,5,main])--Connected: jdbc:mysql://localhost-MYSQL:3306/klickkart
	User: shopdb@172.17.0.5
	Database: MySQL  Version: 5.7.7-rc
	Driver: MySQL Connector Java  Version: mysql-connector-java-5.1.31 ( Revision: alexander.soklakov@oracle.com-20140520065950-groqzzbvxprqdmnz )
[EL Config]: connection: 2016-05-31 08:18:16.542--ServerSession(384108644)--Connection(1487222670)--Thread(Thread[Test worker,5,main])--connecting(DatabaseLogin(
	platform=>MySQLPlatform
	user name=> "shopdb"
	datasource URL=> "jdbc:mysql://localhost-MYSQL:3306/klickkart"
))
[EL Config]: connection: 2016-05-31 08:18:16.548--ServerSession(384108644)--Connection(671411189)--Thread(Thread[Test worker,5,main])--Connected: jdbc:mysql://localhost-MYSQL:3306/klickkart
	User: shopdb@172.17.0.5
	Database: MySQL  Version: 5.7.7-rc
	Driver: MySQL Connector Java  Version: mysql-connector-java-5.1.31 ( Revision: alexander.soklakov@oracle.com-20140520065950-groqzzbvxprqdmnz )
[EL Config]: connection: 2016-05-31 08:18:16.548--ServerSession(384108644)--Connection(1528772185)--Thread(Thread[Test worker,5,main])--connecting(DatabaseLogin(
	platform=>MySQLPlatform
	user name=> "shopdb"
	datasource URL=> "jdbc:mysql://localhost-MYSQL:3306/klickkart"
))
[EL Config]: connection: 2016-05-31 08:18:16.553--ServerSession(384108644)--Connection(1363685799)--Thread(Thread[Test worker,5,main])--Connected: jdbc:mysql://localhost-MYSQL:3306/klickkart
	User: shopdb@172.17.0.5
	Database: MySQL  Version: 5.7.7-rc
	Driver: MySQL Connector Java  Version: mysql-connector-java-5.1.31 ( Revision: alexander.soklakov@oracle.com-20140520065950-groqzzbvxprqdmnz )
[EL Config]: connection: 2016-05-31 08:18:16.554--ServerSession(384108644)--Connection(1521743009)--Thread(Thread[Test worker,5,main])--connecting(DatabaseLogin(
	platform=>MySQLPlatform
	user name=> "shopdb"
	datasource URL=> "jdbc:mysql://localhost-MYSQL:3306/klickkart"
))
[EL Config]: connection: 2016-05-31 08:18:16.559--ServerSession(384108644)--Connection(2053449124)--Thread(Thread[Test worker,5,main])--Connected: jdbc:mysql://localhost-MYSQL:3306/klickkart
	User: shopdb@172.17.0.5
	Database: MySQL  Version: 5.7.7-rc
	Driver: MySQL Connector Java  Version: mysql-connector-java-5.1.31 ( Revision: alexander.soklakov@oracle.com-20140520065950-groqzzbvxprqdmnz )
[EL Config]: connection: 2016-05-31 08:18:16.559--ServerSession(384108644)--Connection(109736131)--Thread(Thread[Test worker,5,main])--connecting(DatabaseLogin(
	platform=>MySQLPlatform
	user name=> "shopdb"
	datasource URL=> "jdbc:mysql://localhost-MYSQL:3306/klickkart"
))
[EL Config]: connection: 2016-05-31 08:18:16.565--ServerSession(384108644)--Connection(767016525)--Thread(Thread[Test worker,5,main])--Connected: jdbc:mysql://localhost-MYSQL:3306/klickkart
	User: shopdb@172.17.0.5
	Database: MySQL  Version: 5.7.7-rc
	Driver: MySQL Connector Java  Version: mysql-connector-java-5.1.31 ( Revision: alexander.soklakov@oracle.com-20140520065950-groqzzbvxprqdmnz )
[EL Config]: connection: 2016-05-31 08:18:16.565--ServerSession(384108644)--Connection(2049886381)--Thread(Thread[Test worker,5,main])--connecting(DatabaseLogin(
	platform=>MySQLPlatform
	user name=> "shopdb"
	datasource URL=> "jdbc:mysql://localhost-MYSQL:3306/klickkart"
))
[EL Config]: connection: 2016-05-31 08:18:16.571--ServerSession(384108644)--Connection(459989642)--Thread(Thread[Test worker,5,main])--Connected: jdbc:mysql://localhost-MYSQL:3306/klickkart
	User: shopdb@172.17.0.5
	Database: MySQL  Version: 5.7.7-rc
	Driver: MySQL Connector Java  Version: mysql-connector-java-5.1.31 ( Revision: alexander.soklakov@oracle.com-20140520065950-groqzzbvxprqdmnz )
[EL Config]: connection: 2016-05-31 08:18:16.571--ServerSession(384108644)--Connection(104783894)--Thread(Thread[Test worker,5,main])--connecting(DatabaseLogin(
	platform=>MySQLPlatform
	user name=> "shopdb"
	datasource URL=> "jdbc:mysql://localhost-MYSQL:3306/klickkart"
))
[EL Config]: connection: 2016-05-31 08:18:16.577--ServerSession(384108644)--Connection(1253624828)--Thread(Thread[Test worker,5,main])--Connected: jdbc:mysql://localhost-MYSQL:3306/klickkart
	User: shopdb@172.17.0.5
	Database: MySQL  Version: 5.7.7-rc
	Driver: MySQL Connector Java  Version: mysql-connector-java-5.1.31 ( Revision: alexander.soklakov@oracle.com-20140520065950-groqzzbvxprqdmnz )
[EL Config]: connection: 2016-05-31 08:18:16.578--ServerSession(384108644)--Connection(1253624828)--Thread(Thread[Test worker,5,main])--disconnect
[EL Warning]: metadata: 2016-05-31 08:18:16.588--ServerSession(384108644)--Thread(Thread[Test worker,5,main])--Reverting the lazy setting on the OneToOne or ManyToOne attribute [timezone] for the entity class [class com.shop.app.shared.organization.contactmanagement.CoreContacts] since weaving was not enabled or did not occur.
[EL Warning]: metadata: 2016-05-31 08:18:16.589--ServerSession(384108644)--Thread(Thread[Test worker,5,main])--Reverting the lazy setting on the OneToOne or ManyToOne attribute [user] for the entity class [class com.shop.app.shared.appbasicsetup.usermanagement.PassRecovery] since weaving was not enabled or did not occur.
[EL Warning]: metadata: 2016-05-31 08:18:16.591--ServerSession(384108644)--Thread(Thread[Test worker,5,main])--Reverting the lazy setting on the OneToOne or ManyToOne attribute [coreContacts] for the entity class [class com.shop.app.shared.appbasicsetup.usermanagement.Login] since weaving was not enabled or did not occur.
[EL Warning]: metadata: 2016-05-31 08:18:16.591--ServerSession(384108644)--Thread(Thread[Test worker,5,main])--Reverting the lazy setting on the OneToOne or ManyToOne attribute [user] for the entity class [class com.shop.app.shared.appbasicsetup.usermanagement.Login] since weaving was not enabled or did not occur.
[EL Warning]: metadata: 2016-05-31 08:18:16.594--ServerSession(384108644)--Thread(Thread[Test worker,5,main])--Reverting the lazy setting on the OneToOne or ManyToOne attribute [user] for the entity class [class com.shop.app.shared.appbasicsetup.usermanagement.UserData] since weaving was not enabled or did not occur.
[EL Warning]: metadata: 2016-05-31 08:18:16.594--ServerSession(384108644)--Thread(Thread[Test worker,5,main])--Reverting the lazy setting on the OneToOne or ManyToOne attribute [userData] for the entity class [class com.shop.app.shared.appbasicsetup.usermanagement.User] since weaving was not enabled or did not occur.
[EL Info]: connection: 2016-05-31 08:18:16.791--ServerSession(384108644)--Thread(Thread[Test worker,5,main])--file:/home/applifire/workspace/klickakart/build/resources/main_klickakart login successful
[EL Fine]: sql: 2016-05-31 08:18:28.432--ClientSession(155572360)--Connection(459989642)--Thread(Thread[Test worker,5,main])--SELECT query_id, active_status, app_creator_id, created_by, created_date, hidden_name, jpql_query, name, project_id, project_version_id, query_json, query_type, sql_query, updated_by, updated_date, user_access, version_id FROM art_query WHERE ((active_status = ?) AND (sql_query IS NULL))
	bind => [true]
Repository handle
[EL Config]: connection: 2016-05-31 08:18:28.444--ServerSession(384108644)--Connection(459989642)--Thread(Thread[Test worker,5,main])--disconnect
[EL Fine]: sql: 2016-05-31 08:18:28.458--ClientSession(2139581678)--Connection(767016525)--Thread(Thread[Test worker,5,main])--SELECT query_id, active_status, app_creator_id, created_by, created_date, hidden_name, jpql_query, name, project_id, project_version_id, query_json, query_type, sql_query, updated_by, updated_date, user_access, version_id FROM art_query WHERE (query_id = ?)
	bind => [054D7173-0F78-4410-A5DE-B44C2F0EEE07]
[EL Fine]: sql: 2016-05-31 08:18:28.461--ClientSession(2139581678)--Connection(767016525)--Thread(Thread[Test worker,5,main])--UPDATE art_query SET sql_query = ? WHERE (query_id = ?)
	bind => [SELECT t0.qty, t0.subTotal, t2.itemName, t2.itemPrice, t3.productDesc FROM ast_Product_M t3, ast_Item_M t2, ast_OrderMain_T t1, ast_OrderDetail_TP t0 WHERE ((((t2.productId = t3.productId) AND (t0.itemId = t2.itemId)) AND (t1.orderId = ?)) AND (t0.orderId = t1.orderId)), 054D7173-0F78-4410-A5DE-B44C2F0EEE07]
[EL Config]: connection: 2016-05-31 08:18:28.515--ServerSession(384108644)--Connection(767016525)--Thread(Thread[Test worker,5,main])--disconnect
[EL Fine]: sql: 2016-05-31 08:18:28.518--ClientSession(680497718)--Connection(2053449124)--Thread(Thread[Test worker,5,main])--SELECT query_id, active_status, app_creator_id, created_by, created_date, hidden_name, jpql_query, name, project_id, project_version_id, query_json, query_type, sql_query, updated_by, updated_date, user_access, version_id FROM art_query WHERE (query_id = ?)
	bind => [06D5C9B5-059C-43F0-A313-4982DB0A1430]
[EL Fine]: sql: 2016-05-31 08:18:28.52--ClientSession(680497718)--Connection(2053449124)--Thread(Thread[Test worker,5,main])--UPDATE art_query SET sql_query = ? WHERE (query_id = ?)
	bind => [SELECT SUM(subTotal) FROM ast_Cart_T WHERE (userId = ?), 06D5C9B5-059C-43F0-A313-4982DB0A1430]
[EL Config]: connection: 2016-05-31 08:18:28.571--ServerSession(384108644)--Connection(2053449124)--Thread(Thread[Test worker,5,main])--disconnect
[EL Fine]: sql: 2016-05-31 08:18:28.574--ClientSession(872312309)--Connection(1363685799)--Thread(Thread[Test worker,5,main])--SELECT query_id, active_status, app_creator_id, created_by, created_date, hidden_name, jpql_query, name, project_id, project_version_id, query_json, query_type, sql_query, updated_by, updated_date, user_access, version_id FROM art_query WHERE (query_id = ?)
	bind => [26EC678A-74F5-4E7D-B0D6-55C5C693B38F]
[EL Fine]: sql: 2016-05-31 08:18:28.575--ClientSession(872312309)--Connection(1363685799)--Thread(Thread[Test worker,5,main])--UPDATE art_query SET sql_query = ? WHERE (query_id = ?)
	bind => [SELECT t0.itemId, t0.itemName, t0.itemStock, t0.itemPrice, t1.productDesc FROM ast_Item_M t0, ast_Product_M t1 WHERE ((t0.productId = t1.productId) AND t0.itemId LIKE ?), 26EC678A-74F5-4E7D-B0D6-55C5C693B38F]
[EL Config]: connection: 2016-05-31 08:18:28.626--ServerSession(384108644)--Connection(1363685799)--Thread(Thread[Test worker,5,main])--disconnect
[EL Fine]: sql: 2016-05-31 08:18:28.629--ClientSession(1406041971)--Connection(671411189)--Thread(Thread[Test worker,5,main])--SELECT query_id, active_status, app_creator_id, created_by, created_date, hidden_name, jpql_query, name, project_id, project_version_id, query_json, query_type, sql_query, updated_by, updated_date, user_access, version_id FROM art_query WHERE (query_id = ?)
	bind => [59B37DC0-567B-41C6-AE40-1086071429C1]
[EL Fine]: sql: 2016-05-31 08:18:28.631--ClientSession(1406041971)--Connection(671411189)--Thread(Thread[Test worker,5,main])--UPDATE art_query SET sql_query = ? WHERE (query_id = ?)
	bind => [SELECT t0.grandTotal, t0.orderDate, t0.orderId, t1.firstName FROM ast_User_T t3, ast_Login_T t2, ast_CoreContacts_T t1, ast_OrderMain_T t0 WHERE (((t0.userID = t3.userId) AND (t0.userID = ?)) AND ((t3.userId = t2.userId) AND (t1.contactId = t2.contactId))), 59B37DC0-567B-41C6-AE40-1086071429C1]
[EL Config]: connection: 2016-05-31 08:18:28.671--ServerSession(384108644)--Connection(671411189)--Thread(Thread[Test worker,5,main])--disconnect
[EL Fine]: sql: 2016-05-31 08:18:28.674--ClientSession(553120237)--Connection(1718765381)--Thread(Thread[Test worker,5,main])--SELECT query_id, active_status, app_creator_id, created_by, created_date, hidden_name, jpql_query, name, project_id, project_version_id, query_json, query_type, sql_query, updated_by, updated_date, user_access, version_id FROM art_query WHERE (query_id = ?)
	bind => [5EFBC2C9-7D28-41DC-A6CB-BF1593804C54]
[EL Fine]: sql: 2016-05-31 08:18:28.676--ClientSession(553120237)--Connection(1718765381)--Thread(Thread[Test worker,5,main])--UPDATE art_query SET sql_query = ? WHERE (query_id = ?)
	bind => [SELECT t0.qty, t0.subTotal, t1.itemName, t1.itemId, t1.itemImg, t1.itemStock, t1.itemPrice, t2.productDesc FROM ast_Cart_T t0, ast_Product_M t2, ast_Item_M t1 WHERE (((t0.itemID = t1.itemId) AND (t1.productId = t2.productId)) AND (t0.userId = ?)), 5EFBC2C9-7D28-41DC-A6CB-BF1593804C54]
[EL Config]: connection: 2016-05-31 08:18:28.715--ServerSession(384108644)--Connection(1718765381)--Thread(Thread[Test worker,5,main])--disconnect
[EL Fine]: sql: 2016-05-31 08:18:28.718--ClientSession(42208663)--Connection(1415535210)--Thread(Thread[Test worker,5,main])--SELECT query_id, active_status, app_creator_id, created_by, created_date, hidden_name, jpql_query, name, project_id, project_version_id, query_json, query_type, sql_query, updated_by, updated_date, user_access, version_id FROM art_query WHERE (query_id = ?)
	bind => [71EBFAA3-A620-45EE-9DBB-C692B7C9C4EB]
[EL Fine]: sql: 2016-05-31 08:18:28.72--ClientSession(42208663)--Connection(1415535210)--Thread(Thread[Test worker,5,main])--UPDATE art_query SET sql_query = ? WHERE (query_id = ?)
	bind => [SELECT t0.itemName, t0.itemImg, t0.itemStock, t0.itemPrice, t0.itemId, t1.productDesc FROM ast_Item_M t0, ast_Product_M t1 WHERE ((t0.productId = t1.productId) AND (t0.itemStock > ?)), 71EBFAA3-A620-45EE-9DBB-C692B7C9C4EB]
[EL Config]: connection: 2016-05-31 08:18:28.782--ServerSession(384108644)--Connection(1415535210)--Thread(Thread[Test worker,5,main])--disconnect
Setting logged in user info for ADD
[EL Fine]: sql: 2016-05-31 08:18:40.141--ClientSession(577601770)--Connection(663424107)--Thread(Thread[Test worker,5,main])--INSERT INTO ast_Title_M (titleId, titles, versionId, createdBy, createdDate, updatedBy, updatedDate, activeStatus, txnAccessCode) VALUES (?, ?, ?, ?, ?, ?, ?, ?, ?)
	bind => [0B9AEA4D-987E-4793-85C9-759927D76EDB, l2VZGLx255RfGdkuftdkv6ELbNfRxGl12lFHe08zkOBxlDBonp, 1, AAAAA, 2016-05-31 08:18:40.119, AAAAA, 2016-05-31 08:18:40.119, 1, 51000]
[EL Config]: connection: 2016-05-31 08:18:40.241--ServerSession(384108644)--Connection(663424107)--Thread(Thread[Test worker,5,main])--disconnect
[EL Fine]: sql: 2016-05-31 08:18:40.25--ClientSession(2073457643)--Connection(2132324337)--Thread(Thread[Test worker,5,main])--SELECT titleId, titles, versionId, createdBy, createdDate, updatedBy, updatedDate, activeStatus, txnAccessCode FROM ast_Title_M WHERE ((activeStatus = ?) AND (titleId = ?))
	bind => [1, 0B9AEA4D-987E-4793-85C9-759927D76EDB]
Setting logged in user info for UPDATE
[EL Fine]: sql: 2016-05-31 08:18:40.256--ClientSession(603849064)--Connection(2132324337)--Thread(Thread[Test worker,5,main])--SELECT titleId, titles, versionId, createdBy, createdDate, updatedBy, updatedDate, activeStatus, txnAccessCode FROM ast_Title_M WHERE (titleId = ?)
	bind => [0B9AEA4D-987E-4793-85C9-759927D76EDB]
[EL Fine]: sql: 2016-05-31 08:18:40.258--ClientSession(603849064)--Connection(2132324337)--Thread(Thread[Test worker,5,main])--UPDATE ast_Title_M SET titles = ?, versionId = ? WHERE ((titleId = ?) AND (versionId = ?))
	bind => [UQtoScUWxZUqiuAOVX4skVrMNvKusVdcPGBH2oFuJMmrPnvd8N, 2, 0B9AEA4D-987E-4793-85C9-759927D76EDB, 1]
[EL Fine]: sql: 2016-05-31 08:18:40.337--ClientSession(1155558982)--Connection(2132324337)--Thread(Thread[Test worker,5,main])--SELECT titleId, titles, versionId, createdBy, createdDate, updatedBy, updatedDate, activeStatus, txnAccessCode FROM ast_Title_M WHERE ((activeStatus = ?) AND (titleId = ?))
	bind => [1, 0B9AEA4D-987E-4793-85C9-759927D76EDB]
[EL Fine]: sql: 2016-05-31 08:18:40.369--ClientSession(2127547822)--Connection(2132324337)--Thread(Thread[Test worker,5,main])--SELECT titleId, titles, versionId, createdBy, createdDate, updatedBy, updatedDate, activeStatus, txnAccessCode FROM ast_Title_M WHERE (titleId = ?)
	bind => [0B9AEA4D-987E-4793-85C9-759927D76EDB]
[EL Fine]: sql: 2016-05-31 08:18:40.371--ClientSession(2127547822)--Connection(2132324337)--Thread(Thread[Test worker,5,main])--DELETE FROM ast_Title_M WHERE ((titleId = ?) AND (versionId = ?))
	bind => [0B9AEA4D-987E-4793-85C9-759927D76EDB, 2]
]]></system-out>
  <system-err><![CDATA[log4j:WARN No appenders could be found for logger (org.springframework.test.context.junit4.SpringJUnit4ClassRunner).
log4j:WARN Please initialize the log4j system properly.
log4j:WARN See http://logging.apache.org/log4j/1.2/faq.html#noconfig for more info.
SLF4J: Failed to load class "org.slf4j.impl.StaticLoggerBinder".
SLF4J: Defaulting to no-operation (NOP) logger implementation
SLF4J: See http://www.slf4j.org/codes.html#StaticLoggerBinder for further details.
Title.titles may not be null
java.lang.SecurityException: Title.titles may not be null
	at com.athena.server.pluggable.utils.helper.EntityValidatorHelper.validateEntity(EntityValidatorHelper.java:37)
	at com.shop.app.shared.organization.contactmanagement.Title.isValid(Title.java:137)
	at com.shop.app.server.service.organization.contactmanagement.TitleTestCase.validateTitle(TitleTestCase.java:178)
	at com.shop.app.server.service.organization.contactmanagement.TitleTestCase.test5NegativeTesting(TitleTestCase.java:209)
	at sun.reflect.NativeMethodAccessorImpl.invoke0(Native Method)
	at sun.reflect.NativeMethodAccessorImpl.invoke(NativeMethodAccessorImpl.java:57)
	at sun.reflect.DelegatingMethodAccessorImpl.invoke(DelegatingMethodAccessorImpl.java:43)
	at java.lang.reflect.Method.invoke(Method.java:606)
	at org.junit.runners.model.FrameworkMethod$1.runReflectiveCall(FrameworkMethod.java:47)
	at org.junit.internal.runners.model.ReflectiveCallable.run(ReflectiveCallable.java:12)
	at org.junit.runners.model.FrameworkMethod.invokeExplosively(FrameworkMethod.java:44)
	at org.junit.internal.runners.statements.InvokeMethod.evaluate(InvokeMethod.java:17)
	at org.junit.internal.runners.statements.RunBefores.evaluate(RunBefores.java:26)
	at org.springframework.test.context.junit4.statements.RunBeforeTestMethodCallbacks.evaluate(RunBeforeTestMethodCallbacks.java:74)
	at org.junit.internal.runners.statements.RunAfters.evaluate(RunAfters.java:27)
	at org.springframework.test.context.junit4.statements.RunAfterTestMethodCallbacks.evaluate(RunAfterTestMethodCallbacks.java:83)
	at org.springframework.test.context.junit4.statements.SpringRepeat.evaluate(SpringRepeat.java:72)
	at org.springframework.test.context.junit4.SpringJUnit4ClassRunner.runChild(SpringJUnit4ClassRunner.java:233)
	at org.springframework.test.context.junit4.SpringJUnit4ClassRunner.runChild(SpringJUnit4ClassRunner.java:87)
	at org.junit.runners.ParentRunner$3.run(ParentRunner.java:238)
	at org.junit.runners.ParentRunner$1.schedule(ParentRunner.java:63)
	at org.junit.runners.ParentRunner.runChildren(ParentRunner.java:236)
	at org.junit.runners.ParentRunner.access$000(ParentRunner.java:53)
	at org.junit.runners.ParentRunner$2.evaluate(ParentRunner.java:229)
	at org.junit.internal.runners.statements.RunBefores.evaluate(RunBefores.java:26)
	at org.springframework.test.context.junit4.statements.RunBeforeTestClassCallbacks.evaluate(RunBeforeTestClassCallbacks.java:61)
	at org.springframework.test.context.junit4.statements.RunAfterTestClassCallbacks.evaluate(RunAfterTestClassCallbacks.java:71)
	at org.junit.runners.ParentRunner.run(ParentRunner.java:309)
	at org.springframework.test.context.junit4.SpringJUnit4ClassRunner.run(SpringJUnit4ClassRunner.java:176)
	at org.gradle.api.internal.tasks.testing.junit.JUnitTestClassExecuter.runTestClass(JUnitTestClassExecuter.java:86)
	at org.gradle.api.internal.tasks.testing.junit.JUnitTestClassExecuter.execute(JUnitTestClassExecuter.java:49)
	at org.gradle.api.internal.tasks.testing.junit.JUnitTestClassProcessor.processTestClass(JUnitTestClassProcessor.java:64)
	at org.gradle.api.internal.tasks.testing.SuiteTestClassProcessor.processTestClass(SuiteTestClassProcessor.java:50)
	at sun.reflect.NativeMethodAccessorImpl.invoke0(Native Method)
	at sun.reflect.NativeMethodAccessorImpl.invoke(NativeMethodAccessorImpl.java:57)
	at sun.reflect.DelegatingMethodAccessorImpl.invoke(DelegatingMethodAccessorImpl.java:43)
	at java.lang.reflect.Method.invoke(Method.java:606)
	at org.gradle.messaging.dispatch.ReflectionDispatch.dispatch(ReflectionDispatch.java:35)
	at org.gradle.messaging.dispatch.ReflectionDispatch.dispatch(ReflectionDispatch.java:24)
	at org.gradle.messaging.dispatch.ContextClassLoaderDispatch.dispatch(ContextClassLoaderDispatch.java:32)
	at org.gradle.messaging.dispatch.ProxyDispatchAdapter$DispatchingInvocationHandler.invoke(ProxyDispatchAdapter.java:93)
	at com.sun.proxy.$Proxy2.processTestClass(Unknown Source)
	at org.gradle.api.internal.tasks.testing.worker.TestWorker.processTestClass(TestWorker.java:106)
	at sun.reflect.NativeMethodAccessorImpl.invoke0(Native Method)
	at sun.reflect.NativeMethodAccessorImpl.invoke(NativeMethodAccessorImpl.java:57)
	at sun.reflect.DelegatingMethodAccessorImpl.invoke(DelegatingMethodAccessorImpl.java:43)
	at java.lang.reflect.Method.invoke(Method.java:606)
	at org.gradle.messaging.dispatch.ReflectionDispatch.dispatch(ReflectionDispatch.java:35)
	at org.gradle.messaging.dispatch.ReflectionDispatch.dispatch(ReflectionDispatch.java:24)
	at org.gradle.messaging.remote.internal.hub.MessageHub$Handler.run(MessageHub.java:360)
	at org.gradle.internal.concurrent.DefaultExecutorFactory$StoppableExecutorImpl$1.run(DefaultExecutorFactory.java:64)
	at java.util.concurrent.ThreadPoolExecutor.runWorker(ThreadPoolExecutor.java:1145)
	at java.util.concurrent.ThreadPoolExecutor$Worker.run(ThreadPoolExecutor.java:615)
	at java.lang.Thread.run(Thread.java:745)
Title.titles size must be between 0 and 256
java.lang.SecurityException: Title.titles size must be between 0 and 256
	at com.athena.server.pluggable.utils.helper.EntityValidatorHelper.validateEntity(EntityValidatorHelper.java:37)
	at com.shop.app.shared.organization.contactmanagement.Title.isValid(Title.java:137)
	at com.shop.app.server.service.organization.contactmanagement.TitleTestCase.validateTitle(TitleTestCase.java:176)
	at com.shop.app.server.service.organization.contactmanagement.TitleTestCase.test5NegativeTesting(TitleTestCase.java:214)
	at sun.reflect.NativeMethodAccessorImpl.invoke0(Native Method)
	at sun.reflect.NativeMethodAccessorImpl.invoke(NativeMethodAccessorImpl.java:57)
	at sun.reflect.DelegatingMethodAccessorImpl.invoke(DelegatingMethodAccessorImpl.java:43)
	at java.lang.reflect.Method.invoke(Method.java:606)
	at org.junit.runners.model.FrameworkMethod$1.runReflectiveCall(FrameworkMethod.java:47)
	at org.junit.internal.runners.model.ReflectiveCallable.run(ReflectiveCallable.java:12)
	at org.junit.runners.model.FrameworkMethod.invokeExplosively(FrameworkMethod.java:44)
	at org.junit.internal.runners.statements.InvokeMethod.evaluate(InvokeMethod.java:17)
	at org.junit.internal.runners.statements.RunBefores.evaluate(RunBefores.java:26)
	at org.springframework.test.context.junit4.statements.RunBeforeTestMethodCallbacks.evaluate(RunBeforeTestMethodCallbacks.java:74)
	at org.junit.internal.runners.statements.RunAfters.evaluate(RunAfters.java:27)
	at org.springframework.test.context.junit4.statements.RunAfterTestMethodCallbacks.evaluate(RunAfterTestMethodCallbacks.java:83)
	at org.springframework.test.context.junit4.statements.SpringRepeat.evaluate(SpringRepeat.java:72)
	at org.springframework.test.context.junit4.SpringJUnit4ClassRunner.runChild(SpringJUnit4ClassRunner.java:233)
	at org.springframework.test.context.junit4.SpringJUnit4ClassRunner.runChild(SpringJUnit4ClassRunner.java:87)
	at org.junit.runners.ParentRunner$3.run(ParentRunner.java:238)
	at org.junit.runners.ParentRunner$1.schedule(ParentRunner.java:63)
	at org.junit.runners.ParentRunner.runChildren(ParentRunner.java:236)
	at org.junit.runners.ParentRunner.access$000(ParentRunner.java:53)
	at org.junit.runners.ParentRunner$2.evaluate(ParentRunner.java:229)
	at org.junit.internal.runners.statements.RunBefores.evaluate(RunBefores.java:26)
	at org.springframework.test.context.junit4.statements.RunBeforeTestClassCallbacks.evaluate(RunBeforeTestClassCallbacks.java:61)
	at org.springframework.test.context.junit4.statements.RunAfterTestClassCallbacks.evaluate(RunAfterTestClassCallbacks.java:71)
	at org.junit.runners.ParentRunner.run(ParentRunner.java:309)
	at org.springframework.test.context.junit4.SpringJUnit4ClassRunner.run(SpringJUnit4ClassRunner.java:176)
	at org.gradle.api.internal.tasks.testing.junit.JUnitTestClassExecuter.runTestClass(JUnitTestClassExecuter.java:86)
	at org.gradle.api.internal.tasks.testing.junit.JUnitTestClassExecuter.execute(JUnitTestClassExecuter.java:49)
	at org.gradle.api.internal.tasks.testing.junit.JUnitTestClassProcessor.processTestClass(JUnitTestClassProcessor.java:64)
	at org.gradle.api.internal.tasks.testing.SuiteTestClassProcessor.processTestClass(SuiteTestClassProcessor.java:50)
	at sun.reflect.NativeMethodAccessorImpl.invoke0(Native Method)
	at sun.reflect.NativeMethodAccessorImpl.invoke(NativeMethodAccessorImpl.java:57)
	at sun.reflect.DelegatingMethodAccessorImpl.invoke(DelegatingMethodAccessorImpl.java:43)
	at java.lang.reflect.Method.invoke(Method.java:606)
	at org.gradle.messaging.dispatch.ReflectionDispatch.dispatch(ReflectionDispatch.java:35)
	at org.gradle.messaging.dispatch.ReflectionDispatch.dispatch(ReflectionDispatch.java:24)
	at org.gradle.messaging.dispatch.ContextClassLoaderDispatch.dispatch(ContextClassLoaderDispatch.java:32)
	at org.gradle.messaging.dispatch.ProxyDispatchAdapter$DispatchingInvocationHandler.invoke(ProxyDispatchAdapter.java:93)
	at com.sun.proxy.$Proxy2.processTestClass(Unknown Source)
	at org.gradle.api.internal.tasks.testing.worker.TestWorker.processTestClass(TestWorker.java:106)
	at sun.reflect.NativeMethodAccessorImpl.invoke0(Native Method)
	at sun.reflect.NativeMethodAccessorImpl.invoke(NativeMethodAccessorImpl.java:57)
	at sun.reflect.DelegatingMethodAccessorImpl.invoke(DelegatingMethodAccessorImpl.java:43)
	at java.lang.reflect.Method.invoke(Method.java:606)
	at org.gradle.messaging.dispatch.ReflectionDispatch.dispatch(ReflectionDispatch.java:35)
	at org.gradle.messaging.dispatch.ReflectionDispatch.dispatch(ReflectionDispatch.java:24)
	at org.gradle.messaging.remote.internal.hub.MessageHub$Handler.run(MessageHub.java:360)
	at org.gradle.internal.concurrent.DefaultExecutorFactory$StoppableExecutorImpl$1.run(DefaultExecutorFactory.java:64)
	at java.util.concurrent.ThreadPoolExecutor.runWorker(ThreadPoolExecutor.java:1145)
	at java.util.concurrent.ThreadPoolExecutor$Worker.run(ThreadPoolExecutor.java:615)
	at java.lang.Thread.run(Thread.java:745)
]]></system-err>
</testsuite>
